/** -------------------------------------------------
 ** Algorithm:   Tilde
 ** Output type: out
 ** Date:        8/3/2016 14:4:28
 ** ACE version: 1.2.20
 ** Hardware:    sumit-Lenovo-G505s : x86_64 running Linux
 ** -------------------------------------------------
 ** Settings:
 **
 ** Common ** 
 *  heuristic : gainratio (default) 
 *  tilde_mode : regression 
 *  intra_literal_sharing : yes (default) 
 *  query_batch_size : default (default) 
 *  single_query_generation : no (default) 
 *  inst_generation_prob : 1.0 (default) 
 *  rmode_inst_generation_prob : 1.0 (default) 
 *  query_sample_probability : 1.0 (default) 
 *  query_sample_algo : smart (default) 
 *  aggregate_refiners : no (default) 
 *  aggregate_recursion : no (default) 
 *  aggregate_maxconjuncts : 2 (default) 
 *  aggregate_lookahead : no (default) 
 *  aggregate_refinement : no (default) 
 *  example_cache : 102400 (default) 
 *  select_root_models : on (default) 
 *  write_predictions : [] (default) 
 *  compatibility : ace1.1 (default) 
 *  max_query_len : inf (default) 
 *  log_pid : off (default) 
 *  nsplit_unsorted_fractions : 0 (default) 
 *  nsplit_sorting : basic (default) 
 *  nsplit_version : basic (default) 
 *  nsplit_talking : off (default) 
 *  discretize : entropy (default) 
 *  transform_queries : once (default) 
 *  output_dir : default (default) 
 *  bg_file : default (default) 
 *  kb_file : default (default) 
 *  randomise : none (default) 
 *  report_timings : off (default) 
 *  default_prefix : off (default) 
 *  default_min : 1 (default) 
 *  default_preprocessing : off (default) 
 *  mi_distance_maxsample : 100 (default) 
 *  language_warnings : on (default) 
 *  expert_implicit_language : off (default) 
 *  granularity : 10 (default) 
 *  leave_out : is_test_model 
 *  classes : [] (default) 
 *  use_packs : ilp (default) 
 *  outerloop : queries (default) 
 *  talking : 2 
 *  load : examples 
 ** Tilde ** 
 *  combining_rules_EMiters : 10 (default) 
 *  combining_rules_EMruns : 5 (default) 
 *  combining_rules : off (default) 
 *  write_ensemble_models : [] (default) 
 *  tilde_maxdepth : inf (default) 
 *  exhaustive_lookahead : 0 (default) 
 *  query_length_bias : short (default) 
 *  special_min : 0.0 (default) 
 *  out_of_bag : no (default) 
 *  roulette_wheel_selection : no (default) 
 *  tilde_rst_optimization : no (default) 
 *  repeat_exec_time : 1 (default) 
 *  combination_rule : sum (default) 
 *  show_averages : 1 (default) 
 *  classify_mode : 0 (default) 
 *  complexity_penalty : 1.0 (default) 
 *  precompute : [] (default) 
 *  resume : off (default) 
 *  m_estimate : none (default) 
 *  output_options : [c45e,prolog,roc01,elaborate] 
 *  prune_rules : false (default) 
 *  confidence_level : 1 
 *  random_test_set : 0.2 
 *  random_validation_set : 0.2 
 *  stopping_criterion : mincases (default) 
 *  pruning : vsb 
 *  discretization : none (default) 
 *  multiscore_2 : off (default) 
 *  multiscore : off (default) 
 *  sampling_strategy : fixed(1000) (default) 
 *  max_querytime : 100 (default) 
 *  accuracy : 1 
 *  tilde_test_eval_model : std (default) 
 *  minimal_cases : 1 
 *  ftest : 0.05 (default) 
 *  tilde_version : 3.0 (default) 
 ************** 
 ** Language:
 **
 ** WARMODE BIAS ** 
 ** RMODE BIAS ** 
 *  rmode((action(#[near],+-A,+-B),not(A==B))) 
 *  rmode(bowl(+-A)) 
 *  rmode((bowl(+-A),action(#[near],A,+-B),A\==B)) 
 *  rmode((bowl(+-A),bowl(+-B),action(#[near],A,B),A\==B)) 
 *  rmode((bowl(+-A),bowl(+-B),done,A\==B)) 
 *  rmode((bowl(+-A),bowl(+-B),near(A,B),not(A==B))) 
 *  rmode((bowl(+-A),bowl(+-B),near(A,B),action(#[near],A,B),A\==B)) 
 *  rmode((bowl(+-A),bowl(+-B),near(A,B),action(#[near],B,A),A\==B)) 
 *  rmode((bowl(+-A),bowl(+-B),near(A,B),done,A\==B)) 
 *  rmode((bowl(+-A),bowl(+-B),not_near(A,B),not(A==B))) 
 *  rmode((bowl(+-A),bowl(+-B),not_near(A,B),action(#[near],A,B),A\==B)) 
 *  rmode((bowl(+-A),bowl(+-B),not_near(A,B),action(#[near],B,A),A\==B)) 
 *  rmode((bowl(+-A),bowl(+-B),not_near(A,B),done,A\==B)) 
 *  rmode((bowl(+-A),done)) 
 *  rmode((bowl(+-A),fork(+-B),action(#[near],A,B),A\==B)) 
 *  rmode((bowl(+-A),fork(+-B),done,A\==B)) 
 *  rmode((bowl(+-A),fork(+-B),near(A,B),not(A==B))) 
 *  rmode((bowl(+-A),fork(+-B),near(A,B),action(#[near],A,B),A\==B)) 
 *  rmode((bowl(+-A),fork(+-B),near(A,B),action(#[near],B,A),A\==B)) 
 *  rmode((bowl(+-A),fork(+-B),near(A,B),done,A\==B)) 
 *  rmode((bowl(+-A),fork(+-B),not_near(A,B),not(A==B))) 
 *  rmode((bowl(+-A),fork(+-B),not_near(A,B),action(#[near],A,B),A\==B)) 
 *  rmode((bowl(+-A),fork(+-B),not_near(A,B),action(#[near],B,A),A\==B)) 
 *  rmode((bowl(+-A),fork(+-B),not_near(A,B),done,A\==B)) 
 *  rmode((bowl(+-A),near(A,+-B),not(A==B))) 
 *  rmode((bowl(+-A),near(A,+-B),action(#[near],A,B),A\==B)) 
 *  rmode((bowl(+-A),near(A,+-B),action(#[near],B,A),A\==B)) 
 *  rmode((bowl(+-A),near(A,+-B),done,A\==B)) 
 *  rmode((bowl(+-A),not_bowl(+-B),action(#[near],A,B),A\==B)) 
 *  rmode((bowl(+-A),not_bowl(+-B),done,A\==B)) 
 *  rmode((bowl(+-A),not_bowl(+-B),near(A,B),not(A==B))) 
 *  rmode((bowl(+-A),not_bowl(+-B),near(A,B),action(#[near],A,B),A\==B)) 
 *  rmode((bowl(+-A),not_bowl(+-B),near(A,B),action(#[near],B,A),A\==B)) 
 *  rmode((bowl(+-A),not_bowl(+-B),near(A,B),done,A\==B)) 
 *  rmode((bowl(+-A),not_bowl(+-B),not_near(A,B),not(A==B))) 
 *  rmode((bowl(+-A),not_bowl(+-B),not_near(A,B),action(#[near],A,B),A\==B)) 
 *  rmode((bowl(+-A),not_bowl(+-B),not_near(A,B),action(#[near],B,A),A\==B)) 
 *  rmode((bowl(+-A),not_bowl(+-B),not_near(A,B),done,A\==B)) 
 *  rmode((bowl(+-A),not_fork(+-B),action(#[near],A,B),A\==B)) 
 *  rmode((bowl(+-A),not_fork(+-B),done,A\==B)) 
 *  rmode((bowl(+-A),not_fork(+-B),near(A,B),not(A==B))) 
 *  rmode((bowl(+-A),not_fork(+-B),near(A,B),action(#[near],A,B),A\==B)) 
 *  rmode((bowl(+-A),not_fork(+-B),near(A,B),action(#[near],B,A),A\==B)) 
 *  rmode((bowl(+-A),not_fork(+-B),near(A,B),done,A\==B)) 
 *  rmode((bowl(+-A),not_fork(+-B),not_near(A,B),not(A==B))) 
 *  rmode((bowl(+-A),not_fork(+-B),not_near(A,B),action(#[near],A,B),A\==B)) 
 *  rmode((bowl(+-A),not_fork(+-B),not_near(A,B),action(#[near],B,A),A\==B)) 
 *  rmode((bowl(+-A),not_fork(+-B),not_near(A,B),done,A\==B)) 
 *  rmode((bowl(+-A),not_near(A,+-B),not(A==B))) 
 *  rmode((bowl(+-A),not_near(A,+-B),action(#[near],A,B),A\==B)) 
 *  rmode((bowl(+-A),not_near(A,+-B),action(#[near],B,A),A\==B)) 
 *  rmode((bowl(+-A),not_near(A,+-B),done,A\==B)) 
 *  rmode((bowl(+-A),not_plate(+-B),action(#[near],A,B),A\==B)) 
 *  rmode((bowl(+-A),not_plate(+-B),done,A\==B)) 
 *  rmode((bowl(+-A),not_plate(+-B),near(A,B),not(A==B))) 
 *  rmode((bowl(+-A),not_plate(+-B),near(A,B),action(#[near],A,B),A\==B)) 
 *  rmode((bowl(+-A),not_plate(+-B),near(A,B),action(#[near],B,A),A\==B)) 
 *  rmode((bowl(+-A),not_plate(+-B),near(A,B),done,A\==B)) 
 *  rmode((bowl(+-A),not_plate(+-B),not_near(A,B),not(A==B))) 
 *  rmode((bowl(+-A),not_plate(+-B),not_near(A,B),action(#[near],A,B),A\==B)) 
 *  rmode((bowl(+-A),not_plate(+-B),not_near(A,B),action(#[near],B,A),A\==B)) 
 *  rmode((bowl(+-A),not_plate(+-B),not_near(A,B),done,A\==B)) 
 *  rmode((bowl(+-A),not_spoon(+-B),action(#[near],A,B),A\==B)) 
 *  rmode((bowl(+-A),not_spoon(+-B),done,A\==B)) 
 *  rmode((bowl(+-A),not_spoon(+-B),near(A,B),not(A==B))) 
 *  rmode((bowl(+-A),not_spoon(+-B),near(A,B),action(#[near],A,B),A\==B)) 
 *  rmode((bowl(+-A),not_spoon(+-B),near(A,B),action(#[near],B,A),A\==B)) 
 *  rmode((bowl(+-A),not_spoon(+-B),near(A,B),done,A\==B)) 
 *  rmode((bowl(+-A),not_spoon(+-B),not_near(A,B),not(A==B))) 
 *  rmode((bowl(+-A),not_spoon(+-B),not_near(A,B),action(#[near],A,B),A\==B)) 
 *  rmode((bowl(+-A),not_spoon(+-B),not_near(A,B),action(#[near],B,A),A\==B)) 
 *  rmode((bowl(+-A),not_spoon(+-B),not_near(A,B),done,A\==B)) 
 *  rmode((bowl(+-A),plate(+-B),action(#[near],A,B),A\==B)) 
 *  rmode((bowl(+-A),plate(+-B),done,A\==B)) 
 *  rmode((bowl(+-A),plate(+-B),near(A,B),not(A==B))) 
 *  rmode((bowl(+-A),plate(+-B),near(A,B),action(#[near],A,B),A\==B)) 
 *  rmode((bowl(+-A),plate(+-B),near(A,B),action(#[near],B,A),A\==B)) 
 *  rmode((bowl(+-A),plate(+-B),near(A,B),done,A\==B)) 
 *  rmode((bowl(+-A),plate(+-B),not_near(A,B),not(A==B))) 
 *  rmode((bowl(+-A),plate(+-B),not_near(A,B),action(#[near],A,B),A\==B)) 
 *  rmode((bowl(+-A),plate(+-B),not_near(A,B),action(#[near],B,A),A\==B)) 
 *  rmode((bowl(+-A),plate(+-B),not_near(A,B),done,A\==B)) 
 *  rmode((bowl(+-A),spoon(+-B),action(#[near],A,B),A\==B)) 
 *  rmode((bowl(+-A),spoon(+-B),done,A\==B)) 
 *  rmode((bowl(+-A),spoon(+-B),near(A,B),not(A==B))) 
 *  rmode((bowl(+-A),spoon(+-B),near(A,B),action(#[near],A,B),A\==B)) 
 *  rmode((bowl(+-A),spoon(+-B),near(A,B),action(#[near],B,A),A\==B)) 
 *  rmode((bowl(+-A),spoon(+-B),near(A,B),done,A\==B)) 
 *  rmode((bowl(+-A),spoon(+-B),not_near(A,B),not(A==B))) 
 *  rmode((bowl(+-A),spoon(+-B),not_near(A,B),action(#[near],A,B),A\==B)) 
 *  rmode((bowl(+-A),spoon(+-B),not_near(A,B),action(#[near],B,A),A\==B)) 
 *  rmode((bowl(+-A),spoon(+-B),not_near(A,B),done,A\==B)) 
 *  rmode((bowl(+-A),action(#[near],+-B,A),B\==A)) 
 *  rmode((bowl(+-A),near(+-B,A),not(B==A))) 
 *  rmode((bowl(+-A),near(+-B,A),action(#[near],B,A),B\==A)) 
 *  rmode((bowl(+-A),near(+-B,A),action(#[near],A,B),B\==A)) 
 *  rmode((bowl(+-A),near(+-B,A),done,B\==A)) 
 *  rmode((bowl(+-A),not_near(+-B,A),not(B==A))) 
 *  rmode((bowl(+-A),not_near(+-B,A),action(#[near],B,A),B\==A)) 
 *  rmode((bowl(+-A),not_near(+-B,A),action(#[near],A,B),B\==A)) 
 *  rmode((bowl(+-A),not_near(+-B,A),done,B\==A)) 
 *  rmode(done) 
 *  rmode(fork(+-A)) 
 *  rmode((fork(+-A),action(#[near],A,+-B),A\==B)) 
 *  rmode((fork(+-A),bowl(+-B),action(#[near],A,B),A\==B)) 
 *  rmode((fork(+-A),bowl(+-B),done,A\==B)) 
 *  rmode((fork(+-A),bowl(+-B),near(A,B),not(A==B))) 
 *  rmode((fork(+-A),bowl(+-B),near(A,B),action(#[near],A,B),A\==B)) 
 *  rmode((fork(+-A),bowl(+-B),near(A,B),action(#[near],B,A),A\==B)) 
 *  rmode((fork(+-A),bowl(+-B),near(A,B),done,A\==B)) 
 *  rmode((fork(+-A),bowl(+-B),not_near(A,B),not(A==B))) 
 *  rmode((fork(+-A),bowl(+-B),not_near(A,B),action(#[near],A,B),A\==B)) 
 *  rmode((fork(+-A),bowl(+-B),not_near(A,B),action(#[near],B,A),A\==B)) 
 *  rmode((fork(+-A),bowl(+-B),not_near(A,B),done,A\==B)) 
 *  rmode((fork(+-A),done)) 
 *  rmode((fork(+-A),fork(+-B),action(#[near],A,B),A\==B)) 
 *  rmode((fork(+-A),fork(+-B),done,A\==B)) 
 *  rmode((fork(+-A),fork(+-B),near(A,B),not(A==B))) 
 *  rmode((fork(+-A),fork(+-B),near(A,B),action(#[near],A,B),A\==B)) 
 *  rmode((fork(+-A),fork(+-B),near(A,B),action(#[near],B,A),A\==B)) 
 *  rmode((fork(+-A),fork(+-B),near(A,B),done,A\==B)) 
 *  rmode((fork(+-A),fork(+-B),not_near(A,B),not(A==B))) 
 *  rmode((fork(+-A),fork(+-B),not_near(A,B),action(#[near],A,B),A\==B)) 
 *  rmode((fork(+-A),fork(+-B),not_near(A,B),action(#[near],B,A),A\==B)) 
 *  rmode((fork(+-A),fork(+-B),not_near(A,B),done,A\==B)) 
 *  rmode((fork(+-A),near(A,+-B),not(A==B))) 
 *  rmode((fork(+-A),near(A,+-B),action(#[near],A,B),A\==B)) 
 *  rmode((fork(+-A),near(A,+-B),action(#[near],B,A),A\==B)) 
 *  rmode((fork(+-A),near(A,+-B),done,A\==B)) 
 *  rmode((fork(+-A),not_bowl(+-B),action(#[near],A,B),A\==B)) 
 *  rmode((fork(+-A),not_bowl(+-B),done,A\==B)) 
 *  rmode((fork(+-A),not_bowl(+-B),near(A,B),not(A==B))) 
 *  rmode((fork(+-A),not_bowl(+-B),near(A,B),action(#[near],A,B),A\==B)) 
 *  rmode((fork(+-A),not_bowl(+-B),near(A,B),action(#[near],B,A),A\==B)) 
 *  rmode((fork(+-A),not_bowl(+-B),near(A,B),done,A\==B)) 
 *  rmode((fork(+-A),not_bowl(+-B),not_near(A,B),not(A==B))) 
 *  rmode((fork(+-A),not_bowl(+-B),not_near(A,B),action(#[near],A,B),A\==B)) 
 *  rmode((fork(+-A),not_bowl(+-B),not_near(A,B),action(#[near],B,A),A\==B)) 
 *  rmode((fork(+-A),not_bowl(+-B),not_near(A,B),done,A\==B)) 
 *  rmode((fork(+-A),not_fork(+-B),action(#[near],A,B),A\==B)) 
 *  rmode((fork(+-A),not_fork(+-B),done,A\==B)) 
 *  rmode((fork(+-A),not_fork(+-B),near(A,B),not(A==B))) 
 *  rmode((fork(+-A),not_fork(+-B),near(A,B),action(#[near],A,B),A\==B)) 
 *  rmode((fork(+-A),not_fork(+-B),near(A,B),action(#[near],B,A),A\==B)) 
 *  rmode((fork(+-A),not_fork(+-B),near(A,B),done,A\==B)) 
 *  rmode((fork(+-A),not_fork(+-B),not_near(A,B),not(A==B))) 
 *  rmode((fork(+-A),not_fork(+-B),not_near(A,B),action(#[near],A,B),A\==B)) 
 *  rmode((fork(+-A),not_fork(+-B),not_near(A,B),action(#[near],B,A),A\==B)) 
 *  rmode((fork(+-A),not_fork(+-B),not_near(A,B),done,A\==B)) 
 *  rmode((fork(+-A),not_near(A,+-B),not(A==B))) 
 *  rmode((fork(+-A),not_near(A,+-B),action(#[near],A,B),A\==B)) 
 *  rmode((fork(+-A),not_near(A,+-B),action(#[near],B,A),A\==B)) 
 *  rmode((fork(+-A),not_near(A,+-B),done,A\==B)) 
 *  rmode((fork(+-A),not_plate(+-B),action(#[near],A,B),A\==B)) 
 *  rmode((fork(+-A),not_plate(+-B),done,A\==B)) 
 *  rmode((fork(+-A),not_plate(+-B),near(A,B),not(A==B))) 
 *  rmode((fork(+-A),not_plate(+-B),near(A,B),action(#[near],A,B),A\==B)) 
 *  rmode((fork(+-A),not_plate(+-B),near(A,B),action(#[near],B,A),A\==B)) 
 *  rmode((fork(+-A),not_plate(+-B),near(A,B),done,A\==B)) 
 *  rmode((fork(+-A),not_plate(+-B),not_near(A,B),not(A==B))) 
 *  rmode((fork(+-A),not_plate(+-B),not_near(A,B),action(#[near],A,B),A\==B)) 
 *  rmode((fork(+-A),not_plate(+-B),not_near(A,B),action(#[near],B,A),A\==B)) 
 *  rmode((fork(+-A),not_plate(+-B),not_near(A,B),done,A\==B)) 
 *  rmode((fork(+-A),not_spoon(+-B),action(#[near],A,B),A\==B)) 
 *  rmode((fork(+-A),not_spoon(+-B),done,A\==B)) 
 *  rmode((fork(+-A),not_spoon(+-B),near(A,B),not(A==B))) 
 *  rmode((fork(+-A),not_spoon(+-B),near(A,B),action(#[near],A,B),A\==B)) 
 *  rmode((fork(+-A),not_spoon(+-B),near(A,B),action(#[near],B,A),A\==B)) 
 *  rmode((fork(+-A),not_spoon(+-B),near(A,B),done,A\==B)) 
 *  rmode((fork(+-A),not_spoon(+-B),not_near(A,B),not(A==B))) 
 *  rmode((fork(+-A),not_spoon(+-B),not_near(A,B),action(#[near],A,B),A\==B)) 
 *  rmode((fork(+-A),not_spoon(+-B),not_near(A,B),action(#[near],B,A),A\==B)) 
 *  rmode((fork(+-A),not_spoon(+-B),not_near(A,B),done,A\==B)) 
 *  rmode((fork(+-A),plate(+-B),action(#[near],A,B),A\==B)) 
 *  rmode((fork(+-A),plate(+-B),done,A\==B)) 
 *  rmode((fork(+-A),plate(+-B),near(A,B),not(A==B))) 
 *  rmode((fork(+-A),plate(+-B),near(A,B),action(#[near],A,B),A\==B)) 
 *  rmode((fork(+-A),plate(+-B),near(A,B),action(#[near],B,A),A\==B)) 
 *  rmode((fork(+-A),plate(+-B),near(A,B),done,A\==B)) 
 *  rmode((fork(+-A),plate(+-B),not_near(A,B),not(A==B))) 
 *  rmode((fork(+-A),plate(+-B),not_near(A,B),action(#[near],A,B),A\==B)) 
 *  rmode((fork(+-A),plate(+-B),not_near(A,B),action(#[near],B,A),A\==B)) 
 *  rmode((fork(+-A),plate(+-B),not_near(A,B),done,A\==B)) 
 *  rmode((fork(+-A),spoon(+-B),action(#[near],A,B),A\==B)) 
 *  rmode((fork(+-A),spoon(+-B),done,A\==B)) 
 *  rmode((fork(+-A),spoon(+-B),near(A,B),not(A==B))) 
 *  rmode((fork(+-A),spoon(+-B),near(A,B),action(#[near],A,B),A\==B)) 
 *  rmode((fork(+-A),spoon(+-B),near(A,B),action(#[near],B,A),A\==B)) 
 *  rmode((fork(+-A),spoon(+-B),near(A,B),done,A\==B)) 
 *  rmode((fork(+-A),spoon(+-B),not_near(A,B),not(A==B))) 
 *  rmode((fork(+-A),spoon(+-B),not_near(A,B),action(#[near],A,B),A\==B)) 
 *  rmode((fork(+-A),spoon(+-B),not_near(A,B),action(#[near],B,A),A\==B)) 
 *  rmode((fork(+-A),spoon(+-B),not_near(A,B),done,A\==B)) 
 *  rmode((fork(+-A),action(#[near],+-B,A),B\==A)) 
 *  rmode((fork(+-A),near(+-B,A),not(B==A))) 
 *  rmode((fork(+-A),near(+-B,A),action(#[near],B,A),B\==A)) 
 *  rmode((fork(+-A),near(+-B,A),action(#[near],A,B),B\==A)) 
 *  rmode((fork(+-A),near(+-B,A),done,B\==A)) 
 *  rmode((fork(+-A),not_near(+-B,A),not(B==A))) 
 *  rmode((fork(+-A),not_near(+-B,A),action(#[near],B,A),B\==A)) 
 *  rmode((fork(+-A),not_near(+-B,A),action(#[near],A,B),B\==A)) 
 *  rmode((fork(+-A),not_near(+-B,A),done,B\==A)) 
 *  rmode((near(+-A,+-B),not(A==B))) 
 *  rmode(not_bowl(+-A)) 
 *  rmode((not_bowl(+-A),action(#[near],A,+-B),A\==B)) 
 *  rmode((not_bowl(+-A),bowl(+-B),action(#[near],A,B),A\==B)) 
 *  rmode((not_bowl(+-A),bowl(+-B),done,A\==B)) 
 *  rmode((not_bowl(+-A),bowl(+-B),near(A,B),not(A==B))) 
 *  rmode((not_bowl(+-A),bowl(+-B),near(A,B),action(#[near],A,B),A\==B)) 
 *  rmode((not_bowl(+-A),bowl(+-B),near(A,B),action(#[near],B,A),A\==B)) 
 *  rmode((not_bowl(+-A),bowl(+-B),near(A,B),done,A\==B)) 
 *  rmode((not_bowl(+-A),bowl(+-B),not_near(A,B),not(A==B))) 
 *  rmode((not_bowl(+-A),bowl(+-B),not_near(A,B),action(#[near],A,B),A\==B)) 
 *  rmode((not_bowl(+-A),bowl(+-B),not_near(A,B),action(#[near],B,A),A\==B)) 
 *  rmode((not_bowl(+-A),bowl(+-B),not_near(A,B),done,A\==B)) 
 *  rmode((not_bowl(+-A),done)) 
 *  rmode((not_bowl(+-A),fork(+-B),action(#[near],A,B),A\==B)) 
 *  rmode((not_bowl(+-A),fork(+-B),done,A\==B)) 
 *  rmode((not_bowl(+-A),fork(+-B),near(A,B),not(A==B))) 
 *  rmode((not_bowl(+-A),fork(+-B),near(A,B),action(#[near],A,B),A\==B)) 
 *  rmode((not_bowl(+-A),fork(+-B),near(A,B),action(#[near],B,A),A\==B)) 
 *  rmode((not_bowl(+-A),fork(+-B),near(A,B),done,A\==B)) 
 *  rmode((not_bowl(+-A),fork(+-B),not_near(A,B),not(A==B))) 
 *  rmode((not_bowl(+-A),fork(+-B),not_near(A,B),action(#[near],A,B),A\==B)) 
 *  rmode((not_bowl(+-A),fork(+-B),not_near(A,B),action(#[near],B,A),A\==B)) 
 *  rmode((not_bowl(+-A),fork(+-B),not_near(A,B),done,A\==B)) 
 *  rmode((not_bowl(+-A),near(A,+-B),not(A==B))) 
 *  rmode((not_bowl(+-A),near(A,+-B),action(#[near],A,B),A\==B)) 
 *  rmode((not_bowl(+-A),near(A,+-B),action(#[near],B,A),A\==B)) 
 *  rmode((not_bowl(+-A),near(A,+-B),done,A\==B)) 
 *  rmode((not_bowl(+-A),not_bowl(+-B),action(#[near],A,B),A\==B)) 
 *  rmode((not_bowl(+-A),not_bowl(+-B),done,A\==B)) 
 *  rmode((not_bowl(+-A),not_bowl(+-B),near(A,B),not(A==B))) 
 *  rmode((not_bowl(+-A),not_bowl(+-B),near(A,B),action(#[near],A,B),A\==B)) 
 *  rmode((not_bowl(+-A),not_bowl(+-B),near(A,B),action(#[near],B,A),A\==B)) 
 *  rmode((not_bowl(+-A),not_bowl(+-B),near(A,B),done,A\==B)) 
 *  rmode((not_bowl(+-A),not_bowl(+-B),not_near(A,B),not(A==B))) 
 *  rmode((not_bowl(+-A),not_bowl(+-B),not_near(A,B),action(#[near],A,B),A\==B)) 
 *  rmode((not_bowl(+-A),not_bowl(+-B),not_near(A,B),action(#[near],B,A),A\==B)) 
 *  rmode((not_bowl(+-A),not_bowl(+-B),not_near(A,B),done,A\==B)) 
 *  rmode((not_bowl(+-A),not_fork(+-B),action(#[near],A,B),A\==B)) 
 *  rmode((not_bowl(+-A),not_fork(+-B),done,A\==B)) 
 *  rmode((not_bowl(+-A),not_fork(+-B),near(A,B),not(A==B))) 
 *  rmode((not_bowl(+-A),not_fork(+-B),near(A,B),action(#[near],A,B),A\==B)) 
 *  rmode((not_bowl(+-A),not_fork(+-B),near(A,B),action(#[near],B,A),A\==B)) 
 *  rmode((not_bowl(+-A),not_fork(+-B),near(A,B),done,A\==B)) 
 *  rmode((not_bowl(+-A),not_fork(+-B),not_near(A,B),not(A==B))) 
 *  rmode((not_bowl(+-A),not_fork(+-B),not_near(A,B),action(#[near],A,B),A\==B)) 
 *  rmode((not_bowl(+-A),not_fork(+-B),not_near(A,B),action(#[near],B,A),A\==B)) 
 *  rmode((not_bowl(+-A),not_fork(+-B),not_near(A,B),done,A\==B)) 
 *  rmode((not_bowl(+-A),not_near(A,+-B),not(A==B))) 
 *  rmode((not_bowl(+-A),not_near(A,+-B),action(#[near],A,B),A\==B)) 
 *  rmode((not_bowl(+-A),not_near(A,+-B),action(#[near],B,A),A\==B)) 
 *  rmode((not_bowl(+-A),not_near(A,+-B),done,A\==B)) 
 *  rmode((not_bowl(+-A),not_plate(+-B),action(#[near],A,B),A\==B)) 
 *  rmode((not_bowl(+-A),not_plate(+-B),done,A\==B)) 
 *  rmode((not_bowl(+-A),not_plate(+-B),near(A,B),not(A==B))) 
 *  rmode((not_bowl(+-A),not_plate(+-B),near(A,B),action(#[near],A,B),A\==B)) 
 *  rmode((not_bowl(+-A),not_plate(+-B),near(A,B),action(#[near],B,A),A\==B)) 
 *  rmode((not_bowl(+-A),not_plate(+-B),near(A,B),done,A\==B)) 
 *  rmode((not_bowl(+-A),not_plate(+-B),not_near(A,B),not(A==B))) 
 *  rmode((not_bowl(+-A),not_plate(+-B),not_near(A,B),action(#[near],A,B),A\==B)) 
 *  rmode((not_bowl(+-A),not_plate(+-B),not_near(A,B),action(#[near],B,A),A\==B)) 
 *  rmode((not_bowl(+-A),not_plate(+-B),not_near(A,B),done,A\==B)) 
 *  rmode((not_bowl(+-A),not_spoon(+-B),action(#[near],A,B),A\==B)) 
 *  rmode((not_bowl(+-A),not_spoon(+-B),done,A\==B)) 
 *  rmode((not_bowl(+-A),not_spoon(+-B),near(A,B),not(A==B))) 
 *  rmode((not_bowl(+-A),not_spoon(+-B),near(A,B),action(#[near],A,B),A\==B)) 
 *  rmode((not_bowl(+-A),not_spoon(+-B),near(A,B),action(#[near],B,A),A\==B)) 
 *  rmode((not_bowl(+-A),not_spoon(+-B),near(A,B),done,A\==B)) 
 *  rmode((not_bowl(+-A),not_spoon(+-B),not_near(A,B),not(A==B))) 
 *  rmode((not_bowl(+-A),not_spoon(+-B),not_near(A,B),action(#[near],A,B),A\==B)) 
 *  rmode((not_bowl(+-A),not_spoon(+-B),not_near(A,B),action(#[near],B,A),A\==B)) 
 *  rmode((not_bowl(+-A),not_spoon(+-B),not_near(A,B),done,A\==B)) 
 *  rmode((not_bowl(+-A),plate(+-B),action(#[near],A,B),A\==B)) 
 *  rmode((not_bowl(+-A),plate(+-B),done,A\==B)) 
 *  rmode((not_bowl(+-A),plate(+-B),near(A,B),not(A==B))) 
 *  rmode((not_bowl(+-A),plate(+-B),near(A,B),action(#[near],A,B),A\==B)) 
 *  rmode((not_bowl(+-A),plate(+-B),near(A,B),action(#[near],B,A),A\==B)) 
 *  rmode((not_bowl(+-A),plate(+-B),near(A,B),done,A\==B)) 
 *  rmode((not_bowl(+-A),plate(+-B),not_near(A,B),not(A==B))) 
 *  rmode((not_bowl(+-A),plate(+-B),not_near(A,B),action(#[near],A,B),A\==B)) 
 *  rmode((not_bowl(+-A),plate(+-B),not_near(A,B),action(#[near],B,A),A\==B)) 
 *  rmode((not_bowl(+-A),plate(+-B),not_near(A,B),done,A\==B)) 
 *  rmode((not_bowl(+-A),spoon(+-B),action(#[near],A,B),A\==B)) 
 *  rmode((not_bowl(+-A),spoon(+-B),done,A\==B)) 
 *  rmode((not_bowl(+-A),spoon(+-B),near(A,B),not(A==B))) 
 *  rmode((not_bowl(+-A),spoon(+-B),near(A,B),action(#[near],A,B),A\==B)) 
 *  rmode((not_bowl(+-A),spoon(+-B),near(A,B),action(#[near],B,A),A\==B)) 
 *  rmode((not_bowl(+-A),spoon(+-B),near(A,B),done,A\==B)) 
 *  rmode((not_bowl(+-A),spoon(+-B),not_near(A,B),not(A==B))) 
 *  rmode((not_bowl(+-A),spoon(+-B),not_near(A,B),action(#[near],A,B),A\==B)) 
 *  rmode((not_bowl(+-A),spoon(+-B),not_near(A,B),action(#[near],B,A),A\==B)) 
 *  rmode((not_bowl(+-A),spoon(+-B),not_near(A,B),done,A\==B)) 
 *  rmode((not_bowl(+-A),action(#[near],+-B,A),B\==A)) 
 *  rmode((not_bowl(+-A),near(+-B,A),not(B==A))) 
 *  rmode((not_bowl(+-A),near(+-B,A),action(#[near],B,A),B\==A)) 
 *  rmode((not_bowl(+-A),near(+-B,A),action(#[near],A,B),B\==A)) 
 *  rmode((not_bowl(+-A),near(+-B,A),done,B\==A)) 
 *  rmode((not_bowl(+-A),not_near(+-B,A),not(B==A))) 
 *  rmode((not_bowl(+-A),not_near(+-B,A),action(#[near],B,A),B\==A)) 
 *  rmode((not_bowl(+-A),not_near(+-B,A),action(#[near],A,B),B\==A)) 
 *  rmode((not_bowl(+-A),not_near(+-B,A),done,B\==A)) 
 *  rmode(not_fork(+-A)) 
 *  rmode((not_fork(+-A),action(#[near],A,+-B),A\==B)) 
 *  rmode((not_fork(+-A),bowl(+-B),action(#[near],A,B),A\==B)) 
 *  rmode((not_fork(+-A),bowl(+-B),done,A\==B)) 
 *  rmode((not_fork(+-A),bowl(+-B),near(A,B),not(A==B))) 
 *  rmode((not_fork(+-A),bowl(+-B),near(A,B),action(#[near],A,B),A\==B)) 
 *  rmode((not_fork(+-A),bowl(+-B),near(A,B),action(#[near],B,A),A\==B)) 
 *  rmode((not_fork(+-A),bowl(+-B),near(A,B),done,A\==B)) 
 *  rmode((not_fork(+-A),bowl(+-B),not_near(A,B),not(A==B))) 
 *  rmode((not_fork(+-A),bowl(+-B),not_near(A,B),action(#[near],A,B),A\==B)) 
 *  rmode((not_fork(+-A),bowl(+-B),not_near(A,B),action(#[near],B,A),A\==B)) 
 *  rmode((not_fork(+-A),bowl(+-B),not_near(A,B),done,A\==B)) 
 *  rmode((not_fork(+-A),done)) 
 *  rmode((not_fork(+-A),fork(+-B),action(#[near],A,B),A\==B)) 
 *  rmode((not_fork(+-A),fork(+-B),done,A\==B)) 
 *  rmode((not_fork(+-A),fork(+-B),near(A,B),not(A==B))) 
 *  rmode((not_fork(+-A),fork(+-B),near(A,B),action(#[near],A,B),A\==B)) 
 *  rmode((not_fork(+-A),fork(+-B),near(A,B),action(#[near],B,A),A\==B)) 
 *  rmode((not_fork(+-A),fork(+-B),near(A,B),done,A\==B)) 
 *  rmode((not_fork(+-A),fork(+-B),not_near(A,B),not(A==B))) 
 *  rmode((not_fork(+-A),fork(+-B),not_near(A,B),action(#[near],A,B),A\==B)) 
 *  rmode((not_fork(+-A),fork(+-B),not_near(A,B),action(#[near],B,A),A\==B)) 
 *  rmode((not_fork(+-A),fork(+-B),not_near(A,B),done,A\==B)) 
 *  rmode((not_fork(+-A),near(A,+-B),not(A==B))) 
 *  rmode((not_fork(+-A),near(A,+-B),action(#[near],A,B),A\==B)) 
 *  rmode((not_fork(+-A),near(A,+-B),action(#[near],B,A),A\==B)) 
 *  rmode((not_fork(+-A),near(A,+-B),done,A\==B)) 
 *  rmode((not_fork(+-A),not_bowl(+-B),action(#[near],A,B),A\==B)) 
 *  rmode((not_fork(+-A),not_bowl(+-B),done,A\==B)) 
 *  rmode((not_fork(+-A),not_bowl(+-B),near(A,B),not(A==B))) 
 *  rmode((not_fork(+-A),not_bowl(+-B),near(A,B),action(#[near],A,B),A\==B)) 
 *  rmode((not_fork(+-A),not_bowl(+-B),near(A,B),action(#[near],B,A),A\==B)) 
 *  rmode((not_fork(+-A),not_bowl(+-B),near(A,B),done,A\==B)) 
 *  rmode((not_fork(+-A),not_bowl(+-B),not_near(A,B),not(A==B))) 
 *  rmode((not_fork(+-A),not_bowl(+-B),not_near(A,B),action(#[near],A,B),A\==B)) 
 *  rmode((not_fork(+-A),not_bowl(+-B),not_near(A,B),action(#[near],B,A),A\==B)) 
 *  rmode((not_fork(+-A),not_bowl(+-B),not_near(A,B),done,A\==B)) 
 *  rmode((not_fork(+-A),not_fork(+-B),action(#[near],A,B),A\==B)) 
 *  rmode((not_fork(+-A),not_fork(+-B),done,A\==B)) 
 *  rmode((not_fork(+-A),not_fork(+-B),near(A,B),not(A==B))) 
 *  rmode((not_fork(+-A),not_fork(+-B),near(A,B),action(#[near],A,B),A\==B)) 
 *  rmode((not_fork(+-A),not_fork(+-B),near(A,B),action(#[near],B,A),A\==B)) 
 *  rmode((not_fork(+-A),not_fork(+-B),near(A,B),done,A\==B)) 
 *  rmode((not_fork(+-A),not_fork(+-B),not_near(A,B),not(A==B))) 
 *  rmode((not_fork(+-A),not_fork(+-B),not_near(A,B),action(#[near],A,B),A\==B)) 
 *  rmode((not_fork(+-A),not_fork(+-B),not_near(A,B),action(#[near],B,A),A\==B)) 
 *  rmode((not_fork(+-A),not_fork(+-B),not_near(A,B),done,A\==B)) 
 *  rmode((not_fork(+-A),not_near(A,+-B),not(A==B))) 
 *  rmode((not_fork(+-A),not_near(A,+-B),action(#[near],A,B),A\==B)) 
 *  rmode((not_fork(+-A),not_near(A,+-B),action(#[near],B,A),A\==B)) 
 *  rmode((not_fork(+-A),not_near(A,+-B),done,A\==B)) 
 *  rmode((not_fork(+-A),not_plate(+-B),action(#[near],A,B),A\==B)) 
 *  rmode((not_fork(+-A),not_plate(+-B),done,A\==B)) 
 *  rmode((not_fork(+-A),not_plate(+-B),near(A,B),not(A==B))) 
 *  rmode((not_fork(+-A),not_plate(+-B),near(A,B),action(#[near],A,B),A\==B)) 
 *  rmode((not_fork(+-A),not_plate(+-B),near(A,B),action(#[near],B,A),A\==B)) 
 *  rmode((not_fork(+-A),not_plate(+-B),near(A,B),done,A\==B)) 
 *  rmode((not_fork(+-A),not_plate(+-B),not_near(A,B),not(A==B))) 
 *  rmode((not_fork(+-A),not_plate(+-B),not_near(A,B),action(#[near],A,B),A\==B)) 
 *  rmode((not_fork(+-A),not_plate(+-B),not_near(A,B),action(#[near],B,A),A\==B)) 
 *  rmode((not_fork(+-A),not_plate(+-B),not_near(A,B),done,A\==B)) 
 *  rmode((not_fork(+-A),not_spoon(+-B),action(#[near],A,B),A\==B)) 
 *  rmode((not_fork(+-A),not_spoon(+-B),done,A\==B)) 
 *  rmode((not_fork(+-A),not_spoon(+-B),near(A,B),not(A==B))) 
 *  rmode((not_fork(+-A),not_spoon(+-B),near(A,B),action(#[near],A,B),A\==B)) 
 *  rmode((not_fork(+-A),not_spoon(+-B),near(A,B),action(#[near],B,A),A\==B)) 
 *  rmode((not_fork(+-A),not_spoon(+-B),near(A,B),done,A\==B)) 
 *  rmode((not_fork(+-A),not_spoon(+-B),not_near(A,B),not(A==B))) 
 *  rmode((not_fork(+-A),not_spoon(+-B),not_near(A,B),action(#[near],A,B),A\==B)) 
 *  rmode((not_fork(+-A),not_spoon(+-B),not_near(A,B),action(#[near],B,A),A\==B)) 
 *  rmode((not_fork(+-A),not_spoon(+-B),not_near(A,B),done,A\==B)) 
 *  rmode((not_fork(+-A),plate(+-B),action(#[near],A,B),A\==B)) 
 *  rmode((not_fork(+-A),plate(+-B),done,A\==B)) 
 *  rmode((not_fork(+-A),plate(+-B),near(A,B),not(A==B))) 
 *  rmode((not_fork(+-A),plate(+-B),near(A,B),action(#[near],A,B),A\==B)) 
 *  rmode((not_fork(+-A),plate(+-B),near(A,B),action(#[near],B,A),A\==B)) 
 *  rmode((not_fork(+-A),plate(+-B),near(A,B),done,A\==B)) 
 *  rmode((not_fork(+-A),plate(+-B),not_near(A,B),not(A==B))) 
 *  rmode((not_fork(+-A),plate(+-B),not_near(A,B),action(#[near],A,B),A\==B)) 
 *  rmode((not_fork(+-A),plate(+-B),not_near(A,B),action(#[near],B,A),A\==B)) 
 *  rmode((not_fork(+-A),plate(+-B),not_near(A,B),done,A\==B)) 
 *  rmode((not_fork(+-A),spoon(+-B),action(#[near],A,B),A\==B)) 
 *  rmode((not_fork(+-A),spoon(+-B),done,A\==B)) 
 *  rmode((not_fork(+-A),spoon(+-B),near(A,B),not(A==B))) 
 *  rmode((not_fork(+-A),spoon(+-B),near(A,B),action(#[near],A,B),A\==B)) 
 *  rmode((not_fork(+-A),spoon(+-B),near(A,B),action(#[near],B,A),A\==B)) 
 *  rmode((not_fork(+-A),spoon(+-B),near(A,B),done,A\==B)) 
 *  rmode((not_fork(+-A),spoon(+-B),not_near(A,B),not(A==B))) 
 *  rmode((not_fork(+-A),spoon(+-B),not_near(A,B),action(#[near],A,B),A\==B)) 
 *  rmode((not_fork(+-A),spoon(+-B),not_near(A,B),action(#[near],B,A),A\==B)) 
 *  rmode((not_fork(+-A),spoon(+-B),not_near(A,B),done,A\==B)) 
 *  rmode((not_fork(+-A),action(#[near],+-B,A),B\==A)) 
 *  rmode((not_fork(+-A),near(+-B,A),not(B==A))) 
 *  rmode((not_fork(+-A),near(+-B,A),action(#[near],B,A),B\==A)) 
 *  rmode((not_fork(+-A),near(+-B,A),action(#[near],A,B),B\==A)) 
 *  rmode((not_fork(+-A),near(+-B,A),done,B\==A)) 
 *  rmode((not_fork(+-A),not_near(+-B,A),not(B==A))) 
 *  rmode((not_fork(+-A),not_near(+-B,A),action(#[near],B,A),B\==A)) 
 *  rmode((not_fork(+-A),not_near(+-B,A),action(#[near],A,B),B\==A)) 
 *  rmode((not_fork(+-A),not_near(+-B,A),done,B\==A)) 
 *  rmode((not_near(+-A,+-B),not(A==B))) 
 *  rmode(not_plate(+-A)) 
 *  rmode((not_plate(+-A),action(#[near],A,+-B),A\==B)) 
 *  rmode((not_plate(+-A),bowl(+-B),action(#[near],A,B),A\==B)) 
 *  rmode((not_plate(+-A),bowl(+-B),done,A\==B)) 
 *  rmode((not_plate(+-A),bowl(+-B),near(A,B),not(A==B))) 
 *  rmode((not_plate(+-A),bowl(+-B),near(A,B),action(#[near],A,B),A\==B)) 
 *  rmode((not_plate(+-A),bowl(+-B),near(A,B),action(#[near],B,A),A\==B)) 
 *  rmode((not_plate(+-A),bowl(+-B),near(A,B),done,A\==B)) 
 *  rmode((not_plate(+-A),bowl(+-B),not_near(A,B),not(A==B))) 
 *  rmode((not_plate(+-A),bowl(+-B),not_near(A,B),action(#[near],A,B),A\==B)) 
 *  rmode((not_plate(+-A),bowl(+-B),not_near(A,B),action(#[near],B,A),A\==B)) 
 *  rmode((not_plate(+-A),bowl(+-B),not_near(A,B),done,A\==B)) 
 *  rmode((not_plate(+-A),done)) 
 *  rmode((not_plate(+-A),fork(+-B),action(#[near],A,B),A\==B)) 
 *  rmode((not_plate(+-A),fork(+-B),done,A\==B)) 
 *  rmode((not_plate(+-A),fork(+-B),near(A,B),not(A==B))) 
 *  rmode((not_plate(+-A),fork(+-B),near(A,B),action(#[near],A,B),A\==B)) 
 *  rmode((not_plate(+-A),fork(+-B),near(A,B),action(#[near],B,A),A\==B)) 
 *  rmode((not_plate(+-A),fork(+-B),near(A,B),done,A\==B)) 
 *  rmode((not_plate(+-A),fork(+-B),not_near(A,B),not(A==B))) 
 *  rmode((not_plate(+-A),fork(+-B),not_near(A,B),action(#[near],A,B),A\==B)) 
 *  rmode((not_plate(+-A),fork(+-B),not_near(A,B),action(#[near],B,A),A\==B)) 
 *  rmode((not_plate(+-A),fork(+-B),not_near(A,B),done,A\==B)) 
 *  rmode((not_plate(+-A),near(A,+-B),not(A==B))) 
 *  rmode((not_plate(+-A),near(A,+-B),action(#[near],A,B),A\==B)) 
 *  rmode((not_plate(+-A),near(A,+-B),action(#[near],B,A),A\==B)) 
 *  rmode((not_plate(+-A),near(A,+-B),done,A\==B)) 
 *  rmode((not_plate(+-A),not_bowl(+-B),action(#[near],A,B),A\==B)) 
 *  rmode((not_plate(+-A),not_bowl(+-B),done,A\==B)) 
 *  rmode((not_plate(+-A),not_bowl(+-B),near(A,B),not(A==B))) 
 *  rmode((not_plate(+-A),not_bowl(+-B),near(A,B),action(#[near],A,B),A\==B)) 
 *  rmode((not_plate(+-A),not_bowl(+-B),near(A,B),action(#[near],B,A),A\==B)) 
 *  rmode((not_plate(+-A),not_bowl(+-B),near(A,B),done,A\==B)) 
 *  rmode((not_plate(+-A),not_bowl(+-B),not_near(A,B),not(A==B))) 
 *  rmode((not_plate(+-A),not_bowl(+-B),not_near(A,B),action(#[near],A,B),A\==B)) 
 *  rmode((not_plate(+-A),not_bowl(+-B),not_near(A,B),action(#[near],B,A),A\==B)) 
 *  rmode((not_plate(+-A),not_bowl(+-B),not_near(A,B),done,A\==B)) 
 *  rmode((not_plate(+-A),not_fork(+-B),action(#[near],A,B),A\==B)) 
 *  rmode((not_plate(+-A),not_fork(+-B),done,A\==B)) 
 *  rmode((not_plate(+-A),not_fork(+-B),near(A,B),not(A==B))) 
 *  rmode((not_plate(+-A),not_fork(+-B),near(A,B),action(#[near],A,B),A\==B)) 
 *  rmode((not_plate(+-A),not_fork(+-B),near(A,B),action(#[near],B,A),A\==B)) 
 *  rmode((not_plate(+-A),not_fork(+-B),near(A,B),done,A\==B)) 
 *  rmode((not_plate(+-A),not_fork(+-B),not_near(A,B),not(A==B))) 
 *  rmode((not_plate(+-A),not_fork(+-B),not_near(A,B),action(#[near],A,B),A\==B)) 
 *  rmode((not_plate(+-A),not_fork(+-B),not_near(A,B),action(#[near],B,A),A\==B)) 
 *  rmode((not_plate(+-A),not_fork(+-B),not_near(A,B),done,A\==B)) 
 *  rmode((not_plate(+-A),not_near(A,+-B),not(A==B))) 
 *  rmode((not_plate(+-A),not_near(A,+-B),action(#[near],A,B),A\==B)) 
 *  rmode((not_plate(+-A),not_near(A,+-B),action(#[near],B,A),A\==B)) 
 *  rmode((not_plate(+-A),not_near(A,+-B),done,A\==B)) 
 *  rmode((not_plate(+-A),not_plate(+-B),action(#[near],A,B),A\==B)) 
 *  rmode((not_plate(+-A),not_plate(+-B),done,A\==B)) 
 *  rmode((not_plate(+-A),not_plate(+-B),near(A,B),not(A==B))) 
 *  rmode((not_plate(+-A),not_plate(+-B),near(A,B),action(#[near],A,B),A\==B)) 
 *  rmode((not_plate(+-A),not_plate(+-B),near(A,B),action(#[near],B,A),A\==B)) 
 *  rmode((not_plate(+-A),not_plate(+-B),near(A,B),done,A\==B)) 
 *  rmode((not_plate(+-A),not_plate(+-B),not_near(A,B),not(A==B))) 
 *  rmode((not_plate(+-A),not_plate(+-B),not_near(A,B),action(#[near],A,B),A\==B)) 
 *  rmode((not_plate(+-A),not_plate(+-B),not_near(A,B),action(#[near],B,A),A\==B)) 
 *  rmode((not_plate(+-A),not_plate(+-B),not_near(A,B),done,A\==B)) 
 *  rmode((not_plate(+-A),not_spoon(+-B),action(#[near],A,B),A\==B)) 
 *  rmode((not_plate(+-A),not_spoon(+-B),done,A\==B)) 
 *  rmode((not_plate(+-A),not_spoon(+-B),near(A,B),not(A==B))) 
 *  rmode((not_plate(+-A),not_spoon(+-B),near(A,B),action(#[near],A,B),A\==B)) 
 *  rmode((not_plate(+-A),not_spoon(+-B),near(A,B),action(#[near],B,A),A\==B)) 
 *  rmode((not_plate(+-A),not_spoon(+-B),near(A,B),done,A\==B)) 
 *  rmode((not_plate(+-A),not_spoon(+-B),not_near(A,B),not(A==B))) 
 *  rmode((not_plate(+-A),not_spoon(+-B),not_near(A,B),action(#[near],A,B),A\==B)) 
 *  rmode((not_plate(+-A),not_spoon(+-B),not_near(A,B),action(#[near],B,A),A\==B)) 
 *  rmode((not_plate(+-A),not_spoon(+-B),not_near(A,B),done,A\==B)) 
 *  rmode((not_plate(+-A),plate(+-B),action(#[near],A,B),A\==B)) 
 *  rmode((not_plate(+-A),plate(+-B),done,A\==B)) 
 *  rmode((not_plate(+-A),plate(+-B),near(A,B),not(A==B))) 
 *  rmode((not_plate(+-A),plate(+-B),near(A,B),action(#[near],A,B),A\==B)) 
 *  rmode((not_plate(+-A),plate(+-B),near(A,B),action(#[near],B,A),A\==B)) 
 *  rmode((not_plate(+-A),plate(+-B),near(A,B),done,A\==B)) 
 *  rmode((not_plate(+-A),plate(+-B),not_near(A,B),not(A==B))) 
 *  rmode((not_plate(+-A),plate(+-B),not_near(A,B),action(#[near],A,B),A\==B)) 
 *  rmode((not_plate(+-A),plate(+-B),not_near(A,B),action(#[near],B,A),A\==B)) 
 *  rmode((not_plate(+-A),plate(+-B),not_near(A,B),done,A\==B)) 
 *  rmode((not_plate(+-A),spoon(+-B),action(#[near],A,B),A\==B)) 
 *  rmode((not_plate(+-A),spoon(+-B),done,A\==B)) 
 *  rmode((not_plate(+-A),spoon(+-B),near(A,B),not(A==B))) 
 *  rmode((not_plate(+-A),spoon(+-B),near(A,B),action(#[near],A,B),A\==B)) 
 *  rmode((not_plate(+-A),spoon(+-B),near(A,B),action(#[near],B,A),A\==B)) 
 *  rmode((not_plate(+-A),spoon(+-B),near(A,B),done,A\==B)) 
 *  rmode((not_plate(+-A),spoon(+-B),not_near(A,B),not(A==B))) 
 *  rmode((not_plate(+-A),spoon(+-B),not_near(A,B),action(#[near],A,B),A\==B)) 
 *  rmode((not_plate(+-A),spoon(+-B),not_near(A,B),action(#[near],B,A),A\==B)) 
 *  rmode((not_plate(+-A),spoon(+-B),not_near(A,B),done,A\==B)) 
 *  rmode((not_plate(+-A),action(#[near],+-B,A),B\==A)) 
 *  rmode((not_plate(+-A),near(+-B,A),not(B==A))) 
 *  rmode((not_plate(+-A),near(+-B,A),action(#[near],B,A),B\==A)) 
 *  rmode((not_plate(+-A),near(+-B,A),action(#[near],A,B),B\==A)) 
 *  rmode((not_plate(+-A),near(+-B,A),done,B\==A)) 
 *  rmode((not_plate(+-A),not_near(+-B,A),not(B==A))) 
 *  rmode((not_plate(+-A),not_near(+-B,A),action(#[near],B,A),B\==A)) 
 *  rmode((not_plate(+-A),not_near(+-B,A),action(#[near],A,B),B\==A)) 
 *  rmode((not_plate(+-A),not_near(+-B,A),done,B\==A)) 
 *  rmode(not_spoon(+-A)) 
 *  rmode((not_spoon(+-A),action(#[near],A,+-B),A\==B)) 
 *  rmode((not_spoon(+-A),bowl(+-B),action(#[near],A,B),A\==B)) 
 *  rmode((not_spoon(+-A),bowl(+-B),done,A\==B)) 
 *  rmode((not_spoon(+-A),bowl(+-B),near(A,B),not(A==B))) 
 *  rmode((not_spoon(+-A),bowl(+-B),near(A,B),action(#[near],A,B),A\==B)) 
 *  rmode((not_spoon(+-A),bowl(+-B),near(A,B),action(#[near],B,A),A\==B)) 
 *  rmode((not_spoon(+-A),bowl(+-B),near(A,B),done,A\==B)) 
 *  rmode((not_spoon(+-A),bowl(+-B),not_near(A,B),not(A==B))) 
 *  rmode((not_spoon(+-A),bowl(+-B),not_near(A,B),action(#[near],A,B),A\==B)) 
 *  rmode((not_spoon(+-A),bowl(+-B),not_near(A,B),action(#[near],B,A),A\==B)) 
 *  rmode((not_spoon(+-A),bowl(+-B),not_near(A,B),done,A\==B)) 
 *  rmode((not_spoon(+-A),done)) 
 *  rmode((not_spoon(+-A),fork(+-B),action(#[near],A,B),A\==B)) 
 *  rmode((not_spoon(+-A),fork(+-B),done,A\==B)) 
 *  rmode((not_spoon(+-A),fork(+-B),near(A,B),not(A==B))) 
 *  rmode((not_spoon(+-A),fork(+-B),near(A,B),action(#[near],A,B),A\==B)) 
 *  rmode((not_spoon(+-A),fork(+-B),near(A,B),action(#[near],B,A),A\==B)) 
 *  rmode((not_spoon(+-A),fork(+-B),near(A,B),done,A\==B)) 
 *  rmode((not_spoon(+-A),fork(+-B),not_near(A,B),not(A==B))) 
 *  rmode((not_spoon(+-A),fork(+-B),not_near(A,B),action(#[near],A,B),A\==B)) 
 *  rmode((not_spoon(+-A),fork(+-B),not_near(A,B),action(#[near],B,A),A\==B)) 
 *  rmode((not_spoon(+-A),fork(+-B),not_near(A,B),done,A\==B)) 
 *  rmode((not_spoon(+-A),near(A,+-B),not(A==B))) 
 *  rmode((not_spoon(+-A),near(A,+-B),action(#[near],A,B),A\==B)) 
 *  rmode((not_spoon(+-A),near(A,+-B),action(#[near],B,A),A\==B)) 
 *  rmode((not_spoon(+-A),near(A,+-B),done,A\==B)) 
 *  rmode((not_spoon(+-A),not_bowl(+-B),action(#[near],A,B),A\==B)) 
 *  rmode((not_spoon(+-A),not_bowl(+-B),done,A\==B)) 
 *  rmode((not_spoon(+-A),not_bowl(+-B),near(A,B),not(A==B))) 
 *  rmode((not_spoon(+-A),not_bowl(+-B),near(A,B),action(#[near],A,B),A\==B)) 
 *  rmode((not_spoon(+-A),not_bowl(+-B),near(A,B),action(#[near],B,A),A\==B)) 
 *  rmode((not_spoon(+-A),not_bowl(+-B),near(A,B),done,A\==B)) 
 *  rmode((not_spoon(+-A),not_bowl(+-B),not_near(A,B),not(A==B))) 
 *  rmode((not_spoon(+-A),not_bowl(+-B),not_near(A,B),action(#[near],A,B),A\==B)) 
 *  rmode((not_spoon(+-A),not_bowl(+-B),not_near(A,B),action(#[near],B,A),A\==B)) 
 *  rmode((not_spoon(+-A),not_bowl(+-B),not_near(A,B),done,A\==B)) 
 *  rmode((not_spoon(+-A),not_fork(+-B),action(#[near],A,B),A\==B)) 
 *  rmode((not_spoon(+-A),not_fork(+-B),done,A\==B)) 
 *  rmode((not_spoon(+-A),not_fork(+-B),near(A,B),not(A==B))) 
 *  rmode((not_spoon(+-A),not_fork(+-B),near(A,B),action(#[near],A,B),A\==B)) 
 *  rmode((not_spoon(+-A),not_fork(+-B),near(A,B),action(#[near],B,A),A\==B)) 
 *  rmode((not_spoon(+-A),not_fork(+-B),near(A,B),done,A\==B)) 
 *  rmode((not_spoon(+-A),not_fork(+-B),not_near(A,B),not(A==B))) 
 *  rmode((not_spoon(+-A),not_fork(+-B),not_near(A,B),action(#[near],A,B),A\==B)) 
 *  rmode((not_spoon(+-A),not_fork(+-B),not_near(A,B),action(#[near],B,A),A\==B)) 
 *  rmode((not_spoon(+-A),not_fork(+-B),not_near(A,B),done,A\==B)) 
 *  rmode((not_spoon(+-A),not_near(A,+-B),not(A==B))) 
 *  rmode((not_spoon(+-A),not_near(A,+-B),action(#[near],A,B),A\==B)) 
 *  rmode((not_spoon(+-A),not_near(A,+-B),action(#[near],B,A),A\==B)) 
 *  rmode((not_spoon(+-A),not_near(A,+-B),done,A\==B)) 
 *  rmode((not_spoon(+-A),not_plate(+-B),action(#[near],A,B),A\==B)) 
 *  rmode((not_spoon(+-A),not_plate(+-B),done,A\==B)) 
 *  rmode((not_spoon(+-A),not_plate(+-B),near(A,B),not(A==B))) 
 *  rmode((not_spoon(+-A),not_plate(+-B),near(A,B),action(#[near],A,B),A\==B)) 
 *  rmode((not_spoon(+-A),not_plate(+-B),near(A,B),action(#[near],B,A),A\==B)) 
 *  rmode((not_spoon(+-A),not_plate(+-B),near(A,B),done,A\==B)) 
 *  rmode((not_spoon(+-A),not_plate(+-B),not_near(A,B),not(A==B))) 
 *  rmode((not_spoon(+-A),not_plate(+-B),not_near(A,B),action(#[near],A,B),A\==B)) 
 *  rmode((not_spoon(+-A),not_plate(+-B),not_near(A,B),action(#[near],B,A),A\==B)) 
 *  rmode((not_spoon(+-A),not_plate(+-B),not_near(A,B),done,A\==B)) 
 *  rmode((not_spoon(+-A),not_spoon(+-B),action(#[near],A,B),A\==B)) 
 *  rmode((not_spoon(+-A),not_spoon(+-B),done,A\==B)) 
 *  rmode((not_spoon(+-A),not_spoon(+-B),near(A,B),not(A==B))) 
 *  rmode((not_spoon(+-A),not_spoon(+-B),near(A,B),action(#[near],A,B),A\==B)) 
 *  rmode((not_spoon(+-A),not_spoon(+-B),near(A,B),action(#[near],B,A),A\==B)) 
 *  rmode((not_spoon(+-A),not_spoon(+-B),near(A,B),done,A\==B)) 
 *  rmode((not_spoon(+-A),not_spoon(+-B),not_near(A,B),not(A==B))) 
 *  rmode((not_spoon(+-A),not_spoon(+-B),not_near(A,B),action(#[near],A,B),A\==B)) 
 *  rmode((not_spoon(+-A),not_spoon(+-B),not_near(A,B),action(#[near],B,A),A\==B)) 
 *  rmode((not_spoon(+-A),not_spoon(+-B),not_near(A,B),done,A\==B)) 
 *  rmode((not_spoon(+-A),plate(+-B),action(#[near],A,B),A\==B)) 
 *  rmode((not_spoon(+-A),plate(+-B),done,A\==B)) 
 *  rmode((not_spoon(+-A),plate(+-B),near(A,B),not(A==B))) 
 *  rmode((not_spoon(+-A),plate(+-B),near(A,B),action(#[near],A,B),A\==B)) 
 *  rmode((not_spoon(+-A),plate(+-B),near(A,B),action(#[near],B,A),A\==B)) 
 *  rmode((not_spoon(+-A),plate(+-B),near(A,B),done,A\==B)) 
 *  rmode((not_spoon(+-A),plate(+-B),not_near(A,B),not(A==B))) 
 *  rmode((not_spoon(+-A),plate(+-B),not_near(A,B),action(#[near],A,B),A\==B)) 
 *  rmode((not_spoon(+-A),plate(+-B),not_near(A,B),action(#[near],B,A),A\==B)) 
 *  rmode((not_spoon(+-A),plate(+-B),not_near(A,B),done,A\==B)) 
 *  rmode((not_spoon(+-A),spoon(+-B),action(#[near],A,B),A\==B)) 
 *  rmode((not_spoon(+-A),spoon(+-B),done,A\==B)) 
 *  rmode((not_spoon(+-A),spoon(+-B),near(A,B),not(A==B))) 
 *  rmode((not_spoon(+-A),spoon(+-B),near(A,B),action(#[near],A,B),A\==B)) 
 *  rmode((not_spoon(+-A),spoon(+-B),near(A,B),action(#[near],B,A),A\==B)) 
 *  rmode((not_spoon(+-A),spoon(+-B),near(A,B),done,A\==B)) 
 *  rmode((not_spoon(+-A),spoon(+-B),not_near(A,B),not(A==B))) 
 *  rmode((not_spoon(+-A),spoon(+-B),not_near(A,B),action(#[near],A,B),A\==B)) 
 *  rmode((not_spoon(+-A),spoon(+-B),not_near(A,B),action(#[near],B,A),A\==B)) 
 *  rmode((not_spoon(+-A),spoon(+-B),not_near(A,B),done,A\==B)) 
 *  rmode((not_spoon(+-A),action(#[near],+-B,A),B\==A)) 
 *  rmode((not_spoon(+-A),near(+-B,A),not(B==A))) 
 *  rmode((not_spoon(+-A),near(+-B,A),action(#[near],B,A),B\==A)) 
 *  rmode((not_spoon(+-A),near(+-B,A),action(#[near],A,B),B\==A)) 
 *  rmode((not_spoon(+-A),near(+-B,A),done,B\==A)) 
 *  rmode((not_spoon(+-A),not_near(+-B,A),not(B==A))) 
 *  rmode((not_spoon(+-A),not_near(+-B,A),action(#[near],B,A),B\==A)) 
 *  rmode((not_spoon(+-A),not_near(+-B,A),action(#[near],A,B),B\==A)) 
 *  rmode((not_spoon(+-A),not_near(+-B,A),done,B\==A)) 
 *  rmode(plate(+-A)) 
 *  rmode((plate(+-A),action(#[near],A,+-B),A\==B)) 
 *  rmode((plate(+-A),bowl(+-B),action(#[near],A,B),A\==B)) 
 *  rmode((plate(+-A),bowl(+-B),done,A\==B)) 
 *  rmode((plate(+-A),bowl(+-B),near(A,B),not(A==B))) 
 *  rmode((plate(+-A),bowl(+-B),near(A,B),action(#[near],A,B),A\==B)) 
 *  rmode((plate(+-A),bowl(+-B),near(A,B),action(#[near],B,A),A\==B)) 
 *  rmode((plate(+-A),bowl(+-B),near(A,B),done,A\==B)) 
 *  rmode((plate(+-A),bowl(+-B),not_near(A,B),not(A==B))) 
 *  rmode((plate(+-A),bowl(+-B),not_near(A,B),action(#[near],A,B),A\==B)) 
 *  rmode((plate(+-A),bowl(+-B),not_near(A,B),action(#[near],B,A),A\==B)) 
 *  rmode((plate(+-A),bowl(+-B),not_near(A,B),done,A\==B)) 
 *  rmode((plate(+-A),done)) 
 *  rmode((plate(+-A),fork(+-B),action(#[near],A,B),A\==B)) 
 *  rmode((plate(+-A),fork(+-B),done,A\==B)) 
 *  rmode((plate(+-A),fork(+-B),near(A,B),not(A==B))) 
 *  rmode((plate(+-A),fork(+-B),near(A,B),action(#[near],A,B),A\==B)) 
 *  rmode((plate(+-A),fork(+-B),near(A,B),action(#[near],B,A),A\==B)) 
 *  rmode((plate(+-A),fork(+-B),near(A,B),done,A\==B)) 
 *  rmode((plate(+-A),fork(+-B),not_near(A,B),not(A==B))) 
 *  rmode((plate(+-A),fork(+-B),not_near(A,B),action(#[near],A,B),A\==B)) 
 *  rmode((plate(+-A),fork(+-B),not_near(A,B),action(#[near],B,A),A\==B)) 
 *  rmode((plate(+-A),fork(+-B),not_near(A,B),done,A\==B)) 
 *  rmode((plate(+-A),near(A,+-B),not(A==B))) 
 *  rmode((plate(+-A),near(A,+-B),action(#[near],A,B),A\==B)) 
 *  rmode((plate(+-A),near(A,+-B),action(#[near],B,A),A\==B)) 
 *  rmode((plate(+-A),near(A,+-B),done,A\==B)) 
 *  rmode((plate(+-A),not_bowl(+-B),action(#[near],A,B),A\==B)) 
 *  rmode((plate(+-A),not_bowl(+-B),done,A\==B)) 
 *  rmode((plate(+-A),not_bowl(+-B),near(A,B),not(A==B))) 
 *  rmode((plate(+-A),not_bowl(+-B),near(A,B),action(#[near],A,B),A\==B)) 
 *  rmode((plate(+-A),not_bowl(+-B),near(A,B),action(#[near],B,A),A\==B)) 
 *  rmode((plate(+-A),not_bowl(+-B),near(A,B),done,A\==B)) 
 *  rmode((plate(+-A),not_bowl(+-B),not_near(A,B),not(A==B))) 
 *  rmode((plate(+-A),not_bowl(+-B),not_near(A,B),action(#[near],A,B),A\==B)) 
 *  rmode((plate(+-A),not_bowl(+-B),not_near(A,B),action(#[near],B,A),A\==B)) 
 *  rmode((plate(+-A),not_bowl(+-B),not_near(A,B),done,A\==B)) 
 *  rmode((plate(+-A),not_fork(+-B),action(#[near],A,B),A\==B)) 
 *  rmode((plate(+-A),not_fork(+-B),done,A\==B)) 
 *  rmode((plate(+-A),not_fork(+-B),near(A,B),not(A==B))) 
 *  rmode((plate(+-A),not_fork(+-B),near(A,B),action(#[near],A,B),A\==B)) 
 *  rmode((plate(+-A),not_fork(+-B),near(A,B),action(#[near],B,A),A\==B)) 
 *  rmode((plate(+-A),not_fork(+-B),near(A,B),done,A\==B)) 
 *  rmode((plate(+-A),not_fork(+-B),not_near(A,B),not(A==B))) 
 *  rmode((plate(+-A),not_fork(+-B),not_near(A,B),action(#[near],A,B),A\==B)) 
 *  rmode((plate(+-A),not_fork(+-B),not_near(A,B),action(#[near],B,A),A\==B)) 
 *  rmode((plate(+-A),not_fork(+-B),not_near(A,B),done,A\==B)) 
 *  rmode((plate(+-A),not_near(A,+-B),not(A==B))) 
 *  rmode((plate(+-A),not_near(A,+-B),action(#[near],A,B),A\==B)) 
 *  rmode((plate(+-A),not_near(A,+-B),action(#[near],B,A),A\==B)) 
 *  rmode((plate(+-A),not_near(A,+-B),done,A\==B)) 
 *  rmode((plate(+-A),not_plate(+-B),action(#[near],A,B),A\==B)) 
 *  rmode((plate(+-A),not_plate(+-B),done,A\==B)) 
 *  rmode((plate(+-A),not_plate(+-B),near(A,B),not(A==B))) 
 *  rmode((plate(+-A),not_plate(+-B),near(A,B),action(#[near],A,B),A\==B)) 
 *  rmode((plate(+-A),not_plate(+-B),near(A,B),action(#[near],B,A),A\==B)) 
 *  rmode((plate(+-A),not_plate(+-B),near(A,B),done,A\==B)) 
 *  rmode((plate(+-A),not_plate(+-B),not_near(A,B),not(A==B))) 
 *  rmode((plate(+-A),not_plate(+-B),not_near(A,B),action(#[near],A,B),A\==B)) 
 *  rmode((plate(+-A),not_plate(+-B),not_near(A,B),action(#[near],B,A),A\==B)) 
 *  rmode((plate(+-A),not_plate(+-B),not_near(A,B),done,A\==B)) 
 *  rmode((plate(+-A),not_spoon(+-B),action(#[near],A,B),A\==B)) 
 *  rmode((plate(+-A),not_spoon(+-B),done,A\==B)) 
 *  rmode((plate(+-A),not_spoon(+-B),near(A,B),not(A==B))) 
 *  rmode((plate(+-A),not_spoon(+-B),near(A,B),action(#[near],A,B),A\==B)) 
 *  rmode((plate(+-A),not_spoon(+-B),near(A,B),action(#[near],B,A),A\==B)) 
 *  rmode((plate(+-A),not_spoon(+-B),near(A,B),done,A\==B)) 
 *  rmode((plate(+-A),not_spoon(+-B),not_near(A,B),not(A==B))) 
 *  rmode((plate(+-A),not_spoon(+-B),not_near(A,B),action(#[near],A,B),A\==B)) 
 *  rmode((plate(+-A),not_spoon(+-B),not_near(A,B),action(#[near],B,A),A\==B)) 
 *  rmode((plate(+-A),not_spoon(+-B),not_near(A,B),done,A\==B)) 
 *  rmode((plate(+-A),plate(+-B),action(#[near],A,B),A\==B)) 
 *  rmode((plate(+-A),plate(+-B),done,A\==B)) 
 *  rmode((plate(+-A),plate(+-B),near(A,B),not(A==B))) 
 *  rmode((plate(+-A),plate(+-B),near(A,B),action(#[near],A,B),A\==B)) 
 *  rmode((plate(+-A),plate(+-B),near(A,B),action(#[near],B,A),A\==B)) 
 *  rmode((plate(+-A),plate(+-B),near(A,B),done,A\==B)) 
 *  rmode((plate(+-A),plate(+-B),not_near(A,B),not(A==B))) 
 *  rmode((plate(+-A),plate(+-B),not_near(A,B),action(#[near],A,B),A\==B)) 
 *  rmode((plate(+-A),plate(+-B),not_near(A,B),action(#[near],B,A),A\==B)) 
 *  rmode((plate(+-A),plate(+-B),not_near(A,B),done,A\==B)) 
 *  rmode((plate(+-A),spoon(+-B),action(#[near],A,B),A\==B)) 
 *  rmode((plate(+-A),spoon(+-B),done,A\==B)) 
 *  rmode((plate(+-A),spoon(+-B),near(A,B),not(A==B))) 
 *  rmode((plate(+-A),spoon(+-B),near(A,B),action(#[near],A,B),A\==B)) 
 *  rmode((plate(+-A),spoon(+-B),near(A,B),action(#[near],B,A),A\==B)) 
 *  rmode((plate(+-A),spoon(+-B),near(A,B),done,A\==B)) 
 *  rmode((plate(+-A),spoon(+-B),not_near(A,B),not(A==B))) 
 *  rmode((plate(+-A),spoon(+-B),not_near(A,B),action(#[near],A,B),A\==B)) 
 *  rmode((plate(+-A),spoon(+-B),not_near(A,B),action(#[near],B,A),A\==B)) 
 *  rmode((plate(+-A),spoon(+-B),not_near(A,B),done,A\==B)) 
 *  rmode((plate(+-A),action(#[near],+-B,A),B\==A)) 
 *  rmode((plate(+-A),near(+-B,A),not(B==A))) 
 *  rmode((plate(+-A),near(+-B,A),action(#[near],B,A),B\==A)) 
 *  rmode((plate(+-A),near(+-B,A),action(#[near],A,B),B\==A)) 
 *  rmode((plate(+-A),near(+-B,A),done,B\==A)) 
 *  rmode((plate(+-A),not_near(+-B,A),not(B==A))) 
 *  rmode((plate(+-A),not_near(+-B,A),action(#[near],B,A),B\==A)) 
 *  rmode((plate(+-A),not_near(+-B,A),action(#[near],A,B),B\==A)) 
 *  rmode((plate(+-A),not_near(+-B,A),done,B\==A)) 
 *  rmode(spoon(+-A)) 
 *  rmode((spoon(+-A),action(#[near],A,+-B),A\==B)) 
 *  rmode((spoon(+-A),bowl(+-B),action(#[near],A,B),A\==B)) 
 *  rmode((spoon(+-A),bowl(+-B),done,A\==B)) 
 *  rmode((spoon(+-A),bowl(+-B),near(A,B),not(A==B))) 
 *  rmode((spoon(+-A),bowl(+-B),near(A,B),action(#[near],A,B),A\==B)) 
 *  rmode((spoon(+-A),bowl(+-B),near(A,B),action(#[near],B,A),A\==B)) 
 *  rmode((spoon(+-A),bowl(+-B),near(A,B),done,A\==B)) 
 *  rmode((spoon(+-A),bowl(+-B),not_near(A,B),not(A==B))) 
 *  rmode((spoon(+-A),bowl(+-B),not_near(A,B),action(#[near],A,B),A\==B)) 
 *  rmode((spoon(+-A),bowl(+-B),not_near(A,B),action(#[near],B,A),A\==B)) 
 *  rmode((spoon(+-A),bowl(+-B),not_near(A,B),done,A\==B)) 
 *  rmode((spoon(+-A),done)) 
 *  rmode((spoon(+-A),fork(+-B),action(#[near],A,B),A\==B)) 
 *  rmode((spoon(+-A),fork(+-B),done,A\==B)) 
 *  rmode((spoon(+-A),fork(+-B),near(A,B),not(A==B))) 
 *  rmode((spoon(+-A),fork(+-B),near(A,B),action(#[near],A,B),A\==B)) 
 *  rmode((spoon(+-A),fork(+-B),near(A,B),action(#[near],B,A),A\==B)) 
 *  rmode((spoon(+-A),fork(+-B),near(A,B),done,A\==B)) 
 *  rmode((spoon(+-A),fork(+-B),not_near(A,B),not(A==B))) 
 *  rmode((spoon(+-A),fork(+-B),not_near(A,B),action(#[near],A,B),A\==B)) 
 *  rmode((spoon(+-A),fork(+-B),not_near(A,B),action(#[near],B,A),A\==B)) 
 *  rmode((spoon(+-A),fork(+-B),not_near(A,B),done,A\==B)) 
 *  rmode((spoon(+-A),near(A,+-B),not(A==B))) 
 *  rmode((spoon(+-A),near(A,+-B),action(#[near],A,B),A\==B)) 
 *  rmode((spoon(+-A),near(A,+-B),action(#[near],B,A),A\==B)) 
 *  rmode((spoon(+-A),near(A,+-B),done,A\==B)) 
 *  rmode((spoon(+-A),not_bowl(+-B),action(#[near],A,B),A\==B)) 
 *  rmode((spoon(+-A),not_bowl(+-B),done,A\==B)) 
 *  rmode((spoon(+-A),not_bowl(+-B),near(A,B),not(A==B))) 
 *  rmode((spoon(+-A),not_bowl(+-B),near(A,B),action(#[near],A,B),A\==B)) 
 *  rmode((spoon(+-A),not_bowl(+-B),near(A,B),action(#[near],B,A),A\==B)) 
 *  rmode((spoon(+-A),not_bowl(+-B),near(A,B),done,A\==B)) 
 *  rmode((spoon(+-A),not_bowl(+-B),not_near(A,B),not(A==B))) 
 *  rmode((spoon(+-A),not_bowl(+-B),not_near(A,B),action(#[near],A,B),A\==B)) 
 *  rmode((spoon(+-A),not_bowl(+-B),not_near(A,B),action(#[near],B,A),A\==B)) 
 *  rmode((spoon(+-A),not_bowl(+-B),not_near(A,B),done,A\==B)) 
 *  rmode((spoon(+-A),not_fork(+-B),action(#[near],A,B),A\==B)) 
 *  rmode((spoon(+-A),not_fork(+-B),done,A\==B)) 
 *  rmode((spoon(+-A),not_fork(+-B),near(A,B),not(A==B))) 
 *  rmode((spoon(+-A),not_fork(+-B),near(A,B),action(#[near],A,B),A\==B)) 
 *  rmode((spoon(+-A),not_fork(+-B),near(A,B),action(#[near],B,A),A\==B)) 
 *  rmode((spoon(+-A),not_fork(+-B),near(A,B),done,A\==B)) 
 *  rmode((spoon(+-A),not_fork(+-B),not_near(A,B),not(A==B))) 
 *  rmode((spoon(+-A),not_fork(+-B),not_near(A,B),action(#[near],A,B),A\==B)) 
 *  rmode((spoon(+-A),not_fork(+-B),not_near(A,B),action(#[near],B,A),A\==B)) 
 *  rmode((spoon(+-A),not_fork(+-B),not_near(A,B),done,A\==B)) 
 *  rmode((spoon(+-A),not_near(A,+-B),not(A==B))) 
 *  rmode((spoon(+-A),not_near(A,+-B),action(#[near],A,B),A\==B)) 
 *  rmode((spoon(+-A),not_near(A,+-B),action(#[near],B,A),A\==B)) 
 *  rmode((spoon(+-A),not_near(A,+-B),done,A\==B)) 
 *  rmode((spoon(+-A),not_plate(+-B),action(#[near],A,B),A\==B)) 
 *  rmode((spoon(+-A),not_plate(+-B),done,A\==B)) 
 *  rmode((spoon(+-A),not_plate(+-B),near(A,B),not(A==B))) 
 *  rmode((spoon(+-A),not_plate(+-B),near(A,B),action(#[near],A,B),A\==B)) 
 *  rmode((spoon(+-A),not_plate(+-B),near(A,B),action(#[near],B,A),A\==B)) 
 *  rmode((spoon(+-A),not_plate(+-B),near(A,B),done,A\==B)) 
 *  rmode((spoon(+-A),not_plate(+-B),not_near(A,B),not(A==B))) 
 *  rmode((spoon(+-A),not_plate(+-B),not_near(A,B),action(#[near],A,B),A\==B)) 
 *  rmode((spoon(+-A),not_plate(+-B),not_near(A,B),action(#[near],B,A),A\==B)) 
 *  rmode((spoon(+-A),not_plate(+-B),not_near(A,B),done,A\==B)) 
 *  rmode((spoon(+-A),not_spoon(+-B),action(#[near],A,B),A\==B)) 
 *  rmode((spoon(+-A),not_spoon(+-B),done,A\==B)) 
 *  rmode((spoon(+-A),not_spoon(+-B),near(A,B),not(A==B))) 
 *  rmode((spoon(+-A),not_spoon(+-B),near(A,B),action(#[near],A,B),A\==B)) 
 *  rmode((spoon(+-A),not_spoon(+-B),near(A,B),action(#[near],B,A),A\==B)) 
 *  rmode((spoon(+-A),not_spoon(+-B),near(A,B),done,A\==B)) 
 *  rmode((spoon(+-A),not_spoon(+-B),not_near(A,B),not(A==B))) 
 *  rmode((spoon(+-A),not_spoon(+-B),not_near(A,B),action(#[near],A,B),A\==B)) 
 *  rmode((spoon(+-A),not_spoon(+-B),not_near(A,B),action(#[near],B,A),A\==B)) 
 *  rmode((spoon(+-A),not_spoon(+-B),not_near(A,B),done,A\==B)) 
 *  rmode((spoon(+-A),plate(+-B),action(#[near],A,B),A\==B)) 
 *  rmode((spoon(+-A),plate(+-B),done,A\==B)) 
 *  rmode((spoon(+-A),plate(+-B),near(A,B),not(A==B))) 
 *  rmode((spoon(+-A),plate(+-B),near(A,B),action(#[near],A,B),A\==B)) 
 *  rmode((spoon(+-A),plate(+-B),near(A,B),action(#[near],B,A),A\==B)) 
 *  rmode((spoon(+-A),plate(+-B),near(A,B),done,A\==B)) 
 *  rmode((spoon(+-A),plate(+-B),not_near(A,B),not(A==B))) 
 *  rmode((spoon(+-A),plate(+-B),not_near(A,B),action(#[near],A,B),A\==B)) 
 *  rmode((spoon(+-A),plate(+-B),not_near(A,B),action(#[near],B,A),A\==B)) 
 *  rmode((spoon(+-A),plate(+-B),not_near(A,B),done,A\==B)) 
 *  rmode((spoon(+-A),spoon(+-B),action(#[near],A,B),A\==B)) 
 *  rmode((spoon(+-A),spoon(+-B),done,A\==B)) 
 *  rmode((spoon(+-A),spoon(+-B),near(A,B),not(A==B))) 
 *  rmode((spoon(+-A),spoon(+-B),near(A,B),action(#[near],A,B),A\==B)) 
 *  rmode((spoon(+-A),spoon(+-B),near(A,B),action(#[near],B,A),A\==B)) 
 *  rmode((spoon(+-A),spoon(+-B),near(A,B),done,A\==B)) 
 *  rmode((spoon(+-A),spoon(+-B),not_near(A,B),not(A==B))) 
 *  rmode((spoon(+-A),spoon(+-B),not_near(A,B),action(#[near],A,B),A\==B)) 
 *  rmode((spoon(+-A),spoon(+-B),not_near(A,B),action(#[near],B,A),A\==B)) 
 *  rmode((spoon(+-A),spoon(+-B),not_near(A,B),done,A\==B)) 
 *  rmode((spoon(+-A),action(#[near],+-B,A),B\==A)) 
 *  rmode((spoon(+-A),near(+-B,A),not(B==A))) 
 *  rmode((spoon(+-A),near(+-B,A),action(#[near],B,A),B\==A)) 
 *  rmode((spoon(+-A),near(+-B,A),action(#[near],A,B),B\==A)) 
 *  rmode((spoon(+-A),near(+-B,A),done,B\==A)) 
 *  rmode((spoon(+-A),not_near(+-B,A),not(B==A))) 
 *  rmode((spoon(+-A),not_near(+-B,A),action(#[near],B,A),B\==A)) 
 *  rmode((spoon(+-A),not_near(+-B,A),action(#[near],A,B),B\==A)) 
 *  rmode((spoon(+-A),not_near(+-B,A),done,B\==A)) 
 *  max_lookahead(1) 
 *  constraint(near(A,B),isValid(A,B)) 
 *  constraint(action(near,A,B),isValid(A,B)) 
 *  typed_language(yes) 
 *  type(fork(number)) 
 *  type(not_fork(number)) 
 *  type(plate(number)) 
 *  type(not_plate(number)) 
 *  type(spoon(number)) 
 *  type(not_spoon(number)) 
 *  type(bowl(number)) 
 *  type(not_bowl(number)) 
 *  type(near(number,number)) 
 *  type(not_near(number,number)) 
 *  type(action(string,number,number)) 
 *  type(object(number)) 
 *  type(isValid(number,number)) 
 *  type(action(string,number,number)) 
 *  type(number==number) 
 *  type(number\==number) 
 *  type(not(number==number)) 
 *  type(member(A,B)) 
 *  type(for_int(A,B,C)) 
 ******************** 
 **/

Average discretization time: 0.0
Average induction time: 83.74

Model:
    Complexity: 10.0 nodes, 35.0 literals
Training:
    Number of examples: 336
    Pearson correlation: [0.96022320220113]
    MSE: [0.0194922179330204]
    MAE: [0.0391229464758876]
     -------- Roc curve
    0.0	0.0
    0.0	0.958579881656805
    0.155688622754491	0.976331360946746
    0.544910179640719	0.994082840236686
    0.850299401197605	1.0
    1.0	1.0
    ------------------
    Total Area Under Curve = 0.988271976756546
    ------------------
    Chi-Square = 0.00783419823547814
    P-Value (8 DF) = 0.999999999743027
Testing:
    Number of examples: 105
    Pearson correlation: [0.963545096270235]
    MSE: [0.0179021253153863]
    MAE: [0.0376485729426906]
     -------- Roc curve
    0.0	0.0
    0.0	0.962264150943396
    0.173076923076923	0.981132075471698
    0.557692307692308	0.981132075471698
    0.826923076923077	1.0
    1.0	1.0
    ------------------
    Total Area Under Curve = 0.985304789550073
    ------------------
    Chi-Square = 0.0261765402293884
    P-Value (8 DF) = 0.999999997964085


Compact notation of tree:

[0.501193317422434] 419.0 
fork(-A),plate(-B),not_near(A,B),action(near,A,B),A\==B ? 
+--yes: [0.822857142857143] 175.0 
|       plate(-C),near(C,A),not(C==A) ? 
|       +--yes: [0.0] 15.0 [0.0]
|       +--no:  [0.9] 160.0 
|               fork(-D),near(D,B),not(D==B) ? 
|               +--yes: [0.0] 2.0 [0.0]
|               +--no:  [0.911392405063291] 158.0 
|                       fork(-E),plate(-F),near(E,F),not(E==F) ? 
|                       +--yes: [0.964705882352941] 85.0 [0.0201330227743041]
|                       +--no:  [0.849315068493151] 73.0 
|                               spoon(-G),not_near(G,B),not(G==B) ? 
|                               +--yes: [0.0] 2.0 [0.0]
|                               +--no:  [0.873239436619718] 71.0 
|                                       spoon(-H),not_near(H,A),not(H==A) ? 
|                                       +--yes: [0.0] 1.0 [0.0]
|                                       +--no:  [0.885714285714286] 70.0 
|                                               plate(-I),not_near(I,B),not(I==B) ? 
|                                               +--yes: [0.804878048780488] 41.0 
|                                               |       near(B,-J),not(B==J) ? 
|                                               |       +--yes: [0.0] 4.0 [0.0]
|                                               |       +--no:  [0.891891891891892] 37.0 [0.0517528166354777]
|                                               +--no:  [1.0] 29.0 [0.0]
+--no:  [0.270491803278689] 244.0 
        fork(-K),plate(-L),near(K,L),done,K\==L ? 
        +--yes: [0.956521739130435] 69.0 
        |       fork(-M),fork(-N),near(M,N),not(M==N) ? 
        |       +--yes: [0.0] 1.0 [0.0]
        |       +--no:  [0.970588235294118] 68.0 [0.0206414713705158]
        +--no:  [0.0] 175.0 [0.0]

Equivalent prolog program:

class([0.0]) :- fork(A),plate(B),not_near(A,B),action(near,A,B),A\==B,plate(C),near(C,A),not(C==A), !.
% 15.0 examples.
class([0.0]) :- fork(A),plate(B),not_near(A,B),action(near,A,B),A\==B,fork(C),near(C,B),not(C==B), !.
% 2.0 examples.
class([0.964705882352941]) :- fork(A),plate(B),not_near(A,B),action(near,A,B),A\==B,fork(C),plate(D),near(C,D),not(C==D), !.
% 85.0 examples.
class([0.0]) :- fork(A),plate(B),not_near(A,B),action(near,A,B),A\==B,spoon(C),not_near(C,B),not(C==B), !.
% 2.0 examples.
class([0.0]) :- fork(A),plate(B),not_near(A,B),action(near,A,B),A\==B,spoon(C),not_near(C,A),not(C==A), !.
% 1.0 examples.
class([0.0]) :- fork(A),plate(B),not_near(A,B),action(near,A,B),A\==B,plate(C),not_near(C,B),not(C==B),near(B,D),not(B==D), !.
% 4.0 examples.
class([0.891891891891892]) :- fork(A),plate(B),not_near(A,B),action(near,A,B),A\==B,plate(C),not_near(C,B),not(C==B), !.
% 37.0 examples.
class([1.0]) :- fork(A),plate(B),not_near(A,B),action(near,A,B),A\==B, !.
% 29.0 examples.
class([0.0]) :- fork(A),plate(B),near(A,B),done,A\==B,fork(C),fork(D),near(C,D),not(C==D), !.
% 1.0 examples.
class([0.970588235294118]) :- fork(A),plate(B),near(A,B),done,A\==B, !.
% 68.0 examples.
class([0.0]).
% 175.0 examples.


