/** -------------------------------------------------
 ** Algorithm:   Tilde
 ** Output type: out
 ** Date:        8/11/2016 15:8:59
 ** ACE version: 1.2.20
 ** Hardware:    sumit-Lenovo-G505s : x86_64 running Linux
 ** -------------------------------------------------
 ** Settings:
 **
 ** Common ** 
 *  heuristic : gainratio (default) 
 *  tilde_mode : regression 
 *  intra_literal_sharing : yes (default) 
 *  query_batch_size : default (default) 
 *  single_query_generation : no (default) 
 *  inst_generation_prob : 1.0 (default) 
 *  rmode_inst_generation_prob : 1.0 (default) 
 *  query_sample_probability : 1.0 (default) 
 *  query_sample_algo : smart (default) 
 *  aggregate_refiners : no (default) 
 *  aggregate_recursion : no (default) 
 *  aggregate_maxconjuncts : 2 (default) 
 *  aggregate_lookahead : no (default) 
 *  aggregate_refinement : no (default) 
 *  example_cache : 102400 (default) 
 *  select_root_models : on (default) 
 *  write_predictions : [] (default) 
 *  compatibility : ace1.1 (default) 
 *  max_query_len : inf (default) 
 *  log_pid : off (default) 
 *  nsplit_unsorted_fractions : 0 (default) 
 *  nsplit_sorting : basic (default) 
 *  nsplit_version : basic (default) 
 *  nsplit_talking : off (default) 
 *  discretize : entropy (default) 
 *  transform_queries : once (default) 
 *  output_dir : default (default) 
 *  bg_file : default (default) 
 *  kb_file : default (default) 
 *  randomise : none (default) 
 *  report_timings : off (default) 
 *  default_prefix : off (default) 
 *  default_min : 1 (default) 
 *  default_preprocessing : off (default) 
 *  mi_distance_maxsample : 100 (default) 
 *  language_warnings : on (default) 
 *  expert_implicit_language : off (default) 
 *  granularity : 10 (default) 
 *  leave_out : is_test_model 
 *  classes : [] (default) 
 *  use_packs : ilp (default) 
 *  outerloop : queries (default) 
 *  talking : 2 
 *  load : examples 
 ** Tilde ** 
 *  combining_rules_EMiters : 10 (default) 
 *  combining_rules_EMruns : 5 (default) 
 *  combining_rules : off (default) 
 *  write_ensemble_models : [] (default) 
 *  tilde_maxdepth : inf (default) 
 *  exhaustive_lookahead : 0 (default) 
 *  query_length_bias : short (default) 
 *  special_min : 0.0 (default) 
 *  out_of_bag : no (default) 
 *  roulette_wheel_selection : no (default) 
 *  tilde_rst_optimization : no (default) 
 *  repeat_exec_time : 1 (default) 
 *  combination_rule : sum (default) 
 *  show_averages : 1 (default) 
 *  classify_mode : 0 (default) 
 *  complexity_penalty : 1.0 (default) 
 *  precompute : [] (default) 
 *  resume : off (default) 
 *  m_estimate : none (default) 
 *  output_options : [c45e,prolog,roc01,elaborate] 
 *  prune_rules : false (default) 
 *  confidence_level : 1 
 *  random_test_set : 0.15 
 *  random_validation_set : 0.15 
 *  stopping_criterion : mincases (default) 
 *  pruning : vsb 
 *  discretization : none (default) 
 *  multiscore_2 : off (default) 
 *  multiscore : off (default) 
 *  sampling_strategy : fixed(1000) (default) 
 *  max_querytime : 100 (default) 
 *  accuracy : 1 
 *  tilde_test_eval_model : std (default) 
 *  minimal_cases : 1 
 *  ftest : 0.05 (default) 
 *  tilde_version : 3.0 (default) 
 ************** 
 ** Language:
 **
 ** WARMODE BIAS ** 
 ** RMODE BIAS ** 
 *  rmode((action(#[near],+-A,+-B),not(A==B))) 
 *  rmode(bowl(+-A)) 
 *  rmode((bowl(+-A),action(#[near],A,+-B),A\==B)) 
 *  rmode((bowl(+-A),bowl(+-B),action(#[near],A,B),A\==B)) 
 *  rmode((bowl(+-A),bowl(+-B),done,A\==B)) 
 *  rmode((bowl(+-A),bowl(+-B),near(A,B),not(A==B))) 
 *  rmode((bowl(+-A),bowl(+-B),near(A,B),action(#[near],A,B),A\==B)) 
 *  rmode((bowl(+-A),bowl(+-B),near(A,B),action(#[near],B,A),A\==B)) 
 *  rmode((bowl(+-A),bowl(+-B),near(A,B),done,A\==B)) 
 *  rmode((bowl(+-A),bowl(+-B),not_near(A,B),not(A==B))) 
 *  rmode((bowl(+-A),bowl(+-B),not_near(A,B),action(#[near],A,B),A\==B)) 
 *  rmode((bowl(+-A),bowl(+-B),not_near(A,B),action(#[near],B,A),A\==B)) 
 *  rmode((bowl(+-A),bowl(+-B),not_near(A,B),done,A\==B)) 
 *  rmode((bowl(+-A),cup(+-B),action(#[near],A,B),A\==B)) 
 *  rmode((bowl(+-A),cup(+-B),done,A\==B)) 
 *  rmode((bowl(+-A),cup(+-B),near(A,B),not(A==B))) 
 *  rmode((bowl(+-A),cup(+-B),near(A,B),action(#[near],A,B),A\==B)) 
 *  rmode((bowl(+-A),cup(+-B),near(A,B),action(#[near],B,A),A\==B)) 
 *  rmode((bowl(+-A),cup(+-B),near(A,B),done,A\==B)) 
 *  rmode((bowl(+-A),cup(+-B),not_near(A,B),not(A==B))) 
 *  rmode((bowl(+-A),cup(+-B),not_near(A,B),action(#[near],A,B),A\==B)) 
 *  rmode((bowl(+-A),cup(+-B),not_near(A,B),action(#[near],B,A),A\==B)) 
 *  rmode((bowl(+-A),cup(+-B),not_near(A,B),done,A\==B)) 
 *  rmode((bowl(+-A),done)) 
 *  rmode((bowl(+-A),fork(+-B),action(#[near],A,B),A\==B)) 
 *  rmode((bowl(+-A),fork(+-B),done,A\==B)) 
 *  rmode((bowl(+-A),fork(+-B),near(A,B),not(A==B))) 
 *  rmode((bowl(+-A),fork(+-B),near(A,B),action(#[near],A,B),A\==B)) 
 *  rmode((bowl(+-A),fork(+-B),near(A,B),action(#[near],B,A),A\==B)) 
 *  rmode((bowl(+-A),fork(+-B),near(A,B),done,A\==B)) 
 *  rmode((bowl(+-A),fork(+-B),not_near(A,B),not(A==B))) 
 *  rmode((bowl(+-A),fork(+-B),not_near(A,B),action(#[near],A,B),A\==B)) 
 *  rmode((bowl(+-A),fork(+-B),not_near(A,B),action(#[near],B,A),A\==B)) 
 *  rmode((bowl(+-A),fork(+-B),not_near(A,B),done,A\==B)) 
 *  rmode((bowl(+-A),near(A,+-B),not(A==B))) 
 *  rmode((bowl(+-A),near(A,+-B),action(#[near],A,B),A\==B)) 
 *  rmode((bowl(+-A),near(A,+-B),action(#[near],B,A),A\==B)) 
 *  rmode((bowl(+-A),near(A,+-B),done,A\==B)) 
 *  rmode((bowl(+-A),not_bowl(+-B),action(#[near],A,B),A\==B)) 
 *  rmode((bowl(+-A),not_bowl(+-B),done,A\==B)) 
 *  rmode((bowl(+-A),not_bowl(+-B),near(A,B),not(A==B))) 
 *  rmode((bowl(+-A),not_bowl(+-B),near(A,B),action(#[near],A,B),A\==B)) 
 *  rmode((bowl(+-A),not_bowl(+-B),near(A,B),action(#[near],B,A),A\==B)) 
 *  rmode((bowl(+-A),not_bowl(+-B),near(A,B),done,A\==B)) 
 *  rmode((bowl(+-A),not_bowl(+-B),not_near(A,B),not(A==B))) 
 *  rmode((bowl(+-A),not_bowl(+-B),not_near(A,B),action(#[near],A,B),A\==B)) 
 *  rmode((bowl(+-A),not_bowl(+-B),not_near(A,B),action(#[near],B,A),A\==B)) 
 *  rmode((bowl(+-A),not_bowl(+-B),not_near(A,B),done,A\==B)) 
 *  rmode((bowl(+-A),not_cup(+-B),action(#[near],A,B),A\==B)) 
 *  rmode((bowl(+-A),not_cup(+-B),done,A\==B)) 
 *  rmode((bowl(+-A),not_cup(+-B),near(A,B),not(A==B))) 
 *  rmode((bowl(+-A),not_cup(+-B),near(A,B),action(#[near],A,B),A\==B)) 
 *  rmode((bowl(+-A),not_cup(+-B),near(A,B),action(#[near],B,A),A\==B)) 
 *  rmode((bowl(+-A),not_cup(+-B),near(A,B),done,A\==B)) 
 *  rmode((bowl(+-A),not_cup(+-B),not_near(A,B),not(A==B))) 
 *  rmode((bowl(+-A),not_cup(+-B),not_near(A,B),action(#[near],A,B),A\==B)) 
 *  rmode((bowl(+-A),not_cup(+-B),not_near(A,B),action(#[near],B,A),A\==B)) 
 *  rmode((bowl(+-A),not_cup(+-B),not_near(A,B),done,A\==B)) 
 *  rmode((bowl(+-A),not_fork(+-B),action(#[near],A,B),A\==B)) 
 *  rmode((bowl(+-A),not_fork(+-B),done,A\==B)) 
 *  rmode((bowl(+-A),not_fork(+-B),near(A,B),not(A==B))) 
 *  rmode((bowl(+-A),not_fork(+-B),near(A,B),action(#[near],A,B),A\==B)) 
 *  rmode((bowl(+-A),not_fork(+-B),near(A,B),action(#[near],B,A),A\==B)) 
 *  rmode((bowl(+-A),not_fork(+-B),near(A,B),done,A\==B)) 
 *  rmode((bowl(+-A),not_fork(+-B),not_near(A,B),not(A==B))) 
 *  rmode((bowl(+-A),not_fork(+-B),not_near(A,B),action(#[near],A,B),A\==B)) 
 *  rmode((bowl(+-A),not_fork(+-B),not_near(A,B),action(#[near],B,A),A\==B)) 
 *  rmode((bowl(+-A),not_fork(+-B),not_near(A,B),done,A\==B)) 
 *  rmode((bowl(+-A),not_near(A,+-B),not(A==B))) 
 *  rmode((bowl(+-A),not_near(A,+-B),action(#[near],A,B),A\==B)) 
 *  rmode((bowl(+-A),not_near(A,+-B),action(#[near],B,A),A\==B)) 
 *  rmode((bowl(+-A),not_near(A,+-B),done,A\==B)) 
 *  rmode((bowl(+-A),not_plate(+-B),action(#[near],A,B),A\==B)) 
 *  rmode((bowl(+-A),not_plate(+-B),done,A\==B)) 
 *  rmode((bowl(+-A),not_plate(+-B),near(A,B),not(A==B))) 
 *  rmode((bowl(+-A),not_plate(+-B),near(A,B),action(#[near],A,B),A\==B)) 
 *  rmode((bowl(+-A),not_plate(+-B),near(A,B),action(#[near],B,A),A\==B)) 
 *  rmode((bowl(+-A),not_plate(+-B),near(A,B),done,A\==B)) 
 *  rmode((bowl(+-A),not_plate(+-B),not_near(A,B),not(A==B))) 
 *  rmode((bowl(+-A),not_plate(+-B),not_near(A,B),action(#[near],A,B),A\==B)) 
 *  rmode((bowl(+-A),not_plate(+-B),not_near(A,B),action(#[near],B,A),A\==B)) 
 *  rmode((bowl(+-A),not_plate(+-B),not_near(A,B),done,A\==B)) 
 *  rmode((bowl(+-A),plate(+-B),action(#[near],A,B),A\==B)) 
 *  rmode((bowl(+-A),plate(+-B),done,A\==B)) 
 *  rmode((bowl(+-A),plate(+-B),near(A,B),not(A==B))) 
 *  rmode((bowl(+-A),plate(+-B),near(A,B),action(#[near],A,B),A\==B)) 
 *  rmode((bowl(+-A),plate(+-B),near(A,B),action(#[near],B,A),A\==B)) 
 *  rmode((bowl(+-A),plate(+-B),near(A,B),done,A\==B)) 
 *  rmode((bowl(+-A),plate(+-B),not_near(A,B),not(A==B))) 
 *  rmode((bowl(+-A),plate(+-B),not_near(A,B),action(#[near],A,B),A\==B)) 
 *  rmode((bowl(+-A),plate(+-B),not_near(A,B),action(#[near],B,A),A\==B)) 
 *  rmode((bowl(+-A),plate(+-B),not_near(A,B),done,A\==B)) 
 *  rmode((bowl(+-A),action(#[near],+-B,A),B\==A)) 
 *  rmode((bowl(+-A),near(+-B,A),not(B==A))) 
 *  rmode((bowl(+-A),near(+-B,A),action(#[near],B,A),B\==A)) 
 *  rmode((bowl(+-A),near(+-B,A),action(#[near],A,B),B\==A)) 
 *  rmode((bowl(+-A),near(+-B,A),done,B\==A)) 
 *  rmode((bowl(+-A),not_near(+-B,A),not(B==A))) 
 *  rmode((bowl(+-A),not_near(+-B,A),action(#[near],B,A),B\==A)) 
 *  rmode((bowl(+-A),not_near(+-B,A),action(#[near],A,B),B\==A)) 
 *  rmode((bowl(+-A),not_near(+-B,A),done,B\==A)) 
 *  rmode(cup(+-A)) 
 *  rmode((cup(+-A),action(#[near],A,+-B),A\==B)) 
 *  rmode((cup(+-A),bowl(+-B),action(#[near],A,B),A\==B)) 
 *  rmode((cup(+-A),bowl(+-B),done,A\==B)) 
 *  rmode((cup(+-A),bowl(+-B),near(A,B),not(A==B))) 
 *  rmode((cup(+-A),bowl(+-B),near(A,B),action(#[near],A,B),A\==B)) 
 *  rmode((cup(+-A),bowl(+-B),near(A,B),action(#[near],B,A),A\==B)) 
 *  rmode((cup(+-A),bowl(+-B),near(A,B),done,A\==B)) 
 *  rmode((cup(+-A),bowl(+-B),not_near(A,B),not(A==B))) 
 *  rmode((cup(+-A),bowl(+-B),not_near(A,B),action(#[near],A,B),A\==B)) 
 *  rmode((cup(+-A),bowl(+-B),not_near(A,B),action(#[near],B,A),A\==B)) 
 *  rmode((cup(+-A),bowl(+-B),not_near(A,B),done,A\==B)) 
 *  rmode((cup(+-A),cup(+-B),action(#[near],A,B),A\==B)) 
 *  rmode((cup(+-A),cup(+-B),done,A\==B)) 
 *  rmode((cup(+-A),cup(+-B),near(A,B),not(A==B))) 
 *  rmode((cup(+-A),cup(+-B),near(A,B),action(#[near],A,B),A\==B)) 
 *  rmode((cup(+-A),cup(+-B),near(A,B),action(#[near],B,A),A\==B)) 
 *  rmode((cup(+-A),cup(+-B),near(A,B),done,A\==B)) 
 *  rmode((cup(+-A),cup(+-B),not_near(A,B),not(A==B))) 
 *  rmode((cup(+-A),cup(+-B),not_near(A,B),action(#[near],A,B),A\==B)) 
 *  rmode((cup(+-A),cup(+-B),not_near(A,B),action(#[near],B,A),A\==B)) 
 *  rmode((cup(+-A),cup(+-B),not_near(A,B),done,A\==B)) 
 *  rmode((cup(+-A),done)) 
 *  rmode((cup(+-A),fork(+-B),action(#[near],A,B),A\==B)) 
 *  rmode((cup(+-A),fork(+-B),done,A\==B)) 
 *  rmode((cup(+-A),fork(+-B),near(A,B),not(A==B))) 
 *  rmode((cup(+-A),fork(+-B),near(A,B),action(#[near],A,B),A\==B)) 
 *  rmode((cup(+-A),fork(+-B),near(A,B),action(#[near],B,A),A\==B)) 
 *  rmode((cup(+-A),fork(+-B),near(A,B),done,A\==B)) 
 *  rmode((cup(+-A),fork(+-B),not_near(A,B),not(A==B))) 
 *  rmode((cup(+-A),fork(+-B),not_near(A,B),action(#[near],A,B),A\==B)) 
 *  rmode((cup(+-A),fork(+-B),not_near(A,B),action(#[near],B,A),A\==B)) 
 *  rmode((cup(+-A),fork(+-B),not_near(A,B),done,A\==B)) 
 *  rmode((cup(+-A),near(A,+-B),not(A==B))) 
 *  rmode((cup(+-A),near(A,+-B),action(#[near],A,B),A\==B)) 
 *  rmode((cup(+-A),near(A,+-B),action(#[near],B,A),A\==B)) 
 *  rmode((cup(+-A),near(A,+-B),done,A\==B)) 
 *  rmode((cup(+-A),not_bowl(+-B),action(#[near],A,B),A\==B)) 
 *  rmode((cup(+-A),not_bowl(+-B),done,A\==B)) 
 *  rmode((cup(+-A),not_bowl(+-B),near(A,B),not(A==B))) 
 *  rmode((cup(+-A),not_bowl(+-B),near(A,B),action(#[near],A,B),A\==B)) 
 *  rmode((cup(+-A),not_bowl(+-B),near(A,B),action(#[near],B,A),A\==B)) 
 *  rmode((cup(+-A),not_bowl(+-B),near(A,B),done,A\==B)) 
 *  rmode((cup(+-A),not_bowl(+-B),not_near(A,B),not(A==B))) 
 *  rmode((cup(+-A),not_bowl(+-B),not_near(A,B),action(#[near],A,B),A\==B)) 
 *  rmode((cup(+-A),not_bowl(+-B),not_near(A,B),action(#[near],B,A),A\==B)) 
 *  rmode((cup(+-A),not_bowl(+-B),not_near(A,B),done,A\==B)) 
 *  rmode((cup(+-A),not_cup(+-B),action(#[near],A,B),A\==B)) 
 *  rmode((cup(+-A),not_cup(+-B),done,A\==B)) 
 *  rmode((cup(+-A),not_cup(+-B),near(A,B),not(A==B))) 
 *  rmode((cup(+-A),not_cup(+-B),near(A,B),action(#[near],A,B),A\==B)) 
 *  rmode((cup(+-A),not_cup(+-B),near(A,B),action(#[near],B,A),A\==B)) 
 *  rmode((cup(+-A),not_cup(+-B),near(A,B),done,A\==B)) 
 *  rmode((cup(+-A),not_cup(+-B),not_near(A,B),not(A==B))) 
 *  rmode((cup(+-A),not_cup(+-B),not_near(A,B),action(#[near],A,B),A\==B)) 
 *  rmode((cup(+-A),not_cup(+-B),not_near(A,B),action(#[near],B,A),A\==B)) 
 *  rmode((cup(+-A),not_cup(+-B),not_near(A,B),done,A\==B)) 
 *  rmode((cup(+-A),not_fork(+-B),action(#[near],A,B),A\==B)) 
 *  rmode((cup(+-A),not_fork(+-B),done,A\==B)) 
 *  rmode((cup(+-A),not_fork(+-B),near(A,B),not(A==B))) 
 *  rmode((cup(+-A),not_fork(+-B),near(A,B),action(#[near],A,B),A\==B)) 
 *  rmode((cup(+-A),not_fork(+-B),near(A,B),action(#[near],B,A),A\==B)) 
 *  rmode((cup(+-A),not_fork(+-B),near(A,B),done,A\==B)) 
 *  rmode((cup(+-A),not_fork(+-B),not_near(A,B),not(A==B))) 
 *  rmode((cup(+-A),not_fork(+-B),not_near(A,B),action(#[near],A,B),A\==B)) 
 *  rmode((cup(+-A),not_fork(+-B),not_near(A,B),action(#[near],B,A),A\==B)) 
 *  rmode((cup(+-A),not_fork(+-B),not_near(A,B),done,A\==B)) 
 *  rmode((cup(+-A),not_near(A,+-B),not(A==B))) 
 *  rmode((cup(+-A),not_near(A,+-B),action(#[near],A,B),A\==B)) 
 *  rmode((cup(+-A),not_near(A,+-B),action(#[near],B,A),A\==B)) 
 *  rmode((cup(+-A),not_near(A,+-B),done,A\==B)) 
 *  rmode((cup(+-A),not_plate(+-B),action(#[near],A,B),A\==B)) 
 *  rmode((cup(+-A),not_plate(+-B),done,A\==B)) 
 *  rmode((cup(+-A),not_plate(+-B),near(A,B),not(A==B))) 
 *  rmode((cup(+-A),not_plate(+-B),near(A,B),action(#[near],A,B),A\==B)) 
 *  rmode((cup(+-A),not_plate(+-B),near(A,B),action(#[near],B,A),A\==B)) 
 *  rmode((cup(+-A),not_plate(+-B),near(A,B),done,A\==B)) 
 *  rmode((cup(+-A),not_plate(+-B),not_near(A,B),not(A==B))) 
 *  rmode((cup(+-A),not_plate(+-B),not_near(A,B),action(#[near],A,B),A\==B)) 
 *  rmode((cup(+-A),not_plate(+-B),not_near(A,B),action(#[near],B,A),A\==B)) 
 *  rmode((cup(+-A),not_plate(+-B),not_near(A,B),done,A\==B)) 
 *  rmode((cup(+-A),plate(+-B),action(#[near],A,B),A\==B)) 
 *  rmode((cup(+-A),plate(+-B),done,A\==B)) 
 *  rmode((cup(+-A),plate(+-B),near(A,B),not(A==B))) 
 *  rmode((cup(+-A),plate(+-B),near(A,B),action(#[near],A,B),A\==B)) 
 *  rmode((cup(+-A),plate(+-B),near(A,B),action(#[near],B,A),A\==B)) 
 *  rmode((cup(+-A),plate(+-B),near(A,B),done,A\==B)) 
 *  rmode((cup(+-A),plate(+-B),not_near(A,B),not(A==B))) 
 *  rmode((cup(+-A),plate(+-B),not_near(A,B),action(#[near],A,B),A\==B)) 
 *  rmode((cup(+-A),plate(+-B),not_near(A,B),action(#[near],B,A),A\==B)) 
 *  rmode((cup(+-A),plate(+-B),not_near(A,B),done,A\==B)) 
 *  rmode((cup(+-A),action(#[near],+-B,A),B\==A)) 
 *  rmode((cup(+-A),near(+-B,A),not(B==A))) 
 *  rmode((cup(+-A),near(+-B,A),action(#[near],B,A),B\==A)) 
 *  rmode((cup(+-A),near(+-B,A),action(#[near],A,B),B\==A)) 
 *  rmode((cup(+-A),near(+-B,A),done,B\==A)) 
 *  rmode((cup(+-A),not_near(+-B,A),not(B==A))) 
 *  rmode((cup(+-A),not_near(+-B,A),action(#[near],B,A),B\==A)) 
 *  rmode((cup(+-A),not_near(+-B,A),action(#[near],A,B),B\==A)) 
 *  rmode((cup(+-A),not_near(+-B,A),done,B\==A)) 
 *  rmode(done) 
 *  rmode(fork(+-A)) 
 *  rmode((fork(+-A),action(#[near],A,+-B),A\==B)) 
 *  rmode((fork(+-A),bowl(+-B),action(#[near],A,B),A\==B)) 
 *  rmode((fork(+-A),bowl(+-B),done,A\==B)) 
 *  rmode((fork(+-A),bowl(+-B),near(A,B),not(A==B))) 
 *  rmode((fork(+-A),bowl(+-B),near(A,B),action(#[near],A,B),A\==B)) 
 *  rmode((fork(+-A),bowl(+-B),near(A,B),action(#[near],B,A),A\==B)) 
 *  rmode((fork(+-A),bowl(+-B),near(A,B),done,A\==B)) 
 *  rmode((fork(+-A),bowl(+-B),not_near(A,B),not(A==B))) 
 *  rmode((fork(+-A),bowl(+-B),not_near(A,B),action(#[near],A,B),A\==B)) 
 *  rmode((fork(+-A),bowl(+-B),not_near(A,B),action(#[near],B,A),A\==B)) 
 *  rmode((fork(+-A),bowl(+-B),not_near(A,B),done,A\==B)) 
 *  rmode((fork(+-A),cup(+-B),action(#[near],A,B),A\==B)) 
 *  rmode((fork(+-A),cup(+-B),done,A\==B)) 
 *  rmode((fork(+-A),cup(+-B),near(A,B),not(A==B))) 
 *  rmode((fork(+-A),cup(+-B),near(A,B),action(#[near],A,B),A\==B)) 
 *  rmode((fork(+-A),cup(+-B),near(A,B),action(#[near],B,A),A\==B)) 
 *  rmode((fork(+-A),cup(+-B),near(A,B),done,A\==B)) 
 *  rmode((fork(+-A),cup(+-B),not_near(A,B),not(A==B))) 
 *  rmode((fork(+-A),cup(+-B),not_near(A,B),action(#[near],A,B),A\==B)) 
 *  rmode((fork(+-A),cup(+-B),not_near(A,B),action(#[near],B,A),A\==B)) 
 *  rmode((fork(+-A),cup(+-B),not_near(A,B),done,A\==B)) 
 *  rmode((fork(+-A),done)) 
 *  rmode((fork(+-A),fork(+-B),action(#[near],A,B),A\==B)) 
 *  rmode((fork(+-A),fork(+-B),done,A\==B)) 
 *  rmode((fork(+-A),fork(+-B),near(A,B),not(A==B))) 
 *  rmode((fork(+-A),fork(+-B),near(A,B),action(#[near],A,B),A\==B)) 
 *  rmode((fork(+-A),fork(+-B),near(A,B),action(#[near],B,A),A\==B)) 
 *  rmode((fork(+-A),fork(+-B),near(A,B),done,A\==B)) 
 *  rmode((fork(+-A),fork(+-B),not_near(A,B),not(A==B))) 
 *  rmode((fork(+-A),fork(+-B),not_near(A,B),action(#[near],A,B),A\==B)) 
 *  rmode((fork(+-A),fork(+-B),not_near(A,B),action(#[near],B,A),A\==B)) 
 *  rmode((fork(+-A),fork(+-B),not_near(A,B),done,A\==B)) 
 *  rmode((fork(+-A),near(A,+-B),not(A==B))) 
 *  rmode((fork(+-A),near(A,+-B),action(#[near],A,B),A\==B)) 
 *  rmode((fork(+-A),near(A,+-B),action(#[near],B,A),A\==B)) 
 *  rmode((fork(+-A),near(A,+-B),done,A\==B)) 
 *  rmode((fork(+-A),not_bowl(+-B),action(#[near],A,B),A\==B)) 
 *  rmode((fork(+-A),not_bowl(+-B),done,A\==B)) 
 *  rmode((fork(+-A),not_bowl(+-B),near(A,B),not(A==B))) 
 *  rmode((fork(+-A),not_bowl(+-B),near(A,B),action(#[near],A,B),A\==B)) 
 *  rmode((fork(+-A),not_bowl(+-B),near(A,B),action(#[near],B,A),A\==B)) 
 *  rmode((fork(+-A),not_bowl(+-B),near(A,B),done,A\==B)) 
 *  rmode((fork(+-A),not_bowl(+-B),not_near(A,B),not(A==B))) 
 *  rmode((fork(+-A),not_bowl(+-B),not_near(A,B),action(#[near],A,B),A\==B)) 
 *  rmode((fork(+-A),not_bowl(+-B),not_near(A,B),action(#[near],B,A),A\==B)) 
 *  rmode((fork(+-A),not_bowl(+-B),not_near(A,B),done,A\==B)) 
 *  rmode((fork(+-A),not_cup(+-B),action(#[near],A,B),A\==B)) 
 *  rmode((fork(+-A),not_cup(+-B),done,A\==B)) 
 *  rmode((fork(+-A),not_cup(+-B),near(A,B),not(A==B))) 
 *  rmode((fork(+-A),not_cup(+-B),near(A,B),action(#[near],A,B),A\==B)) 
 *  rmode((fork(+-A),not_cup(+-B),near(A,B),action(#[near],B,A),A\==B)) 
 *  rmode((fork(+-A),not_cup(+-B),near(A,B),done,A\==B)) 
 *  rmode((fork(+-A),not_cup(+-B),not_near(A,B),not(A==B))) 
 *  rmode((fork(+-A),not_cup(+-B),not_near(A,B),action(#[near],A,B),A\==B)) 
 *  rmode((fork(+-A),not_cup(+-B),not_near(A,B),action(#[near],B,A),A\==B)) 
 *  rmode((fork(+-A),not_cup(+-B),not_near(A,B),done,A\==B)) 
 *  rmode((fork(+-A),not_fork(+-B),action(#[near],A,B),A\==B)) 
 *  rmode((fork(+-A),not_fork(+-B),done,A\==B)) 
 *  rmode((fork(+-A),not_fork(+-B),near(A,B),not(A==B))) 
 *  rmode((fork(+-A),not_fork(+-B),near(A,B),action(#[near],A,B),A\==B)) 
 *  rmode((fork(+-A),not_fork(+-B),near(A,B),action(#[near],B,A),A\==B)) 
 *  rmode((fork(+-A),not_fork(+-B),near(A,B),done,A\==B)) 
 *  rmode((fork(+-A),not_fork(+-B),not_near(A,B),not(A==B))) 
 *  rmode((fork(+-A),not_fork(+-B),not_near(A,B),action(#[near],A,B),A\==B)) 
 *  rmode((fork(+-A),not_fork(+-B),not_near(A,B),action(#[near],B,A),A\==B)) 
 *  rmode((fork(+-A),not_fork(+-B),not_near(A,B),done,A\==B)) 
 *  rmode((fork(+-A),not_near(A,+-B),not(A==B))) 
 *  rmode((fork(+-A),not_near(A,+-B),action(#[near],A,B),A\==B)) 
 *  rmode((fork(+-A),not_near(A,+-B),action(#[near],B,A),A\==B)) 
 *  rmode((fork(+-A),not_near(A,+-B),done,A\==B)) 
 *  rmode((fork(+-A),not_plate(+-B),action(#[near],A,B),A\==B)) 
 *  rmode((fork(+-A),not_plate(+-B),done,A\==B)) 
 *  rmode((fork(+-A),not_plate(+-B),near(A,B),not(A==B))) 
 *  rmode((fork(+-A),not_plate(+-B),near(A,B),action(#[near],A,B),A\==B)) 
 *  rmode((fork(+-A),not_plate(+-B),near(A,B),action(#[near],B,A),A\==B)) 
 *  rmode((fork(+-A),not_plate(+-B),near(A,B),done,A\==B)) 
 *  rmode((fork(+-A),not_plate(+-B),not_near(A,B),not(A==B))) 
 *  rmode((fork(+-A),not_plate(+-B),not_near(A,B),action(#[near],A,B),A\==B)) 
 *  rmode((fork(+-A),not_plate(+-B),not_near(A,B),action(#[near],B,A),A\==B)) 
 *  rmode((fork(+-A),not_plate(+-B),not_near(A,B),done,A\==B)) 
 *  rmode((fork(+-A),plate(+-B),action(#[near],A,B),A\==B)) 
 *  rmode((fork(+-A),plate(+-B),done,A\==B)) 
 *  rmode((fork(+-A),plate(+-B),near(A,B),not(A==B))) 
 *  rmode((fork(+-A),plate(+-B),near(A,B),action(#[near],A,B),A\==B)) 
 *  rmode((fork(+-A),plate(+-B),near(A,B),action(#[near],B,A),A\==B)) 
 *  rmode((fork(+-A),plate(+-B),near(A,B),done,A\==B)) 
 *  rmode((fork(+-A),plate(+-B),not_near(A,B),not(A==B))) 
 *  rmode((fork(+-A),plate(+-B),not_near(A,B),action(#[near],A,B),A\==B)) 
 *  rmode((fork(+-A),plate(+-B),not_near(A,B),action(#[near],B,A),A\==B)) 
 *  rmode((fork(+-A),plate(+-B),not_near(A,B),done,A\==B)) 
 *  rmode((fork(+-A),action(#[near],+-B,A),B\==A)) 
 *  rmode((fork(+-A),near(+-B,A),not(B==A))) 
 *  rmode((fork(+-A),near(+-B,A),action(#[near],B,A),B\==A)) 
 *  rmode((fork(+-A),near(+-B,A),action(#[near],A,B),B\==A)) 
 *  rmode((fork(+-A),near(+-B,A),done,B\==A)) 
 *  rmode((fork(+-A),not_near(+-B,A),not(B==A))) 
 *  rmode((fork(+-A),not_near(+-B,A),action(#[near],B,A),B\==A)) 
 *  rmode((fork(+-A),not_near(+-B,A),action(#[near],A,B),B\==A)) 
 *  rmode((fork(+-A),not_near(+-B,A),done,B\==A)) 
 *  rmode((near(+-A,+-B),not(A==B))) 
 *  rmode(not_bowl(+-A)) 
 *  rmode((not_bowl(+-A),action(#[near],A,+-B),A\==B)) 
 *  rmode((not_bowl(+-A),bowl(+-B),action(#[near],A,B),A\==B)) 
 *  rmode((not_bowl(+-A),bowl(+-B),done,A\==B)) 
 *  rmode((not_bowl(+-A),bowl(+-B),near(A,B),not(A==B))) 
 *  rmode((not_bowl(+-A),bowl(+-B),near(A,B),action(#[near],A,B),A\==B)) 
 *  rmode((not_bowl(+-A),bowl(+-B),near(A,B),action(#[near],B,A),A\==B)) 
 *  rmode((not_bowl(+-A),bowl(+-B),near(A,B),done,A\==B)) 
 *  rmode((not_bowl(+-A),bowl(+-B),not_near(A,B),not(A==B))) 
 *  rmode((not_bowl(+-A),bowl(+-B),not_near(A,B),action(#[near],A,B),A\==B)) 
 *  rmode((not_bowl(+-A),bowl(+-B),not_near(A,B),action(#[near],B,A),A\==B)) 
 *  rmode((not_bowl(+-A),bowl(+-B),not_near(A,B),done,A\==B)) 
 *  rmode((not_bowl(+-A),cup(+-B),action(#[near],A,B),A\==B)) 
 *  rmode((not_bowl(+-A),cup(+-B),done,A\==B)) 
 *  rmode((not_bowl(+-A),cup(+-B),near(A,B),not(A==B))) 
 *  rmode((not_bowl(+-A),cup(+-B),near(A,B),action(#[near],A,B),A\==B)) 
 *  rmode((not_bowl(+-A),cup(+-B),near(A,B),action(#[near],B,A),A\==B)) 
 *  rmode((not_bowl(+-A),cup(+-B),near(A,B),done,A\==B)) 
 *  rmode((not_bowl(+-A),cup(+-B),not_near(A,B),not(A==B))) 
 *  rmode((not_bowl(+-A),cup(+-B),not_near(A,B),action(#[near],A,B),A\==B)) 
 *  rmode((not_bowl(+-A),cup(+-B),not_near(A,B),action(#[near],B,A),A\==B)) 
 *  rmode((not_bowl(+-A),cup(+-B),not_near(A,B),done,A\==B)) 
 *  rmode((not_bowl(+-A),done)) 
 *  rmode((not_bowl(+-A),fork(+-B),action(#[near],A,B),A\==B)) 
 *  rmode((not_bowl(+-A),fork(+-B),done,A\==B)) 
 *  rmode((not_bowl(+-A),fork(+-B),near(A,B),not(A==B))) 
 *  rmode((not_bowl(+-A),fork(+-B),near(A,B),action(#[near],A,B),A\==B)) 
 *  rmode((not_bowl(+-A),fork(+-B),near(A,B),action(#[near],B,A),A\==B)) 
 *  rmode((not_bowl(+-A),fork(+-B),near(A,B),done,A\==B)) 
 *  rmode((not_bowl(+-A),fork(+-B),not_near(A,B),not(A==B))) 
 *  rmode((not_bowl(+-A),fork(+-B),not_near(A,B),action(#[near],A,B),A\==B)) 
 *  rmode((not_bowl(+-A),fork(+-B),not_near(A,B),action(#[near],B,A),A\==B)) 
 *  rmode((not_bowl(+-A),fork(+-B),not_near(A,B),done,A\==B)) 
 *  rmode((not_bowl(+-A),near(A,+-B),not(A==B))) 
 *  rmode((not_bowl(+-A),near(A,+-B),action(#[near],A,B),A\==B)) 
 *  rmode((not_bowl(+-A),near(A,+-B),action(#[near],B,A),A\==B)) 
 *  rmode((not_bowl(+-A),near(A,+-B),done,A\==B)) 
 *  rmode((not_bowl(+-A),not_bowl(+-B),action(#[near],A,B),A\==B)) 
 *  rmode((not_bowl(+-A),not_bowl(+-B),done,A\==B)) 
 *  rmode((not_bowl(+-A),not_bowl(+-B),near(A,B),not(A==B))) 
 *  rmode((not_bowl(+-A),not_bowl(+-B),near(A,B),action(#[near],A,B),A\==B)) 
 *  rmode((not_bowl(+-A),not_bowl(+-B),near(A,B),action(#[near],B,A),A\==B)) 
 *  rmode((not_bowl(+-A),not_bowl(+-B),near(A,B),done,A\==B)) 
 *  rmode((not_bowl(+-A),not_bowl(+-B),not_near(A,B),not(A==B))) 
 *  rmode((not_bowl(+-A),not_bowl(+-B),not_near(A,B),action(#[near],A,B),A\==B)) 
 *  rmode((not_bowl(+-A),not_bowl(+-B),not_near(A,B),action(#[near],B,A),A\==B)) 
 *  rmode((not_bowl(+-A),not_bowl(+-B),not_near(A,B),done,A\==B)) 
 *  rmode((not_bowl(+-A),not_cup(+-B),action(#[near],A,B),A\==B)) 
 *  rmode((not_bowl(+-A),not_cup(+-B),done,A\==B)) 
 *  rmode((not_bowl(+-A),not_cup(+-B),near(A,B),not(A==B))) 
 *  rmode((not_bowl(+-A),not_cup(+-B),near(A,B),action(#[near],A,B),A\==B)) 
 *  rmode((not_bowl(+-A),not_cup(+-B),near(A,B),action(#[near],B,A),A\==B)) 
 *  rmode((not_bowl(+-A),not_cup(+-B),near(A,B),done,A\==B)) 
 *  rmode((not_bowl(+-A),not_cup(+-B),not_near(A,B),not(A==B))) 
 *  rmode((not_bowl(+-A),not_cup(+-B),not_near(A,B),action(#[near],A,B),A\==B)) 
 *  rmode((not_bowl(+-A),not_cup(+-B),not_near(A,B),action(#[near],B,A),A\==B)) 
 *  rmode((not_bowl(+-A),not_cup(+-B),not_near(A,B),done,A\==B)) 
 *  rmode((not_bowl(+-A),not_fork(+-B),action(#[near],A,B),A\==B)) 
 *  rmode((not_bowl(+-A),not_fork(+-B),done,A\==B)) 
 *  rmode((not_bowl(+-A),not_fork(+-B),near(A,B),not(A==B))) 
 *  rmode((not_bowl(+-A),not_fork(+-B),near(A,B),action(#[near],A,B),A\==B)) 
 *  rmode((not_bowl(+-A),not_fork(+-B),near(A,B),action(#[near],B,A),A\==B)) 
 *  rmode((not_bowl(+-A),not_fork(+-B),near(A,B),done,A\==B)) 
 *  rmode((not_bowl(+-A),not_fork(+-B),not_near(A,B),not(A==B))) 
 *  rmode((not_bowl(+-A),not_fork(+-B),not_near(A,B),action(#[near],A,B),A\==B)) 
 *  rmode((not_bowl(+-A),not_fork(+-B),not_near(A,B),action(#[near],B,A),A\==B)) 
 *  rmode((not_bowl(+-A),not_fork(+-B),not_near(A,B),done,A\==B)) 
 *  rmode((not_bowl(+-A),not_near(A,+-B),not(A==B))) 
 *  rmode((not_bowl(+-A),not_near(A,+-B),action(#[near],A,B),A\==B)) 
 *  rmode((not_bowl(+-A),not_near(A,+-B),action(#[near],B,A),A\==B)) 
 *  rmode((not_bowl(+-A),not_near(A,+-B),done,A\==B)) 
 *  rmode((not_bowl(+-A),not_plate(+-B),action(#[near],A,B),A\==B)) 
 *  rmode((not_bowl(+-A),not_plate(+-B),done,A\==B)) 
 *  rmode((not_bowl(+-A),not_plate(+-B),near(A,B),not(A==B))) 
 *  rmode((not_bowl(+-A),not_plate(+-B),near(A,B),action(#[near],A,B),A\==B)) 
 *  rmode((not_bowl(+-A),not_plate(+-B),near(A,B),action(#[near],B,A),A\==B)) 
 *  rmode((not_bowl(+-A),not_plate(+-B),near(A,B),done,A\==B)) 
 *  rmode((not_bowl(+-A),not_plate(+-B),not_near(A,B),not(A==B))) 
 *  rmode((not_bowl(+-A),not_plate(+-B),not_near(A,B),action(#[near],A,B),A\==B)) 
 *  rmode((not_bowl(+-A),not_plate(+-B),not_near(A,B),action(#[near],B,A),A\==B)) 
 *  rmode((not_bowl(+-A),not_plate(+-B),not_near(A,B),done,A\==B)) 
 *  rmode((not_bowl(+-A),plate(+-B),action(#[near],A,B),A\==B)) 
 *  rmode((not_bowl(+-A),plate(+-B),done,A\==B)) 
 *  rmode((not_bowl(+-A),plate(+-B),near(A,B),not(A==B))) 
 *  rmode((not_bowl(+-A),plate(+-B),near(A,B),action(#[near],A,B),A\==B)) 
 *  rmode((not_bowl(+-A),plate(+-B),near(A,B),action(#[near],B,A),A\==B)) 
 *  rmode((not_bowl(+-A),plate(+-B),near(A,B),done,A\==B)) 
 *  rmode((not_bowl(+-A),plate(+-B),not_near(A,B),not(A==B))) 
 *  rmode((not_bowl(+-A),plate(+-B),not_near(A,B),action(#[near],A,B),A\==B)) 
 *  rmode((not_bowl(+-A),plate(+-B),not_near(A,B),action(#[near],B,A),A\==B)) 
 *  rmode((not_bowl(+-A),plate(+-B),not_near(A,B),done,A\==B)) 
 *  rmode((not_bowl(+-A),action(#[near],+-B,A),B\==A)) 
 *  rmode((not_bowl(+-A),near(+-B,A),not(B==A))) 
 *  rmode((not_bowl(+-A),near(+-B,A),action(#[near],B,A),B\==A)) 
 *  rmode((not_bowl(+-A),near(+-B,A),action(#[near],A,B),B\==A)) 
 *  rmode((not_bowl(+-A),near(+-B,A),done,B\==A)) 
 *  rmode((not_bowl(+-A),not_near(+-B,A),not(B==A))) 
 *  rmode((not_bowl(+-A),not_near(+-B,A),action(#[near],B,A),B\==A)) 
 *  rmode((not_bowl(+-A),not_near(+-B,A),action(#[near],A,B),B\==A)) 
 *  rmode((not_bowl(+-A),not_near(+-B,A),done,B\==A)) 
 *  rmode(not_cup(+-A)) 
 *  rmode((not_cup(+-A),action(#[near],A,+-B),A\==B)) 
 *  rmode((not_cup(+-A),bowl(+-B),action(#[near],A,B),A\==B)) 
 *  rmode((not_cup(+-A),bowl(+-B),done,A\==B)) 
 *  rmode((not_cup(+-A),bowl(+-B),near(A,B),not(A==B))) 
 *  rmode((not_cup(+-A),bowl(+-B),near(A,B),action(#[near],A,B),A\==B)) 
 *  rmode((not_cup(+-A),bowl(+-B),near(A,B),action(#[near],B,A),A\==B)) 
 *  rmode((not_cup(+-A),bowl(+-B),near(A,B),done,A\==B)) 
 *  rmode((not_cup(+-A),bowl(+-B),not_near(A,B),not(A==B))) 
 *  rmode((not_cup(+-A),bowl(+-B),not_near(A,B),action(#[near],A,B),A\==B)) 
 *  rmode((not_cup(+-A),bowl(+-B),not_near(A,B),action(#[near],B,A),A\==B)) 
 *  rmode((not_cup(+-A),bowl(+-B),not_near(A,B),done,A\==B)) 
 *  rmode((not_cup(+-A),cup(+-B),action(#[near],A,B),A\==B)) 
 *  rmode((not_cup(+-A),cup(+-B),done,A\==B)) 
 *  rmode((not_cup(+-A),cup(+-B),near(A,B),not(A==B))) 
 *  rmode((not_cup(+-A),cup(+-B),near(A,B),action(#[near],A,B),A\==B)) 
 *  rmode((not_cup(+-A),cup(+-B),near(A,B),action(#[near],B,A),A\==B)) 
 *  rmode((not_cup(+-A),cup(+-B),near(A,B),done,A\==B)) 
 *  rmode((not_cup(+-A),cup(+-B),not_near(A,B),not(A==B))) 
 *  rmode((not_cup(+-A),cup(+-B),not_near(A,B),action(#[near],A,B),A\==B)) 
 *  rmode((not_cup(+-A),cup(+-B),not_near(A,B),action(#[near],B,A),A\==B)) 
 *  rmode((not_cup(+-A),cup(+-B),not_near(A,B),done,A\==B)) 
 *  rmode((not_cup(+-A),done)) 
 *  rmode((not_cup(+-A),fork(+-B),action(#[near],A,B),A\==B)) 
 *  rmode((not_cup(+-A),fork(+-B),done,A\==B)) 
 *  rmode((not_cup(+-A),fork(+-B),near(A,B),not(A==B))) 
 *  rmode((not_cup(+-A),fork(+-B),near(A,B),action(#[near],A,B),A\==B)) 
 *  rmode((not_cup(+-A),fork(+-B),near(A,B),action(#[near],B,A),A\==B)) 
 *  rmode((not_cup(+-A),fork(+-B),near(A,B),done,A\==B)) 
 *  rmode((not_cup(+-A),fork(+-B),not_near(A,B),not(A==B))) 
 *  rmode((not_cup(+-A),fork(+-B),not_near(A,B),action(#[near],A,B),A\==B)) 
 *  rmode((not_cup(+-A),fork(+-B),not_near(A,B),action(#[near],B,A),A\==B)) 
 *  rmode((not_cup(+-A),fork(+-B),not_near(A,B),done,A\==B)) 
 *  rmode((not_cup(+-A),near(A,+-B),not(A==B))) 
 *  rmode((not_cup(+-A),near(A,+-B),action(#[near],A,B),A\==B)) 
 *  rmode((not_cup(+-A),near(A,+-B),action(#[near],B,A),A\==B)) 
 *  rmode((not_cup(+-A),near(A,+-B),done,A\==B)) 
 *  rmode((not_cup(+-A),not_bowl(+-B),action(#[near],A,B),A\==B)) 
 *  rmode((not_cup(+-A),not_bowl(+-B),done,A\==B)) 
 *  rmode((not_cup(+-A),not_bowl(+-B),near(A,B),not(A==B))) 
 *  rmode((not_cup(+-A),not_bowl(+-B),near(A,B),action(#[near],A,B),A\==B)) 
 *  rmode((not_cup(+-A),not_bowl(+-B),near(A,B),action(#[near],B,A),A\==B)) 
 *  rmode((not_cup(+-A),not_bowl(+-B),near(A,B),done,A\==B)) 
 *  rmode((not_cup(+-A),not_bowl(+-B),not_near(A,B),not(A==B))) 
 *  rmode((not_cup(+-A),not_bowl(+-B),not_near(A,B),action(#[near],A,B),A\==B)) 
 *  rmode((not_cup(+-A),not_bowl(+-B),not_near(A,B),action(#[near],B,A),A\==B)) 
 *  rmode((not_cup(+-A),not_bowl(+-B),not_near(A,B),done,A\==B)) 
 *  rmode((not_cup(+-A),not_cup(+-B),action(#[near],A,B),A\==B)) 
 *  rmode((not_cup(+-A),not_cup(+-B),done,A\==B)) 
 *  rmode((not_cup(+-A),not_cup(+-B),near(A,B),not(A==B))) 
 *  rmode((not_cup(+-A),not_cup(+-B),near(A,B),action(#[near],A,B),A\==B)) 
 *  rmode((not_cup(+-A),not_cup(+-B),near(A,B),action(#[near],B,A),A\==B)) 
 *  rmode((not_cup(+-A),not_cup(+-B),near(A,B),done,A\==B)) 
 *  rmode((not_cup(+-A),not_cup(+-B),not_near(A,B),not(A==B))) 
 *  rmode((not_cup(+-A),not_cup(+-B),not_near(A,B),action(#[near],A,B),A\==B)) 
 *  rmode((not_cup(+-A),not_cup(+-B),not_near(A,B),action(#[near],B,A),A\==B)) 
 *  rmode((not_cup(+-A),not_cup(+-B),not_near(A,B),done,A\==B)) 
 *  rmode((not_cup(+-A),not_fork(+-B),action(#[near],A,B),A\==B)) 
 *  rmode((not_cup(+-A),not_fork(+-B),done,A\==B)) 
 *  rmode((not_cup(+-A),not_fork(+-B),near(A,B),not(A==B))) 
 *  rmode((not_cup(+-A),not_fork(+-B),near(A,B),action(#[near],A,B),A\==B)) 
 *  rmode((not_cup(+-A),not_fork(+-B),near(A,B),action(#[near],B,A),A\==B)) 
 *  rmode((not_cup(+-A),not_fork(+-B),near(A,B),done,A\==B)) 
 *  rmode((not_cup(+-A),not_fork(+-B),not_near(A,B),not(A==B))) 
 *  rmode((not_cup(+-A),not_fork(+-B),not_near(A,B),action(#[near],A,B),A\==B)) 
 *  rmode((not_cup(+-A),not_fork(+-B),not_near(A,B),action(#[near],B,A),A\==B)) 
 *  rmode((not_cup(+-A),not_fork(+-B),not_near(A,B),done,A\==B)) 
 *  rmode((not_cup(+-A),not_near(A,+-B),not(A==B))) 
 *  rmode((not_cup(+-A),not_near(A,+-B),action(#[near],A,B),A\==B)) 
 *  rmode((not_cup(+-A),not_near(A,+-B),action(#[near],B,A),A\==B)) 
 *  rmode((not_cup(+-A),not_near(A,+-B),done,A\==B)) 
 *  rmode((not_cup(+-A),not_plate(+-B),action(#[near],A,B),A\==B)) 
 *  rmode((not_cup(+-A),not_plate(+-B),done,A\==B)) 
 *  rmode((not_cup(+-A),not_plate(+-B),near(A,B),not(A==B))) 
 *  rmode((not_cup(+-A),not_plate(+-B),near(A,B),action(#[near],A,B),A\==B)) 
 *  rmode((not_cup(+-A),not_plate(+-B),near(A,B),action(#[near],B,A),A\==B)) 
 *  rmode((not_cup(+-A),not_plate(+-B),near(A,B),done,A\==B)) 
 *  rmode((not_cup(+-A),not_plate(+-B),not_near(A,B),not(A==B))) 
 *  rmode((not_cup(+-A),not_plate(+-B),not_near(A,B),action(#[near],A,B),A\==B)) 
 *  rmode((not_cup(+-A),not_plate(+-B),not_near(A,B),action(#[near],B,A),A\==B)) 
 *  rmode((not_cup(+-A),not_plate(+-B),not_near(A,B),done,A\==B)) 
 *  rmode((not_cup(+-A),plate(+-B),action(#[near],A,B),A\==B)) 
 *  rmode((not_cup(+-A),plate(+-B),done,A\==B)) 
 *  rmode((not_cup(+-A),plate(+-B),near(A,B),not(A==B))) 
 *  rmode((not_cup(+-A),plate(+-B),near(A,B),action(#[near],A,B),A\==B)) 
 *  rmode((not_cup(+-A),plate(+-B),near(A,B),action(#[near],B,A),A\==B)) 
 *  rmode((not_cup(+-A),plate(+-B),near(A,B),done,A\==B)) 
 *  rmode((not_cup(+-A),plate(+-B),not_near(A,B),not(A==B))) 
 *  rmode((not_cup(+-A),plate(+-B),not_near(A,B),action(#[near],A,B),A\==B)) 
 *  rmode((not_cup(+-A),plate(+-B),not_near(A,B),action(#[near],B,A),A\==B)) 
 *  rmode((not_cup(+-A),plate(+-B),not_near(A,B),done,A\==B)) 
 *  rmode((not_cup(+-A),action(#[near],+-B,A),B\==A)) 
 *  rmode((not_cup(+-A),near(+-B,A),not(B==A))) 
 *  rmode((not_cup(+-A),near(+-B,A),action(#[near],B,A),B\==A)) 
 *  rmode((not_cup(+-A),near(+-B,A),action(#[near],A,B),B\==A)) 
 *  rmode((not_cup(+-A),near(+-B,A),done,B\==A)) 
 *  rmode((not_cup(+-A),not_near(+-B,A),not(B==A))) 
 *  rmode((not_cup(+-A),not_near(+-B,A),action(#[near],B,A),B\==A)) 
 *  rmode((not_cup(+-A),not_near(+-B,A),action(#[near],A,B),B\==A)) 
 *  rmode((not_cup(+-A),not_near(+-B,A),done,B\==A)) 
 *  rmode(not_fork(+-A)) 
 *  rmode((not_fork(+-A),action(#[near],A,+-B),A\==B)) 
 *  rmode((not_fork(+-A),bowl(+-B),action(#[near],A,B),A\==B)) 
 *  rmode((not_fork(+-A),bowl(+-B),done,A\==B)) 
 *  rmode((not_fork(+-A),bowl(+-B),near(A,B),not(A==B))) 
 *  rmode((not_fork(+-A),bowl(+-B),near(A,B),action(#[near],A,B),A\==B)) 
 *  rmode((not_fork(+-A),bowl(+-B),near(A,B),action(#[near],B,A),A\==B)) 
 *  rmode((not_fork(+-A),bowl(+-B),near(A,B),done,A\==B)) 
 *  rmode((not_fork(+-A),bowl(+-B),not_near(A,B),not(A==B))) 
 *  rmode((not_fork(+-A),bowl(+-B),not_near(A,B),action(#[near],A,B),A\==B)) 
 *  rmode((not_fork(+-A),bowl(+-B),not_near(A,B),action(#[near],B,A),A\==B)) 
 *  rmode((not_fork(+-A),bowl(+-B),not_near(A,B),done,A\==B)) 
 *  rmode((not_fork(+-A),cup(+-B),action(#[near],A,B),A\==B)) 
 *  rmode((not_fork(+-A),cup(+-B),done,A\==B)) 
 *  rmode((not_fork(+-A),cup(+-B),near(A,B),not(A==B))) 
 *  rmode((not_fork(+-A),cup(+-B),near(A,B),action(#[near],A,B),A\==B)) 
 *  rmode((not_fork(+-A),cup(+-B),near(A,B),action(#[near],B,A),A\==B)) 
 *  rmode((not_fork(+-A),cup(+-B),near(A,B),done,A\==B)) 
 *  rmode((not_fork(+-A),cup(+-B),not_near(A,B),not(A==B))) 
 *  rmode((not_fork(+-A),cup(+-B),not_near(A,B),action(#[near],A,B),A\==B)) 
 *  rmode((not_fork(+-A),cup(+-B),not_near(A,B),action(#[near],B,A),A\==B)) 
 *  rmode((not_fork(+-A),cup(+-B),not_near(A,B),done,A\==B)) 
 *  rmode((not_fork(+-A),done)) 
 *  rmode((not_fork(+-A),fork(+-B),action(#[near],A,B),A\==B)) 
 *  rmode((not_fork(+-A),fork(+-B),done,A\==B)) 
 *  rmode((not_fork(+-A),fork(+-B),near(A,B),not(A==B))) 
 *  rmode((not_fork(+-A),fork(+-B),near(A,B),action(#[near],A,B),A\==B)) 
 *  rmode((not_fork(+-A),fork(+-B),near(A,B),action(#[near],B,A),A\==B)) 
 *  rmode((not_fork(+-A),fork(+-B),near(A,B),done,A\==B)) 
 *  rmode((not_fork(+-A),fork(+-B),not_near(A,B),not(A==B))) 
 *  rmode((not_fork(+-A),fork(+-B),not_near(A,B),action(#[near],A,B),A\==B)) 
 *  rmode((not_fork(+-A),fork(+-B),not_near(A,B),action(#[near],B,A),A\==B)) 
 *  rmode((not_fork(+-A),fork(+-B),not_near(A,B),done,A\==B)) 
 *  rmode((not_fork(+-A),near(A,+-B),not(A==B))) 
 *  rmode((not_fork(+-A),near(A,+-B),action(#[near],A,B),A\==B)) 
 *  rmode((not_fork(+-A),near(A,+-B),action(#[near],B,A),A\==B)) 
 *  rmode((not_fork(+-A),near(A,+-B),done,A\==B)) 
 *  rmode((not_fork(+-A),not_bowl(+-B),action(#[near],A,B),A\==B)) 
 *  rmode((not_fork(+-A),not_bowl(+-B),done,A\==B)) 
 *  rmode((not_fork(+-A),not_bowl(+-B),near(A,B),not(A==B))) 
 *  rmode((not_fork(+-A),not_bowl(+-B),near(A,B),action(#[near],A,B),A\==B)) 
 *  rmode((not_fork(+-A),not_bowl(+-B),near(A,B),action(#[near],B,A),A\==B)) 
 *  rmode((not_fork(+-A),not_bowl(+-B),near(A,B),done,A\==B)) 
 *  rmode((not_fork(+-A),not_bowl(+-B),not_near(A,B),not(A==B))) 
 *  rmode((not_fork(+-A),not_bowl(+-B),not_near(A,B),action(#[near],A,B),A\==B)) 
 *  rmode((not_fork(+-A),not_bowl(+-B),not_near(A,B),action(#[near],B,A),A\==B)) 
 *  rmode((not_fork(+-A),not_bowl(+-B),not_near(A,B),done,A\==B)) 
 *  rmode((not_fork(+-A),not_cup(+-B),action(#[near],A,B),A\==B)) 
 *  rmode((not_fork(+-A),not_cup(+-B),done,A\==B)) 
 *  rmode((not_fork(+-A),not_cup(+-B),near(A,B),not(A==B))) 
 *  rmode((not_fork(+-A),not_cup(+-B),near(A,B),action(#[near],A,B),A\==B)) 
 *  rmode((not_fork(+-A),not_cup(+-B),near(A,B),action(#[near],B,A),A\==B)) 
 *  rmode((not_fork(+-A),not_cup(+-B),near(A,B),done,A\==B)) 
 *  rmode((not_fork(+-A),not_cup(+-B),not_near(A,B),not(A==B))) 
 *  rmode((not_fork(+-A),not_cup(+-B),not_near(A,B),action(#[near],A,B),A\==B)) 
 *  rmode((not_fork(+-A),not_cup(+-B),not_near(A,B),action(#[near],B,A),A\==B)) 
 *  rmode((not_fork(+-A),not_cup(+-B),not_near(A,B),done,A\==B)) 
 *  rmode((not_fork(+-A),not_fork(+-B),action(#[near],A,B),A\==B)) 
 *  rmode((not_fork(+-A),not_fork(+-B),done,A\==B)) 
 *  rmode((not_fork(+-A),not_fork(+-B),near(A,B),not(A==B))) 
 *  rmode((not_fork(+-A),not_fork(+-B),near(A,B),action(#[near],A,B),A\==B)) 
 *  rmode((not_fork(+-A),not_fork(+-B),near(A,B),action(#[near],B,A),A\==B)) 
 *  rmode((not_fork(+-A),not_fork(+-B),near(A,B),done,A\==B)) 
 *  rmode((not_fork(+-A),not_fork(+-B),not_near(A,B),not(A==B))) 
 *  rmode((not_fork(+-A),not_fork(+-B),not_near(A,B),action(#[near],A,B),A\==B)) 
 *  rmode((not_fork(+-A),not_fork(+-B),not_near(A,B),action(#[near],B,A),A\==B)) 
 *  rmode((not_fork(+-A),not_fork(+-B),not_near(A,B),done,A\==B)) 
 *  rmode((not_fork(+-A),not_near(A,+-B),not(A==B))) 
 *  rmode((not_fork(+-A),not_near(A,+-B),action(#[near],A,B),A\==B)) 
 *  rmode((not_fork(+-A),not_near(A,+-B),action(#[near],B,A),A\==B)) 
 *  rmode((not_fork(+-A),not_near(A,+-B),done,A\==B)) 
 *  rmode((not_fork(+-A),not_plate(+-B),action(#[near],A,B),A\==B)) 
 *  rmode((not_fork(+-A),not_plate(+-B),done,A\==B)) 
 *  rmode((not_fork(+-A),not_plate(+-B),near(A,B),not(A==B))) 
 *  rmode((not_fork(+-A),not_plate(+-B),near(A,B),action(#[near],A,B),A\==B)) 
 *  rmode((not_fork(+-A),not_plate(+-B),near(A,B),action(#[near],B,A),A\==B)) 
 *  rmode((not_fork(+-A),not_plate(+-B),near(A,B),done,A\==B)) 
 *  rmode((not_fork(+-A),not_plate(+-B),not_near(A,B),not(A==B))) 
 *  rmode((not_fork(+-A),not_plate(+-B),not_near(A,B),action(#[near],A,B),A\==B)) 
 *  rmode((not_fork(+-A),not_plate(+-B),not_near(A,B),action(#[near],B,A),A\==B)) 
 *  rmode((not_fork(+-A),not_plate(+-B),not_near(A,B),done,A\==B)) 
 *  rmode((not_fork(+-A),plate(+-B),action(#[near],A,B),A\==B)) 
 *  rmode((not_fork(+-A),plate(+-B),done,A\==B)) 
 *  rmode((not_fork(+-A),plate(+-B),near(A,B),not(A==B))) 
 *  rmode((not_fork(+-A),plate(+-B),near(A,B),action(#[near],A,B),A\==B)) 
 *  rmode((not_fork(+-A),plate(+-B),near(A,B),action(#[near],B,A),A\==B)) 
 *  rmode((not_fork(+-A),plate(+-B),near(A,B),done,A\==B)) 
 *  rmode((not_fork(+-A),plate(+-B),not_near(A,B),not(A==B))) 
 *  rmode((not_fork(+-A),plate(+-B),not_near(A,B),action(#[near],A,B),A\==B)) 
 *  rmode((not_fork(+-A),plate(+-B),not_near(A,B),action(#[near],B,A),A\==B)) 
 *  rmode((not_fork(+-A),plate(+-B),not_near(A,B),done,A\==B)) 
 *  rmode((not_fork(+-A),action(#[near],+-B,A),B\==A)) 
 *  rmode((not_fork(+-A),near(+-B,A),not(B==A))) 
 *  rmode((not_fork(+-A),near(+-B,A),action(#[near],B,A),B\==A)) 
 *  rmode((not_fork(+-A),near(+-B,A),action(#[near],A,B),B\==A)) 
 *  rmode((not_fork(+-A),near(+-B,A),done,B\==A)) 
 *  rmode((not_fork(+-A),not_near(+-B,A),not(B==A))) 
 *  rmode((not_fork(+-A),not_near(+-B,A),action(#[near],B,A),B\==A)) 
 *  rmode((not_fork(+-A),not_near(+-B,A),action(#[near],A,B),B\==A)) 
 *  rmode((not_fork(+-A),not_near(+-B,A),done,B\==A)) 
 *  rmode((not_near(+-A,+-B),not(A==B))) 
 *  rmode(not_plate(+-A)) 
 *  rmode((not_plate(+-A),action(#[near],A,+-B),A\==B)) 
 *  rmode((not_plate(+-A),bowl(+-B),action(#[near],A,B),A\==B)) 
 *  rmode((not_plate(+-A),bowl(+-B),done,A\==B)) 
 *  rmode((not_plate(+-A),bowl(+-B),near(A,B),not(A==B))) 
 *  rmode((not_plate(+-A),bowl(+-B),near(A,B),action(#[near],A,B),A\==B)) 
 *  rmode((not_plate(+-A),bowl(+-B),near(A,B),action(#[near],B,A),A\==B)) 
 *  rmode((not_plate(+-A),bowl(+-B),near(A,B),done,A\==B)) 
 *  rmode((not_plate(+-A),bowl(+-B),not_near(A,B),not(A==B))) 
 *  rmode((not_plate(+-A),bowl(+-B),not_near(A,B),action(#[near],A,B),A\==B)) 
 *  rmode((not_plate(+-A),bowl(+-B),not_near(A,B),action(#[near],B,A),A\==B)) 
 *  rmode((not_plate(+-A),bowl(+-B),not_near(A,B),done,A\==B)) 
 *  rmode((not_plate(+-A),cup(+-B),action(#[near],A,B),A\==B)) 
 *  rmode((not_plate(+-A),cup(+-B),done,A\==B)) 
 *  rmode((not_plate(+-A),cup(+-B),near(A,B),not(A==B))) 
 *  rmode((not_plate(+-A),cup(+-B),near(A,B),action(#[near],A,B),A\==B)) 
 *  rmode((not_plate(+-A),cup(+-B),near(A,B),action(#[near],B,A),A\==B)) 
 *  rmode((not_plate(+-A),cup(+-B),near(A,B),done,A\==B)) 
 *  rmode((not_plate(+-A),cup(+-B),not_near(A,B),not(A==B))) 
 *  rmode((not_plate(+-A),cup(+-B),not_near(A,B),action(#[near],A,B),A\==B)) 
 *  rmode((not_plate(+-A),cup(+-B),not_near(A,B),action(#[near],B,A),A\==B)) 
 *  rmode((not_plate(+-A),cup(+-B),not_near(A,B),done,A\==B)) 
 *  rmode((not_plate(+-A),done)) 
 *  rmode((not_plate(+-A),fork(+-B),action(#[near],A,B),A\==B)) 
 *  rmode((not_plate(+-A),fork(+-B),done,A\==B)) 
 *  rmode((not_plate(+-A),fork(+-B),near(A,B),not(A==B))) 
 *  rmode((not_plate(+-A),fork(+-B),near(A,B),action(#[near],A,B),A\==B)) 
 *  rmode((not_plate(+-A),fork(+-B),near(A,B),action(#[near],B,A),A\==B)) 
 *  rmode((not_plate(+-A),fork(+-B),near(A,B),done,A\==B)) 
 *  rmode((not_plate(+-A),fork(+-B),not_near(A,B),not(A==B))) 
 *  rmode((not_plate(+-A),fork(+-B),not_near(A,B),action(#[near],A,B),A\==B)) 
 *  rmode((not_plate(+-A),fork(+-B),not_near(A,B),action(#[near],B,A),A\==B)) 
 *  rmode((not_plate(+-A),fork(+-B),not_near(A,B),done,A\==B)) 
 *  rmode((not_plate(+-A),near(A,+-B),not(A==B))) 
 *  rmode((not_plate(+-A),near(A,+-B),action(#[near],A,B),A\==B)) 
 *  rmode((not_plate(+-A),near(A,+-B),action(#[near],B,A),A\==B)) 
 *  rmode((not_plate(+-A),near(A,+-B),done,A\==B)) 
 *  rmode((not_plate(+-A),not_bowl(+-B),action(#[near],A,B),A\==B)) 
 *  rmode((not_plate(+-A),not_bowl(+-B),done,A\==B)) 
 *  rmode((not_plate(+-A),not_bowl(+-B),near(A,B),not(A==B))) 
 *  rmode((not_plate(+-A),not_bowl(+-B),near(A,B),action(#[near],A,B),A\==B)) 
 *  rmode((not_plate(+-A),not_bowl(+-B),near(A,B),action(#[near],B,A),A\==B)) 
 *  rmode((not_plate(+-A),not_bowl(+-B),near(A,B),done,A\==B)) 
 *  rmode((not_plate(+-A),not_bowl(+-B),not_near(A,B),not(A==B))) 
 *  rmode((not_plate(+-A),not_bowl(+-B),not_near(A,B),action(#[near],A,B),A\==B)) 
 *  rmode((not_plate(+-A),not_bowl(+-B),not_near(A,B),action(#[near],B,A),A\==B)) 
 *  rmode((not_plate(+-A),not_bowl(+-B),not_near(A,B),done,A\==B)) 
 *  rmode((not_plate(+-A),not_cup(+-B),action(#[near],A,B),A\==B)) 
 *  rmode((not_plate(+-A),not_cup(+-B),done,A\==B)) 
 *  rmode((not_plate(+-A),not_cup(+-B),near(A,B),not(A==B))) 
 *  rmode((not_plate(+-A),not_cup(+-B),near(A,B),action(#[near],A,B),A\==B)) 
 *  rmode((not_plate(+-A),not_cup(+-B),near(A,B),action(#[near],B,A),A\==B)) 
 *  rmode((not_plate(+-A),not_cup(+-B),near(A,B),done,A\==B)) 
 *  rmode((not_plate(+-A),not_cup(+-B),not_near(A,B),not(A==B))) 
 *  rmode((not_plate(+-A),not_cup(+-B),not_near(A,B),action(#[near],A,B),A\==B)) 
 *  rmode((not_plate(+-A),not_cup(+-B),not_near(A,B),action(#[near],B,A),A\==B)) 
 *  rmode((not_plate(+-A),not_cup(+-B),not_near(A,B),done,A\==B)) 
 *  rmode((not_plate(+-A),not_fork(+-B),action(#[near],A,B),A\==B)) 
 *  rmode((not_plate(+-A),not_fork(+-B),done,A\==B)) 
 *  rmode((not_plate(+-A),not_fork(+-B),near(A,B),not(A==B))) 
 *  rmode((not_plate(+-A),not_fork(+-B),near(A,B),action(#[near],A,B),A\==B)) 
 *  rmode((not_plate(+-A),not_fork(+-B),near(A,B),action(#[near],B,A),A\==B)) 
 *  rmode((not_plate(+-A),not_fork(+-B),near(A,B),done,A\==B)) 
 *  rmode((not_plate(+-A),not_fork(+-B),not_near(A,B),not(A==B))) 
 *  rmode((not_plate(+-A),not_fork(+-B),not_near(A,B),action(#[near],A,B),A\==B)) 
 *  rmode((not_plate(+-A),not_fork(+-B),not_near(A,B),action(#[near],B,A),A\==B)) 
 *  rmode((not_plate(+-A),not_fork(+-B),not_near(A,B),done,A\==B)) 
 *  rmode((not_plate(+-A),not_near(A,+-B),not(A==B))) 
 *  rmode((not_plate(+-A),not_near(A,+-B),action(#[near],A,B),A\==B)) 
 *  rmode((not_plate(+-A),not_near(A,+-B),action(#[near],B,A),A\==B)) 
 *  rmode((not_plate(+-A),not_near(A,+-B),done,A\==B)) 
 *  rmode((not_plate(+-A),not_plate(+-B),action(#[near],A,B),A\==B)) 
 *  rmode((not_plate(+-A),not_plate(+-B),done,A\==B)) 
 *  rmode((not_plate(+-A),not_plate(+-B),near(A,B),not(A==B))) 
 *  rmode((not_plate(+-A),not_plate(+-B),near(A,B),action(#[near],A,B),A\==B)) 
 *  rmode((not_plate(+-A),not_plate(+-B),near(A,B),action(#[near],B,A),A\==B)) 
 *  rmode((not_plate(+-A),not_plate(+-B),near(A,B),done,A\==B)) 
 *  rmode((not_plate(+-A),not_plate(+-B),not_near(A,B),not(A==B))) 
 *  rmode((not_plate(+-A),not_plate(+-B),not_near(A,B),action(#[near],A,B),A\==B)) 
 *  rmode((not_plate(+-A),not_plate(+-B),not_near(A,B),action(#[near],B,A),A\==B)) 
 *  rmode((not_plate(+-A),not_plate(+-B),not_near(A,B),done,A\==B)) 
 *  rmode((not_plate(+-A),plate(+-B),action(#[near],A,B),A\==B)) 
 *  rmode((not_plate(+-A),plate(+-B),done,A\==B)) 
 *  rmode((not_plate(+-A),plate(+-B),near(A,B),not(A==B))) 
 *  rmode((not_plate(+-A),plate(+-B),near(A,B),action(#[near],A,B),A\==B)) 
 *  rmode((not_plate(+-A),plate(+-B),near(A,B),action(#[near],B,A),A\==B)) 
 *  rmode((not_plate(+-A),plate(+-B),near(A,B),done,A\==B)) 
 *  rmode((not_plate(+-A),plate(+-B),not_near(A,B),not(A==B))) 
 *  rmode((not_plate(+-A),plate(+-B),not_near(A,B),action(#[near],A,B),A\==B)) 
 *  rmode((not_plate(+-A),plate(+-B),not_near(A,B),action(#[near],B,A),A\==B)) 
 *  rmode((not_plate(+-A),plate(+-B),not_near(A,B),done,A\==B)) 
 *  rmode((not_plate(+-A),action(#[near],+-B,A),B\==A)) 
 *  rmode((not_plate(+-A),near(+-B,A),not(B==A))) 
 *  rmode((not_plate(+-A),near(+-B,A),action(#[near],B,A),B\==A)) 
 *  rmode((not_plate(+-A),near(+-B,A),action(#[near],A,B),B\==A)) 
 *  rmode((not_plate(+-A),near(+-B,A),done,B\==A)) 
 *  rmode((not_plate(+-A),not_near(+-B,A),not(B==A))) 
 *  rmode((not_plate(+-A),not_near(+-B,A),action(#[near],B,A),B\==A)) 
 *  rmode((not_plate(+-A),not_near(+-B,A),action(#[near],A,B),B\==A)) 
 *  rmode((not_plate(+-A),not_near(+-B,A),done,B\==A)) 
 *  rmode(plate(+-A)) 
 *  rmode((plate(+-A),action(#[near],A,+-B),A\==B)) 
 *  rmode((plate(+-A),bowl(+-B),action(#[near],A,B),A\==B)) 
 *  rmode((plate(+-A),bowl(+-B),done,A\==B)) 
 *  rmode((plate(+-A),bowl(+-B),near(A,B),not(A==B))) 
 *  rmode((plate(+-A),bowl(+-B),near(A,B),action(#[near],A,B),A\==B)) 
 *  rmode((plate(+-A),bowl(+-B),near(A,B),action(#[near],B,A),A\==B)) 
 *  rmode((plate(+-A),bowl(+-B),near(A,B),done,A\==B)) 
 *  rmode((plate(+-A),bowl(+-B),not_near(A,B),not(A==B))) 
 *  rmode((plate(+-A),bowl(+-B),not_near(A,B),action(#[near],A,B),A\==B)) 
 *  rmode((plate(+-A),bowl(+-B),not_near(A,B),action(#[near],B,A),A\==B)) 
 *  rmode((plate(+-A),bowl(+-B),not_near(A,B),done,A\==B)) 
 *  rmode((plate(+-A),cup(+-B),action(#[near],A,B),A\==B)) 
 *  rmode((plate(+-A),cup(+-B),done,A\==B)) 
 *  rmode((plate(+-A),cup(+-B),near(A,B),not(A==B))) 
 *  rmode((plate(+-A),cup(+-B),near(A,B),action(#[near],A,B),A\==B)) 
 *  rmode((plate(+-A),cup(+-B),near(A,B),action(#[near],B,A),A\==B)) 
 *  rmode((plate(+-A),cup(+-B),near(A,B),done,A\==B)) 
 *  rmode((plate(+-A),cup(+-B),not_near(A,B),not(A==B))) 
 *  rmode((plate(+-A),cup(+-B),not_near(A,B),action(#[near],A,B),A\==B)) 
 *  rmode((plate(+-A),cup(+-B),not_near(A,B),action(#[near],B,A),A\==B)) 
 *  rmode((plate(+-A),cup(+-B),not_near(A,B),done,A\==B)) 
 *  rmode((plate(+-A),done)) 
 *  rmode((plate(+-A),fork(+-B),action(#[near],A,B),A\==B)) 
 *  rmode((plate(+-A),fork(+-B),done,A\==B)) 
 *  rmode((plate(+-A),fork(+-B),near(A,B),not(A==B))) 
 *  rmode((plate(+-A),fork(+-B),near(A,B),action(#[near],A,B),A\==B)) 
 *  rmode((plate(+-A),fork(+-B),near(A,B),action(#[near],B,A),A\==B)) 
 *  rmode((plate(+-A),fork(+-B),near(A,B),done,A\==B)) 
 *  rmode((plate(+-A),fork(+-B),not_near(A,B),not(A==B))) 
 *  rmode((plate(+-A),fork(+-B),not_near(A,B),action(#[near],A,B),A\==B)) 
 *  rmode((plate(+-A),fork(+-B),not_near(A,B),action(#[near],B,A),A\==B)) 
 *  rmode((plate(+-A),fork(+-B),not_near(A,B),done,A\==B)) 
 *  rmode((plate(+-A),near(A,+-B),not(A==B))) 
 *  rmode((plate(+-A),near(A,+-B),action(#[near],A,B),A\==B)) 
 *  rmode((plate(+-A),near(A,+-B),action(#[near],B,A),A\==B)) 
 *  rmode((plate(+-A),near(A,+-B),done,A\==B)) 
 *  rmode((plate(+-A),not_bowl(+-B),action(#[near],A,B),A\==B)) 
 *  rmode((plate(+-A),not_bowl(+-B),done,A\==B)) 
 *  rmode((plate(+-A),not_bowl(+-B),near(A,B),not(A==B))) 
 *  rmode((plate(+-A),not_bowl(+-B),near(A,B),action(#[near],A,B),A\==B)) 
 *  rmode((plate(+-A),not_bowl(+-B),near(A,B),action(#[near],B,A),A\==B)) 
 *  rmode((plate(+-A),not_bowl(+-B),near(A,B),done,A\==B)) 
 *  rmode((plate(+-A),not_bowl(+-B),not_near(A,B),not(A==B))) 
 *  rmode((plate(+-A),not_bowl(+-B),not_near(A,B),action(#[near],A,B),A\==B)) 
 *  rmode((plate(+-A),not_bowl(+-B),not_near(A,B),action(#[near],B,A),A\==B)) 
 *  rmode((plate(+-A),not_bowl(+-B),not_near(A,B),done,A\==B)) 
 *  rmode((plate(+-A),not_cup(+-B),action(#[near],A,B),A\==B)) 
 *  rmode((plate(+-A),not_cup(+-B),done,A\==B)) 
 *  rmode((plate(+-A),not_cup(+-B),near(A,B),not(A==B))) 
 *  rmode((plate(+-A),not_cup(+-B),near(A,B),action(#[near],A,B),A\==B)) 
 *  rmode((plate(+-A),not_cup(+-B),near(A,B),action(#[near],B,A),A\==B)) 
 *  rmode((plate(+-A),not_cup(+-B),near(A,B),done,A\==B)) 
 *  rmode((plate(+-A),not_cup(+-B),not_near(A,B),not(A==B))) 
 *  rmode((plate(+-A),not_cup(+-B),not_near(A,B),action(#[near],A,B),A\==B)) 
 *  rmode((plate(+-A),not_cup(+-B),not_near(A,B),action(#[near],B,A),A\==B)) 
 *  rmode((plate(+-A),not_cup(+-B),not_near(A,B),done,A\==B)) 
 *  rmode((plate(+-A),not_fork(+-B),action(#[near],A,B),A\==B)) 
 *  rmode((plate(+-A),not_fork(+-B),done,A\==B)) 
 *  rmode((plate(+-A),not_fork(+-B),near(A,B),not(A==B))) 
 *  rmode((plate(+-A),not_fork(+-B),near(A,B),action(#[near],A,B),A\==B)) 
 *  rmode((plate(+-A),not_fork(+-B),near(A,B),action(#[near],B,A),A\==B)) 
 *  rmode((plate(+-A),not_fork(+-B),near(A,B),done,A\==B)) 
 *  rmode((plate(+-A),not_fork(+-B),not_near(A,B),not(A==B))) 
 *  rmode((plate(+-A),not_fork(+-B),not_near(A,B),action(#[near],A,B),A\==B)) 
 *  rmode((plate(+-A),not_fork(+-B),not_near(A,B),action(#[near],B,A),A\==B)) 
 *  rmode((plate(+-A),not_fork(+-B),not_near(A,B),done,A\==B)) 
 *  rmode((plate(+-A),not_near(A,+-B),not(A==B))) 
 *  rmode((plate(+-A),not_near(A,+-B),action(#[near],A,B),A\==B)) 
 *  rmode((plate(+-A),not_near(A,+-B),action(#[near],B,A),A\==B)) 
 *  rmode((plate(+-A),not_near(A,+-B),done,A\==B)) 
 *  rmode((plate(+-A),not_plate(+-B),action(#[near],A,B),A\==B)) 
 *  rmode((plate(+-A),not_plate(+-B),done,A\==B)) 
 *  rmode((plate(+-A),not_plate(+-B),near(A,B),not(A==B))) 
 *  rmode((plate(+-A),not_plate(+-B),near(A,B),action(#[near],A,B),A\==B)) 
 *  rmode((plate(+-A),not_plate(+-B),near(A,B),action(#[near],B,A),A\==B)) 
 *  rmode((plate(+-A),not_plate(+-B),near(A,B),done,A\==B)) 
 *  rmode((plate(+-A),not_plate(+-B),not_near(A,B),not(A==B))) 
 *  rmode((plate(+-A),not_plate(+-B),not_near(A,B),action(#[near],A,B),A\==B)) 
 *  rmode((plate(+-A),not_plate(+-B),not_near(A,B),action(#[near],B,A),A\==B)) 
 *  rmode((plate(+-A),not_plate(+-B),not_near(A,B),done,A\==B)) 
 *  rmode((plate(+-A),plate(+-B),action(#[near],A,B),A\==B)) 
 *  rmode((plate(+-A),plate(+-B),done,A\==B)) 
 *  rmode((plate(+-A),plate(+-B),near(A,B),not(A==B))) 
 *  rmode((plate(+-A),plate(+-B),near(A,B),action(#[near],A,B),A\==B)) 
 *  rmode((plate(+-A),plate(+-B),near(A,B),action(#[near],B,A),A\==B)) 
 *  rmode((plate(+-A),plate(+-B),near(A,B),done,A\==B)) 
 *  rmode((plate(+-A),plate(+-B),not_near(A,B),not(A==B))) 
 *  rmode((plate(+-A),plate(+-B),not_near(A,B),action(#[near],A,B),A\==B)) 
 *  rmode((plate(+-A),plate(+-B),not_near(A,B),action(#[near],B,A),A\==B)) 
 *  rmode((plate(+-A),plate(+-B),not_near(A,B),done,A\==B)) 
 *  rmode((plate(+-A),action(#[near],+-B,A),B\==A)) 
 *  rmode((plate(+-A),near(+-B,A),not(B==A))) 
 *  rmode((plate(+-A),near(+-B,A),action(#[near],B,A),B\==A)) 
 *  rmode((plate(+-A),near(+-B,A),action(#[near],A,B),B\==A)) 
 *  rmode((plate(+-A),near(+-B,A),done,B\==A)) 
 *  rmode((plate(+-A),not_near(+-B,A),not(B==A))) 
 *  rmode((plate(+-A),not_near(+-B,A),action(#[near],B,A),B\==A)) 
 *  rmode((plate(+-A),not_near(+-B,A),action(#[near],A,B),B\==A)) 
 *  rmode((plate(+-A),not_near(+-B,A),done,B\==A)) 
 *  max_lookahead(1) 
 *  constraint(near(A,B),isValid(A,B)) 
 *  constraint(action(near,A,B),isValid(A,B)) 
 *  typed_language(yes) 
 *  type(fork(number)) 
 *  type(not_fork(number)) 
 *  type(plate(number)) 
 *  type(not_plate(number)) 
 *  type(bowl(number)) 
 *  type(not_bowl(number)) 
 *  type(cup(number)) 
 *  type(not_cup(number)) 
 *  type(near(number,number)) 
 *  type(not_near(number,number)) 
 *  type(action(string,number,number)) 
 *  type(object(number)) 
 *  type(isValid(number,number)) 
 *  type(action(string,number,number)) 
 *  type(number==number) 
 *  type(number\==number) 
 *  type(not(number==number)) 
 *  type(member(A,B)) 
 *  type(for_int(A,B,C)) 
 ******************** 
 **/

Average discretization time: 0.0
Average induction time: 84.22

Model:
    Complexity: 9.0 nodes, 28.0 literals
Training:
    Number of examples: 430
    Pearson correlation: [0.968090055722541]
    MSE: [0.0156855878613381]
    MAE: [0.029562716922922]
     -------- Roc curve
    0.0	0.0
    0.0	0.966183574879227
    0.139013452914798	0.975845410628019
    0.708520179372197	0.995169082125604
    0.991031390134529	1.0
    1.0	1.0
    ------------------
    Total Area Under Curve = 0.987034509651004
    ------------------
    Chi-Square = 0.115324287749787
    P-Value (8 DF) = 0.999999556477992
Testing:
    Number of examples: 89
    Pearson correlation: [0.935665878917432]
    MSE: [0.0317821893324447]
    MAE: [0.0459989630841766]
     -------- Roc curve
    0.0	0.0
    0.0	0.934782608695652
    0.13953488372093	0.956521739130435
    0.790697674418605	1.0
    1.0	1.0
    1.0	1.0
    ------------------
    Total Area Under Curve = 0.978260869565217
    ------------------
    Chi-Square = 2.2494998554906
    P-Value (8 DF) = 0.972391377869871


Compact notation of tree:

[0.502958579881657] 507.0 
fork(-A),plate(-B),not_near(A,B),action(near,A,B),A\==B ? 
+--yes: [0.859903381642512] 207.0 
|       fork(-C),near(C,B),not(C==B) ? 
|       +--yes: [0.0] 14.0 [0.0]
|       +--no:  [0.922279792746114] 193.0 
|               plate(-D),near(D,A),not(D==A) ? 
|               +--yes: [0.0] 4.0 [0.0]
|               +--no:  [0.941798941798942] 189.0 
|                       fork(-E),fork(-F),near(E,F),not(E==F) ? 
|                       +--yes: [0.837209302325581] 43.0 
|                       |       action(near,F,B),not(F==B) ? 
|                       |       +--yes: [0.9] 40.0 
|                       |       |       near(B,-G),not(B==G) ? 
|                       |       |       +--yes: [0.947368421052632] 38.0 [0.0367097806559429]
|                       |       |       +--no:  [0.0] 2.0 [0.0]
|                       |       +--no:  [0.0] 3.0 [0.0]
|                       +--no:  [0.972602739726027] 146.0 [0.0135561795053928]
+--no:  [0.256666666666667] 300.0 
        fork(-H),plate(-I),near(H,I),done,H\==I ? 
        +--yes: [0.9625] 80.0 
        |       bowl(-J),not_near(J,I),not(J==I) ? 
        |       +--yes: [0.986842105263158] 76.0 [0.0131578947368421]
        |       +--no:  [0.5] 4.0 
        |               bowl(-K) ? 
        |               +--yes: [0.0] 2.0 [0.0]
        |               +--no:  [1.0] 2.0 [0.0]
        +--no:  [0.0] 220.0 [0.0]

Equivalent prolog program:

class([0.0]) :- fork(A),plate(B),not_near(A,B),action(near,A,B),A\==B,fork(C),near(C,B),not(C==B), !.
% 14.0 examples.
class([0.0]) :- fork(A),plate(B),not_near(A,B),action(near,A,B),A\==B,plate(C),near(C,A),not(C==A), !.
% 4.0 examples.
class([0.947368421052632]) :- fork(A),plate(B),not_near(A,B),action(near,A,B),A\==B,fork(C),fork(D),near(C,D),not(C==D),action(near,D,B),not(D==B),near(B,E),not(B==E), !.
% 38.0 examples.
class([0.0]) :- fork(A),plate(B),not_near(A,B),action(near,A,B),A\==B,fork(C),fork(D),near(C,D),not(C==D),action(near,D,B),not(D==B), !.
% 2.0 examples.
class([0.0]) :- fork(A),plate(B),not_near(A,B),action(near,A,B),A\==B,fork(C),fork(D),near(C,D),not(C==D), !.
% 3.0 examples.
class([0.972602739726027]) :- fork(A),plate(B),not_near(A,B),action(near,A,B),A\==B, !.
% 146.0 examples.
class([0.986842105263158]) :- fork(A),plate(B),near(A,B),done,A\==B,bowl(C),not_near(C,B),not(C==B), !.
% 76.0 examples.
class([0.0]) :- fork(A),plate(B),near(A,B),done,A\==B,bowl(C), !.
% 2.0 examples.
class([1.0]) :- fork(A),plate(B),near(A,B),done,A\==B, !.
% 2.0 examples.
class([0.0]).
% 220.0 examples.


