/** -------------------------------------------------
 ** Algorithm:   Tilde
 ** Output type: out
 ** Date:        8/11/2016 14:32:51
 ** ACE version: 1.2.20
 ** Hardware:    sumit-Lenovo-G505s : x86_64 running Linux
 ** -------------------------------------------------
 ** Settings:
 **
 ** Common ** 
 *  heuristic : gainratio (default) 
 *  tilde_mode : classify (default) 
 *  intra_literal_sharing : yes (default) 
 *  query_batch_size : default (default) 
 *  single_query_generation : no (default) 
 *  inst_generation_prob : 1.0 (default) 
 *  rmode_inst_generation_prob : 1.0 (default) 
 *  query_sample_probability : 1.0 (default) 
 *  query_sample_algo : smart (default) 
 *  aggregate_refiners : no (default) 
 *  aggregate_recursion : no (default) 
 *  aggregate_maxconjuncts : 2 (default) 
 *  aggregate_lookahead : no (default) 
 *  aggregate_refinement : no (default) 
 *  example_cache : 102400 (default) 
 *  select_root_models : on (default) 
 *  write_predictions : [] (default) 
 *  compatibility : ace1.1 (default) 
 *  max_query_len : inf (default) 
 *  log_pid : off (default) 
 *  nsplit_unsorted_fractions : 0 (default) 
 *  nsplit_sorting : basic (default) 
 *  nsplit_version : basic (default) 
 *  nsplit_talking : off (default) 
 *  discretize : entropy (default) 
 *  transform_queries : once (default) 
 *  output_dir : default (default) 
 *  bg_file : default (default) 
 *  kb_file : default (default) 
 *  randomise : none (default) 
 *  report_timings : off (default) 
 *  default_prefix : off (default) 
 *  default_min : 1 (default) 
 *  default_preprocessing : off (default) 
 *  mi_distance_maxsample : 100 (default) 
 *  language_warnings : on (default) 
 *  expert_implicit_language : off (default) 
 *  granularity : 10 (default) 
 *  leave_out : is_test_model 
 *  classes : [pos,neg] 
 *  use_packs : ilp (default) 
 *  outerloop : queries (default) 
 *  talking : 2 
 *  load : examples 
 ** Tilde ** 
 *  combining_rules_EMiters : 10 (default) 
 *  combining_rules_EMruns : 5 (default) 
 *  combining_rules : off (default) 
 *  write_ensemble_models : [] (default) 
 *  tilde_maxdepth : inf (default) 
 *  exhaustive_lookahead : 0 (default) 
 *  query_length_bias : short (default) 
 *  special_min : 0.0 (default) 
 *  out_of_bag : no (default) 
 *  roulette_wheel_selection : no (default) 
 *  tilde_rst_optimization : no (default) 
 *  repeat_exec_time : 1 (default) 
 *  combination_rule : sum (default) 
 *  show_averages : 1 (default) 
 *  classify_mode : 0 (default) 
 *  complexity_penalty : 1.0 (default) 
 *  precompute : [] (default) 
 *  resume : off (default) 
 *  m_estimate : none (default) 
 *  output_options : [c45e,prolog,roc01,elaborate] 
 *  prune_rules : false (default) 
 *  confidence_level : 0.25 (default) 
 *  random_test_set : 0.15 
 *  random_validation_set : 0.15 
 *  stopping_criterion : mincases (default) 
 *  pruning : vsb 
 *  discretization : none (default) 
 *  multiscore_2 : off (default) 
 *  multiscore : off (default) 
 *  sampling_strategy : fixed(1000) (default) 
 *  max_querytime : 100 (default) 
 *  accuracy : 1 
 *  tilde_test_eval_model : std (default) 
 *  minimal_cases : 1 
 *  ftest : 0.05 (default) 
 *  tilde_version : 3.0 (default) 
 ************** 
 ** Language:
 **
 ** WARMODE BIAS ** 
 ** RMODE BIAS ** 
 *  rmode((action(#[near],+-A,+-B),not(A==B))) 
 *  rmode(bowl(+-A)) 
 *  rmode((bowl(+-A),action(#[near],A,+-B),A\==B)) 
 *  rmode((bowl(+-A),bowl(+-B),action(#[near],A,B),A\==B)) 
 *  rmode((bowl(+-A),bowl(+-B),done,A\==B)) 
 *  rmode((bowl(+-A),bowl(+-B),near(A,B),not(A==B))) 
 *  rmode((bowl(+-A),bowl(+-B),near(A,B),action(#[near],A,B),A\==B)) 
 *  rmode((bowl(+-A),bowl(+-B),near(A,B),action(#[near],B,A),A\==B)) 
 *  rmode((bowl(+-A),bowl(+-B),near(A,B),done,A\==B)) 
 *  rmode((bowl(+-A),bowl(+-B),not_near(A,B),not(A==B))) 
 *  rmode((bowl(+-A),bowl(+-B),not_near(A,B),action(#[near],A,B),A\==B)) 
 *  rmode((bowl(+-A),bowl(+-B),not_near(A,B),action(#[near],B,A),A\==B)) 
 *  rmode((bowl(+-A),bowl(+-B),not_near(A,B),done,A\==B)) 
 *  rmode((bowl(+-A),cup(+-B),action(#[near],A,B),A\==B)) 
 *  rmode((bowl(+-A),cup(+-B),done,A\==B)) 
 *  rmode((bowl(+-A),cup(+-B),near(A,B),not(A==B))) 
 *  rmode((bowl(+-A),cup(+-B),near(A,B),action(#[near],A,B),A\==B)) 
 *  rmode((bowl(+-A),cup(+-B),near(A,B),action(#[near],B,A),A\==B)) 
 *  rmode((bowl(+-A),cup(+-B),near(A,B),done,A\==B)) 
 *  rmode((bowl(+-A),cup(+-B),not_near(A,B),not(A==B))) 
 *  rmode((bowl(+-A),cup(+-B),not_near(A,B),action(#[near],A,B),A\==B)) 
 *  rmode((bowl(+-A),cup(+-B),not_near(A,B),action(#[near],B,A),A\==B)) 
 *  rmode((bowl(+-A),cup(+-B),not_near(A,B),done,A\==B)) 
 *  rmode((bowl(+-A),done)) 
 *  rmode((bowl(+-A),fork(+-B),action(#[near],A,B),A\==B)) 
 *  rmode((bowl(+-A),fork(+-B),done,A\==B)) 
 *  rmode((bowl(+-A),fork(+-B),near(A,B),not(A==B))) 
 *  rmode((bowl(+-A),fork(+-B),near(A,B),action(#[near],A,B),A\==B)) 
 *  rmode((bowl(+-A),fork(+-B),near(A,B),action(#[near],B,A),A\==B)) 
 *  rmode((bowl(+-A),fork(+-B),near(A,B),done,A\==B)) 
 *  rmode((bowl(+-A),fork(+-B),not_near(A,B),not(A==B))) 
 *  rmode((bowl(+-A),fork(+-B),not_near(A,B),action(#[near],A,B),A\==B)) 
 *  rmode((bowl(+-A),fork(+-B),not_near(A,B),action(#[near],B,A),A\==B)) 
 *  rmode((bowl(+-A),fork(+-B),not_near(A,B),done,A\==B)) 
 *  rmode((bowl(+-A),near(A,+-B),not(A==B))) 
 *  rmode((bowl(+-A),near(A,+-B),action(#[near],A,B),A\==B)) 
 *  rmode((bowl(+-A),near(A,+-B),action(#[near],B,A),A\==B)) 
 *  rmode((bowl(+-A),near(A,+-B),done,A\==B)) 
 *  rmode((bowl(+-A),not_bowl(+-B),action(#[near],A,B),A\==B)) 
 *  rmode((bowl(+-A),not_bowl(+-B),done,A\==B)) 
 *  rmode((bowl(+-A),not_bowl(+-B),near(A,B),not(A==B))) 
 *  rmode((bowl(+-A),not_bowl(+-B),near(A,B),action(#[near],A,B),A\==B)) 
 *  rmode((bowl(+-A),not_bowl(+-B),near(A,B),action(#[near],B,A),A\==B)) 
 *  rmode((bowl(+-A),not_bowl(+-B),near(A,B),done,A\==B)) 
 *  rmode((bowl(+-A),not_bowl(+-B),not_near(A,B),not(A==B))) 
 *  rmode((bowl(+-A),not_bowl(+-B),not_near(A,B),action(#[near],A,B),A\==B)) 
 *  rmode((bowl(+-A),not_bowl(+-B),not_near(A,B),action(#[near],B,A),A\==B)) 
 *  rmode((bowl(+-A),not_bowl(+-B),not_near(A,B),done,A\==B)) 
 *  rmode((bowl(+-A),not_cup(+-B),action(#[near],A,B),A\==B)) 
 *  rmode((bowl(+-A),not_cup(+-B),done,A\==B)) 
 *  rmode((bowl(+-A),not_cup(+-B),near(A,B),not(A==B))) 
 *  rmode((bowl(+-A),not_cup(+-B),near(A,B),action(#[near],A,B),A\==B)) 
 *  rmode((bowl(+-A),not_cup(+-B),near(A,B),action(#[near],B,A),A\==B)) 
 *  rmode((bowl(+-A),not_cup(+-B),near(A,B),done,A\==B)) 
 *  rmode((bowl(+-A),not_cup(+-B),not_near(A,B),not(A==B))) 
 *  rmode((bowl(+-A),not_cup(+-B),not_near(A,B),action(#[near],A,B),A\==B)) 
 *  rmode((bowl(+-A),not_cup(+-B),not_near(A,B),action(#[near],B,A),A\==B)) 
 *  rmode((bowl(+-A),not_cup(+-B),not_near(A,B),done,A\==B)) 
 *  rmode((bowl(+-A),not_fork(+-B),action(#[near],A,B),A\==B)) 
 *  rmode((bowl(+-A),not_fork(+-B),done,A\==B)) 
 *  rmode((bowl(+-A),not_fork(+-B),near(A,B),not(A==B))) 
 *  rmode((bowl(+-A),not_fork(+-B),near(A,B),action(#[near],A,B),A\==B)) 
 *  rmode((bowl(+-A),not_fork(+-B),near(A,B),action(#[near],B,A),A\==B)) 
 *  rmode((bowl(+-A),not_fork(+-B),near(A,B),done,A\==B)) 
 *  rmode((bowl(+-A),not_fork(+-B),not_near(A,B),not(A==B))) 
 *  rmode((bowl(+-A),not_fork(+-B),not_near(A,B),action(#[near],A,B),A\==B)) 
 *  rmode((bowl(+-A),not_fork(+-B),not_near(A,B),action(#[near],B,A),A\==B)) 
 *  rmode((bowl(+-A),not_fork(+-B),not_near(A,B),done,A\==B)) 
 *  rmode((bowl(+-A),not_near(A,+-B),not(A==B))) 
 *  rmode((bowl(+-A),not_near(A,+-B),action(#[near],A,B),A\==B)) 
 *  rmode((bowl(+-A),not_near(A,+-B),action(#[near],B,A),A\==B)) 
 *  rmode((bowl(+-A),not_near(A,+-B),done,A\==B)) 
 *  rmode((bowl(+-A),not_plate(+-B),action(#[near],A,B),A\==B)) 
 *  rmode((bowl(+-A),not_plate(+-B),done,A\==B)) 
 *  rmode((bowl(+-A),not_plate(+-B),near(A,B),not(A==B))) 
 *  rmode((bowl(+-A),not_plate(+-B),near(A,B),action(#[near],A,B),A\==B)) 
 *  rmode((bowl(+-A),not_plate(+-B),near(A,B),action(#[near],B,A),A\==B)) 
 *  rmode((bowl(+-A),not_plate(+-B),near(A,B),done,A\==B)) 
 *  rmode((bowl(+-A),not_plate(+-B),not_near(A,B),not(A==B))) 
 *  rmode((bowl(+-A),not_plate(+-B),not_near(A,B),action(#[near],A,B),A\==B)) 
 *  rmode((bowl(+-A),not_plate(+-B),not_near(A,B),action(#[near],B,A),A\==B)) 
 *  rmode((bowl(+-A),not_plate(+-B),not_near(A,B),done,A\==B)) 
 *  rmode((bowl(+-A),plate(+-B),action(#[near],A,B),A\==B)) 
 *  rmode((bowl(+-A),plate(+-B),done,A\==B)) 
 *  rmode((bowl(+-A),plate(+-B),near(A,B),not(A==B))) 
 *  rmode((bowl(+-A),plate(+-B),near(A,B),action(#[near],A,B),A\==B)) 
 *  rmode((bowl(+-A),plate(+-B),near(A,B),action(#[near],B,A),A\==B)) 
 *  rmode((bowl(+-A),plate(+-B),near(A,B),done,A\==B)) 
 *  rmode((bowl(+-A),plate(+-B),not_near(A,B),not(A==B))) 
 *  rmode((bowl(+-A),plate(+-B),not_near(A,B),action(#[near],A,B),A\==B)) 
 *  rmode((bowl(+-A),plate(+-B),not_near(A,B),action(#[near],B,A),A\==B)) 
 *  rmode((bowl(+-A),plate(+-B),not_near(A,B),done,A\==B)) 
 *  rmode((bowl(+-A),action(#[near],+-B,A),B\==A)) 
 *  rmode((bowl(+-A),near(+-B,A),not(B==A))) 
 *  rmode((bowl(+-A),near(+-B,A),action(#[near],B,A),B\==A)) 
 *  rmode((bowl(+-A),near(+-B,A),action(#[near],A,B),B\==A)) 
 *  rmode((bowl(+-A),near(+-B,A),done,B\==A)) 
 *  rmode((bowl(+-A),not_near(+-B,A),not(B==A))) 
 *  rmode((bowl(+-A),not_near(+-B,A),action(#[near],B,A),B\==A)) 
 *  rmode((bowl(+-A),not_near(+-B,A),action(#[near],A,B),B\==A)) 
 *  rmode((bowl(+-A),not_near(+-B,A),done,B\==A)) 
 *  rmode(cup(+-A)) 
 *  rmode((cup(+-A),action(#[near],A,+-B),A\==B)) 
 *  rmode((cup(+-A),bowl(+-B),action(#[near],A,B),A\==B)) 
 *  rmode((cup(+-A),bowl(+-B),done,A\==B)) 
 *  rmode((cup(+-A),bowl(+-B),near(A,B),not(A==B))) 
 *  rmode((cup(+-A),bowl(+-B),near(A,B),action(#[near],A,B),A\==B)) 
 *  rmode((cup(+-A),bowl(+-B),near(A,B),action(#[near],B,A),A\==B)) 
 *  rmode((cup(+-A),bowl(+-B),near(A,B),done,A\==B)) 
 *  rmode((cup(+-A),bowl(+-B),not_near(A,B),not(A==B))) 
 *  rmode((cup(+-A),bowl(+-B),not_near(A,B),action(#[near],A,B),A\==B)) 
 *  rmode((cup(+-A),bowl(+-B),not_near(A,B),action(#[near],B,A),A\==B)) 
 *  rmode((cup(+-A),bowl(+-B),not_near(A,B),done,A\==B)) 
 *  rmode((cup(+-A),cup(+-B),action(#[near],A,B),A\==B)) 
 *  rmode((cup(+-A),cup(+-B),done,A\==B)) 
 *  rmode((cup(+-A),cup(+-B),near(A,B),not(A==B))) 
 *  rmode((cup(+-A),cup(+-B),near(A,B),action(#[near],A,B),A\==B)) 
 *  rmode((cup(+-A),cup(+-B),near(A,B),action(#[near],B,A),A\==B)) 
 *  rmode((cup(+-A),cup(+-B),near(A,B),done,A\==B)) 
 *  rmode((cup(+-A),cup(+-B),not_near(A,B),not(A==B))) 
 *  rmode((cup(+-A),cup(+-B),not_near(A,B),action(#[near],A,B),A\==B)) 
 *  rmode((cup(+-A),cup(+-B),not_near(A,B),action(#[near],B,A),A\==B)) 
 *  rmode((cup(+-A),cup(+-B),not_near(A,B),done,A\==B)) 
 *  rmode((cup(+-A),done)) 
 *  rmode((cup(+-A),fork(+-B),action(#[near],A,B),A\==B)) 
 *  rmode((cup(+-A),fork(+-B),done,A\==B)) 
 *  rmode((cup(+-A),fork(+-B),near(A,B),not(A==B))) 
 *  rmode((cup(+-A),fork(+-B),near(A,B),action(#[near],A,B),A\==B)) 
 *  rmode((cup(+-A),fork(+-B),near(A,B),action(#[near],B,A),A\==B)) 
 *  rmode((cup(+-A),fork(+-B),near(A,B),done,A\==B)) 
 *  rmode((cup(+-A),fork(+-B),not_near(A,B),not(A==B))) 
 *  rmode((cup(+-A),fork(+-B),not_near(A,B),action(#[near],A,B),A\==B)) 
 *  rmode((cup(+-A),fork(+-B),not_near(A,B),action(#[near],B,A),A\==B)) 
 *  rmode((cup(+-A),fork(+-B),not_near(A,B),done,A\==B)) 
 *  rmode((cup(+-A),near(A,+-B),not(A==B))) 
 *  rmode((cup(+-A),near(A,+-B),action(#[near],A,B),A\==B)) 
 *  rmode((cup(+-A),near(A,+-B),action(#[near],B,A),A\==B)) 
 *  rmode((cup(+-A),near(A,+-B),done,A\==B)) 
 *  rmode((cup(+-A),not_bowl(+-B),action(#[near],A,B),A\==B)) 
 *  rmode((cup(+-A),not_bowl(+-B),done,A\==B)) 
 *  rmode((cup(+-A),not_bowl(+-B),near(A,B),not(A==B))) 
 *  rmode((cup(+-A),not_bowl(+-B),near(A,B),action(#[near],A,B),A\==B)) 
 *  rmode((cup(+-A),not_bowl(+-B),near(A,B),action(#[near],B,A),A\==B)) 
 *  rmode((cup(+-A),not_bowl(+-B),near(A,B),done,A\==B)) 
 *  rmode((cup(+-A),not_bowl(+-B),not_near(A,B),not(A==B))) 
 *  rmode((cup(+-A),not_bowl(+-B),not_near(A,B),action(#[near],A,B),A\==B)) 
 *  rmode((cup(+-A),not_bowl(+-B),not_near(A,B),action(#[near],B,A),A\==B)) 
 *  rmode((cup(+-A),not_bowl(+-B),not_near(A,B),done,A\==B)) 
 *  rmode((cup(+-A),not_cup(+-B),action(#[near],A,B),A\==B)) 
 *  rmode((cup(+-A),not_cup(+-B),done,A\==B)) 
 *  rmode((cup(+-A),not_cup(+-B),near(A,B),not(A==B))) 
 *  rmode((cup(+-A),not_cup(+-B),near(A,B),action(#[near],A,B),A\==B)) 
 *  rmode((cup(+-A),not_cup(+-B),near(A,B),action(#[near],B,A),A\==B)) 
 *  rmode((cup(+-A),not_cup(+-B),near(A,B),done,A\==B)) 
 *  rmode((cup(+-A),not_cup(+-B),not_near(A,B),not(A==B))) 
 *  rmode((cup(+-A),not_cup(+-B),not_near(A,B),action(#[near],A,B),A\==B)) 
 *  rmode((cup(+-A),not_cup(+-B),not_near(A,B),action(#[near],B,A),A\==B)) 
 *  rmode((cup(+-A),not_cup(+-B),not_near(A,B),done,A\==B)) 
 *  rmode((cup(+-A),not_fork(+-B),action(#[near],A,B),A\==B)) 
 *  rmode((cup(+-A),not_fork(+-B),done,A\==B)) 
 *  rmode((cup(+-A),not_fork(+-B),near(A,B),not(A==B))) 
 *  rmode((cup(+-A),not_fork(+-B),near(A,B),action(#[near],A,B),A\==B)) 
 *  rmode((cup(+-A),not_fork(+-B),near(A,B),action(#[near],B,A),A\==B)) 
 *  rmode((cup(+-A),not_fork(+-B),near(A,B),done,A\==B)) 
 *  rmode((cup(+-A),not_fork(+-B),not_near(A,B),not(A==B))) 
 *  rmode((cup(+-A),not_fork(+-B),not_near(A,B),action(#[near],A,B),A\==B)) 
 *  rmode((cup(+-A),not_fork(+-B),not_near(A,B),action(#[near],B,A),A\==B)) 
 *  rmode((cup(+-A),not_fork(+-B),not_near(A,B),done,A\==B)) 
 *  rmode((cup(+-A),not_near(A,+-B),not(A==B))) 
 *  rmode((cup(+-A),not_near(A,+-B),action(#[near],A,B),A\==B)) 
 *  rmode((cup(+-A),not_near(A,+-B),action(#[near],B,A),A\==B)) 
 *  rmode((cup(+-A),not_near(A,+-B),done,A\==B)) 
 *  rmode((cup(+-A),not_plate(+-B),action(#[near],A,B),A\==B)) 
 *  rmode((cup(+-A),not_plate(+-B),done,A\==B)) 
 *  rmode((cup(+-A),not_plate(+-B),near(A,B),not(A==B))) 
 *  rmode((cup(+-A),not_plate(+-B),near(A,B),action(#[near],A,B),A\==B)) 
 *  rmode((cup(+-A),not_plate(+-B),near(A,B),action(#[near],B,A),A\==B)) 
 *  rmode((cup(+-A),not_plate(+-B),near(A,B),done,A\==B)) 
 *  rmode((cup(+-A),not_plate(+-B),not_near(A,B),not(A==B))) 
 *  rmode((cup(+-A),not_plate(+-B),not_near(A,B),action(#[near],A,B),A\==B)) 
 *  rmode((cup(+-A),not_plate(+-B),not_near(A,B),action(#[near],B,A),A\==B)) 
 *  rmode((cup(+-A),not_plate(+-B),not_near(A,B),done,A\==B)) 
 *  rmode((cup(+-A),plate(+-B),action(#[near],A,B),A\==B)) 
 *  rmode((cup(+-A),plate(+-B),done,A\==B)) 
 *  rmode((cup(+-A),plate(+-B),near(A,B),not(A==B))) 
 *  rmode((cup(+-A),plate(+-B),near(A,B),action(#[near],A,B),A\==B)) 
 *  rmode((cup(+-A),plate(+-B),near(A,B),action(#[near],B,A),A\==B)) 
 *  rmode((cup(+-A),plate(+-B),near(A,B),done,A\==B)) 
 *  rmode((cup(+-A),plate(+-B),not_near(A,B),not(A==B))) 
 *  rmode((cup(+-A),plate(+-B),not_near(A,B),action(#[near],A,B),A\==B)) 
 *  rmode((cup(+-A),plate(+-B),not_near(A,B),action(#[near],B,A),A\==B)) 
 *  rmode((cup(+-A),plate(+-B),not_near(A,B),done,A\==B)) 
 *  rmode((cup(+-A),action(#[near],+-B,A),B\==A)) 
 *  rmode((cup(+-A),near(+-B,A),not(B==A))) 
 *  rmode((cup(+-A),near(+-B,A),action(#[near],B,A),B\==A)) 
 *  rmode((cup(+-A),near(+-B,A),action(#[near],A,B),B\==A)) 
 *  rmode((cup(+-A),near(+-B,A),done,B\==A)) 
 *  rmode((cup(+-A),not_near(+-B,A),not(B==A))) 
 *  rmode((cup(+-A),not_near(+-B,A),action(#[near],B,A),B\==A)) 
 *  rmode((cup(+-A),not_near(+-B,A),action(#[near],A,B),B\==A)) 
 *  rmode((cup(+-A),not_near(+-B,A),done,B\==A)) 
 *  rmode(done) 
 *  rmode(fork(+-A)) 
 *  rmode((fork(+-A),action(#[near],A,+-B),A\==B)) 
 *  rmode((fork(+-A),bowl(+-B),action(#[near],A,B),A\==B)) 
 *  rmode((fork(+-A),bowl(+-B),done,A\==B)) 
 *  rmode((fork(+-A),bowl(+-B),near(A,B),not(A==B))) 
 *  rmode((fork(+-A),bowl(+-B),near(A,B),action(#[near],A,B),A\==B)) 
 *  rmode((fork(+-A),bowl(+-B),near(A,B),action(#[near],B,A),A\==B)) 
 *  rmode((fork(+-A),bowl(+-B),near(A,B),done,A\==B)) 
 *  rmode((fork(+-A),bowl(+-B),not_near(A,B),not(A==B))) 
 *  rmode((fork(+-A),bowl(+-B),not_near(A,B),action(#[near],A,B),A\==B)) 
 *  rmode((fork(+-A),bowl(+-B),not_near(A,B),action(#[near],B,A),A\==B)) 
 *  rmode((fork(+-A),bowl(+-B),not_near(A,B),done,A\==B)) 
 *  rmode((fork(+-A),cup(+-B),action(#[near],A,B),A\==B)) 
 *  rmode((fork(+-A),cup(+-B),done,A\==B)) 
 *  rmode((fork(+-A),cup(+-B),near(A,B),not(A==B))) 
 *  rmode((fork(+-A),cup(+-B),near(A,B),action(#[near],A,B),A\==B)) 
 *  rmode((fork(+-A),cup(+-B),near(A,B),action(#[near],B,A),A\==B)) 
 *  rmode((fork(+-A),cup(+-B),near(A,B),done,A\==B)) 
 *  rmode((fork(+-A),cup(+-B),not_near(A,B),not(A==B))) 
 *  rmode((fork(+-A),cup(+-B),not_near(A,B),action(#[near],A,B),A\==B)) 
 *  rmode((fork(+-A),cup(+-B),not_near(A,B),action(#[near],B,A),A\==B)) 
 *  rmode((fork(+-A),cup(+-B),not_near(A,B),done,A\==B)) 
 *  rmode((fork(+-A),done)) 
 *  rmode((fork(+-A),fork(+-B),action(#[near],A,B),A\==B)) 
 *  rmode((fork(+-A),fork(+-B),done,A\==B)) 
 *  rmode((fork(+-A),fork(+-B),near(A,B),not(A==B))) 
 *  rmode((fork(+-A),fork(+-B),near(A,B),action(#[near],A,B),A\==B)) 
 *  rmode((fork(+-A),fork(+-B),near(A,B),action(#[near],B,A),A\==B)) 
 *  rmode((fork(+-A),fork(+-B),near(A,B),done,A\==B)) 
 *  rmode((fork(+-A),fork(+-B),not_near(A,B),not(A==B))) 
 *  rmode((fork(+-A),fork(+-B),not_near(A,B),action(#[near],A,B),A\==B)) 
 *  rmode((fork(+-A),fork(+-B),not_near(A,B),action(#[near],B,A),A\==B)) 
 *  rmode((fork(+-A),fork(+-B),not_near(A,B),done,A\==B)) 
 *  rmode((fork(+-A),near(A,+-B),not(A==B))) 
 *  rmode((fork(+-A),near(A,+-B),action(#[near],A,B),A\==B)) 
 *  rmode((fork(+-A),near(A,+-B),action(#[near],B,A),A\==B)) 
 *  rmode((fork(+-A),near(A,+-B),done,A\==B)) 
 *  rmode((fork(+-A),not_bowl(+-B),action(#[near],A,B),A\==B)) 
 *  rmode((fork(+-A),not_bowl(+-B),done,A\==B)) 
 *  rmode((fork(+-A),not_bowl(+-B),near(A,B),not(A==B))) 
 *  rmode((fork(+-A),not_bowl(+-B),near(A,B),action(#[near],A,B),A\==B)) 
 *  rmode((fork(+-A),not_bowl(+-B),near(A,B),action(#[near],B,A),A\==B)) 
 *  rmode((fork(+-A),not_bowl(+-B),near(A,B),done,A\==B)) 
 *  rmode((fork(+-A),not_bowl(+-B),not_near(A,B),not(A==B))) 
 *  rmode((fork(+-A),not_bowl(+-B),not_near(A,B),action(#[near],A,B),A\==B)) 
 *  rmode((fork(+-A),not_bowl(+-B),not_near(A,B),action(#[near],B,A),A\==B)) 
 *  rmode((fork(+-A),not_bowl(+-B),not_near(A,B),done,A\==B)) 
 *  rmode((fork(+-A),not_cup(+-B),action(#[near],A,B),A\==B)) 
 *  rmode((fork(+-A),not_cup(+-B),done,A\==B)) 
 *  rmode((fork(+-A),not_cup(+-B),near(A,B),not(A==B))) 
 *  rmode((fork(+-A),not_cup(+-B),near(A,B),action(#[near],A,B),A\==B)) 
 *  rmode((fork(+-A),not_cup(+-B),near(A,B),action(#[near],B,A),A\==B)) 
 *  rmode((fork(+-A),not_cup(+-B),near(A,B),done,A\==B)) 
 *  rmode((fork(+-A),not_cup(+-B),not_near(A,B),not(A==B))) 
 *  rmode((fork(+-A),not_cup(+-B),not_near(A,B),action(#[near],A,B),A\==B)) 
 *  rmode((fork(+-A),not_cup(+-B),not_near(A,B),action(#[near],B,A),A\==B)) 
 *  rmode((fork(+-A),not_cup(+-B),not_near(A,B),done,A\==B)) 
 *  rmode((fork(+-A),not_fork(+-B),action(#[near],A,B),A\==B)) 
 *  rmode((fork(+-A),not_fork(+-B),done,A\==B)) 
 *  rmode((fork(+-A),not_fork(+-B),near(A,B),not(A==B))) 
 *  rmode((fork(+-A),not_fork(+-B),near(A,B),action(#[near],A,B),A\==B)) 
 *  rmode((fork(+-A),not_fork(+-B),near(A,B),action(#[near],B,A),A\==B)) 
 *  rmode((fork(+-A),not_fork(+-B),near(A,B),done,A\==B)) 
 *  rmode((fork(+-A),not_fork(+-B),not_near(A,B),not(A==B))) 
 *  rmode((fork(+-A),not_fork(+-B),not_near(A,B),action(#[near],A,B),A\==B)) 
 *  rmode((fork(+-A),not_fork(+-B),not_near(A,B),action(#[near],B,A),A\==B)) 
 *  rmode((fork(+-A),not_fork(+-B),not_near(A,B),done,A\==B)) 
 *  rmode((fork(+-A),not_near(A,+-B),not(A==B))) 
 *  rmode((fork(+-A),not_near(A,+-B),action(#[near],A,B),A\==B)) 
 *  rmode((fork(+-A),not_near(A,+-B),action(#[near],B,A),A\==B)) 
 *  rmode((fork(+-A),not_near(A,+-B),done,A\==B)) 
 *  rmode((fork(+-A),not_plate(+-B),action(#[near],A,B),A\==B)) 
 *  rmode((fork(+-A),not_plate(+-B),done,A\==B)) 
 *  rmode((fork(+-A),not_plate(+-B),near(A,B),not(A==B))) 
 *  rmode((fork(+-A),not_plate(+-B),near(A,B),action(#[near],A,B),A\==B)) 
 *  rmode((fork(+-A),not_plate(+-B),near(A,B),action(#[near],B,A),A\==B)) 
 *  rmode((fork(+-A),not_plate(+-B),near(A,B),done,A\==B)) 
 *  rmode((fork(+-A),not_plate(+-B),not_near(A,B),not(A==B))) 
 *  rmode((fork(+-A),not_plate(+-B),not_near(A,B),action(#[near],A,B),A\==B)) 
 *  rmode((fork(+-A),not_plate(+-B),not_near(A,B),action(#[near],B,A),A\==B)) 
 *  rmode((fork(+-A),not_plate(+-B),not_near(A,B),done,A\==B)) 
 *  rmode((fork(+-A),plate(+-B),action(#[near],A,B),A\==B)) 
 *  rmode((fork(+-A),plate(+-B),done,A\==B)) 
 *  rmode((fork(+-A),plate(+-B),near(A,B),not(A==B))) 
 *  rmode((fork(+-A),plate(+-B),near(A,B),action(#[near],A,B),A\==B)) 
 *  rmode((fork(+-A),plate(+-B),near(A,B),action(#[near],B,A),A\==B)) 
 *  rmode((fork(+-A),plate(+-B),near(A,B),done,A\==B)) 
 *  rmode((fork(+-A),plate(+-B),not_near(A,B),not(A==B))) 
 *  rmode((fork(+-A),plate(+-B),not_near(A,B),action(#[near],A,B),A\==B)) 
 *  rmode((fork(+-A),plate(+-B),not_near(A,B),action(#[near],B,A),A\==B)) 
 *  rmode((fork(+-A),plate(+-B),not_near(A,B),done,A\==B)) 
 *  rmode((fork(+-A),action(#[near],+-B,A),B\==A)) 
 *  rmode((fork(+-A),near(+-B,A),not(B==A))) 
 *  rmode((fork(+-A),near(+-B,A),action(#[near],B,A),B\==A)) 
 *  rmode((fork(+-A),near(+-B,A),action(#[near],A,B),B\==A)) 
 *  rmode((fork(+-A),near(+-B,A),done,B\==A)) 
 *  rmode((fork(+-A),not_near(+-B,A),not(B==A))) 
 *  rmode((fork(+-A),not_near(+-B,A),action(#[near],B,A),B\==A)) 
 *  rmode((fork(+-A),not_near(+-B,A),action(#[near],A,B),B\==A)) 
 *  rmode((fork(+-A),not_near(+-B,A),done,B\==A)) 
 *  rmode((near(+-A,+-B),not(A==B))) 
 *  rmode(not_bowl(+-A)) 
 *  rmode((not_bowl(+-A),action(#[near],A,+-B),A\==B)) 
 *  rmode((not_bowl(+-A),bowl(+-B),action(#[near],A,B),A\==B)) 
 *  rmode((not_bowl(+-A),bowl(+-B),done,A\==B)) 
 *  rmode((not_bowl(+-A),bowl(+-B),near(A,B),not(A==B))) 
 *  rmode((not_bowl(+-A),bowl(+-B),near(A,B),action(#[near],A,B),A\==B)) 
 *  rmode((not_bowl(+-A),bowl(+-B),near(A,B),action(#[near],B,A),A\==B)) 
 *  rmode((not_bowl(+-A),bowl(+-B),near(A,B),done,A\==B)) 
 *  rmode((not_bowl(+-A),bowl(+-B),not_near(A,B),not(A==B))) 
 *  rmode((not_bowl(+-A),bowl(+-B),not_near(A,B),action(#[near],A,B),A\==B)) 
 *  rmode((not_bowl(+-A),bowl(+-B),not_near(A,B),action(#[near],B,A),A\==B)) 
 *  rmode((not_bowl(+-A),bowl(+-B),not_near(A,B),done,A\==B)) 
 *  rmode((not_bowl(+-A),cup(+-B),action(#[near],A,B),A\==B)) 
 *  rmode((not_bowl(+-A),cup(+-B),done,A\==B)) 
 *  rmode((not_bowl(+-A),cup(+-B),near(A,B),not(A==B))) 
 *  rmode((not_bowl(+-A),cup(+-B),near(A,B),action(#[near],A,B),A\==B)) 
 *  rmode((not_bowl(+-A),cup(+-B),near(A,B),action(#[near],B,A),A\==B)) 
 *  rmode((not_bowl(+-A),cup(+-B),near(A,B),done,A\==B)) 
 *  rmode((not_bowl(+-A),cup(+-B),not_near(A,B),not(A==B))) 
 *  rmode((not_bowl(+-A),cup(+-B),not_near(A,B),action(#[near],A,B),A\==B)) 
 *  rmode((not_bowl(+-A),cup(+-B),not_near(A,B),action(#[near],B,A),A\==B)) 
 *  rmode((not_bowl(+-A),cup(+-B),not_near(A,B),done,A\==B)) 
 *  rmode((not_bowl(+-A),done)) 
 *  rmode((not_bowl(+-A),fork(+-B),action(#[near],A,B),A\==B)) 
 *  rmode((not_bowl(+-A),fork(+-B),done,A\==B)) 
 *  rmode((not_bowl(+-A),fork(+-B),near(A,B),not(A==B))) 
 *  rmode((not_bowl(+-A),fork(+-B),near(A,B),action(#[near],A,B),A\==B)) 
 *  rmode((not_bowl(+-A),fork(+-B),near(A,B),action(#[near],B,A),A\==B)) 
 *  rmode((not_bowl(+-A),fork(+-B),near(A,B),done,A\==B)) 
 *  rmode((not_bowl(+-A),fork(+-B),not_near(A,B),not(A==B))) 
 *  rmode((not_bowl(+-A),fork(+-B),not_near(A,B),action(#[near],A,B),A\==B)) 
 *  rmode((not_bowl(+-A),fork(+-B),not_near(A,B),action(#[near],B,A),A\==B)) 
 *  rmode((not_bowl(+-A),fork(+-B),not_near(A,B),done,A\==B)) 
 *  rmode((not_bowl(+-A),near(A,+-B),not(A==B))) 
 *  rmode((not_bowl(+-A),near(A,+-B),action(#[near],A,B),A\==B)) 
 *  rmode((not_bowl(+-A),near(A,+-B),action(#[near],B,A),A\==B)) 
 *  rmode((not_bowl(+-A),near(A,+-B),done,A\==B)) 
 *  rmode((not_bowl(+-A),not_bowl(+-B),action(#[near],A,B),A\==B)) 
 *  rmode((not_bowl(+-A),not_bowl(+-B),done,A\==B)) 
 *  rmode((not_bowl(+-A),not_bowl(+-B),near(A,B),not(A==B))) 
 *  rmode((not_bowl(+-A),not_bowl(+-B),near(A,B),action(#[near],A,B),A\==B)) 
 *  rmode((not_bowl(+-A),not_bowl(+-B),near(A,B),action(#[near],B,A),A\==B)) 
 *  rmode((not_bowl(+-A),not_bowl(+-B),near(A,B),done,A\==B)) 
 *  rmode((not_bowl(+-A),not_bowl(+-B),not_near(A,B),not(A==B))) 
 *  rmode((not_bowl(+-A),not_bowl(+-B),not_near(A,B),action(#[near],A,B),A\==B)) 
 *  rmode((not_bowl(+-A),not_bowl(+-B),not_near(A,B),action(#[near],B,A),A\==B)) 
 *  rmode((not_bowl(+-A),not_bowl(+-B),not_near(A,B),done,A\==B)) 
 *  rmode((not_bowl(+-A),not_cup(+-B),action(#[near],A,B),A\==B)) 
 *  rmode((not_bowl(+-A),not_cup(+-B),done,A\==B)) 
 *  rmode((not_bowl(+-A),not_cup(+-B),near(A,B),not(A==B))) 
 *  rmode((not_bowl(+-A),not_cup(+-B),near(A,B),action(#[near],A,B),A\==B)) 
 *  rmode((not_bowl(+-A),not_cup(+-B),near(A,B),action(#[near],B,A),A\==B)) 
 *  rmode((not_bowl(+-A),not_cup(+-B),near(A,B),done,A\==B)) 
 *  rmode((not_bowl(+-A),not_cup(+-B),not_near(A,B),not(A==B))) 
 *  rmode((not_bowl(+-A),not_cup(+-B),not_near(A,B),action(#[near],A,B),A\==B)) 
 *  rmode((not_bowl(+-A),not_cup(+-B),not_near(A,B),action(#[near],B,A),A\==B)) 
 *  rmode((not_bowl(+-A),not_cup(+-B),not_near(A,B),done,A\==B)) 
 *  rmode((not_bowl(+-A),not_fork(+-B),action(#[near],A,B),A\==B)) 
 *  rmode((not_bowl(+-A),not_fork(+-B),done,A\==B)) 
 *  rmode((not_bowl(+-A),not_fork(+-B),near(A,B),not(A==B))) 
 *  rmode((not_bowl(+-A),not_fork(+-B),near(A,B),action(#[near],A,B),A\==B)) 
 *  rmode((not_bowl(+-A),not_fork(+-B),near(A,B),action(#[near],B,A),A\==B)) 
 *  rmode((not_bowl(+-A),not_fork(+-B),near(A,B),done,A\==B)) 
 *  rmode((not_bowl(+-A),not_fork(+-B),not_near(A,B),not(A==B))) 
 *  rmode((not_bowl(+-A),not_fork(+-B),not_near(A,B),action(#[near],A,B),A\==B)) 
 *  rmode((not_bowl(+-A),not_fork(+-B),not_near(A,B),action(#[near],B,A),A\==B)) 
 *  rmode((not_bowl(+-A),not_fork(+-B),not_near(A,B),done,A\==B)) 
 *  rmode((not_bowl(+-A),not_near(A,+-B),not(A==B))) 
 *  rmode((not_bowl(+-A),not_near(A,+-B),action(#[near],A,B),A\==B)) 
 *  rmode((not_bowl(+-A),not_near(A,+-B),action(#[near],B,A),A\==B)) 
 *  rmode((not_bowl(+-A),not_near(A,+-B),done,A\==B)) 
 *  rmode((not_bowl(+-A),not_plate(+-B),action(#[near],A,B),A\==B)) 
 *  rmode((not_bowl(+-A),not_plate(+-B),done,A\==B)) 
 *  rmode((not_bowl(+-A),not_plate(+-B),near(A,B),not(A==B))) 
 *  rmode((not_bowl(+-A),not_plate(+-B),near(A,B),action(#[near],A,B),A\==B)) 
 *  rmode((not_bowl(+-A),not_plate(+-B),near(A,B),action(#[near],B,A),A\==B)) 
 *  rmode((not_bowl(+-A),not_plate(+-B),near(A,B),done,A\==B)) 
 *  rmode((not_bowl(+-A),not_plate(+-B),not_near(A,B),not(A==B))) 
 *  rmode((not_bowl(+-A),not_plate(+-B),not_near(A,B),action(#[near],A,B),A\==B)) 
 *  rmode((not_bowl(+-A),not_plate(+-B),not_near(A,B),action(#[near],B,A),A\==B)) 
 *  rmode((not_bowl(+-A),not_plate(+-B),not_near(A,B),done,A\==B)) 
 *  rmode((not_bowl(+-A),plate(+-B),action(#[near],A,B),A\==B)) 
 *  rmode((not_bowl(+-A),plate(+-B),done,A\==B)) 
 *  rmode((not_bowl(+-A),plate(+-B),near(A,B),not(A==B))) 
 *  rmode((not_bowl(+-A),plate(+-B),near(A,B),action(#[near],A,B),A\==B)) 
 *  rmode((not_bowl(+-A),plate(+-B),near(A,B),action(#[near],B,A),A\==B)) 
 *  rmode((not_bowl(+-A),plate(+-B),near(A,B),done,A\==B)) 
 *  rmode((not_bowl(+-A),plate(+-B),not_near(A,B),not(A==B))) 
 *  rmode((not_bowl(+-A),plate(+-B),not_near(A,B),action(#[near],A,B),A\==B)) 
 *  rmode((not_bowl(+-A),plate(+-B),not_near(A,B),action(#[near],B,A),A\==B)) 
 *  rmode((not_bowl(+-A),plate(+-B),not_near(A,B),done,A\==B)) 
 *  rmode((not_bowl(+-A),action(#[near],+-B,A),B\==A)) 
 *  rmode((not_bowl(+-A),near(+-B,A),not(B==A))) 
 *  rmode((not_bowl(+-A),near(+-B,A),action(#[near],B,A),B\==A)) 
 *  rmode((not_bowl(+-A),near(+-B,A),action(#[near],A,B),B\==A)) 
 *  rmode((not_bowl(+-A),near(+-B,A),done,B\==A)) 
 *  rmode((not_bowl(+-A),not_near(+-B,A),not(B==A))) 
 *  rmode((not_bowl(+-A),not_near(+-B,A),action(#[near],B,A),B\==A)) 
 *  rmode((not_bowl(+-A),not_near(+-B,A),action(#[near],A,B),B\==A)) 
 *  rmode((not_bowl(+-A),not_near(+-B,A),done,B\==A)) 
 *  rmode(not_cup(+-A)) 
 *  rmode((not_cup(+-A),action(#[near],A,+-B),A\==B)) 
 *  rmode((not_cup(+-A),bowl(+-B),action(#[near],A,B),A\==B)) 
 *  rmode((not_cup(+-A),bowl(+-B),done,A\==B)) 
 *  rmode((not_cup(+-A),bowl(+-B),near(A,B),not(A==B))) 
 *  rmode((not_cup(+-A),bowl(+-B),near(A,B),action(#[near],A,B),A\==B)) 
 *  rmode((not_cup(+-A),bowl(+-B),near(A,B),action(#[near],B,A),A\==B)) 
 *  rmode((not_cup(+-A),bowl(+-B),near(A,B),done,A\==B)) 
 *  rmode((not_cup(+-A),bowl(+-B),not_near(A,B),not(A==B))) 
 *  rmode((not_cup(+-A),bowl(+-B),not_near(A,B),action(#[near],A,B),A\==B)) 
 *  rmode((not_cup(+-A),bowl(+-B),not_near(A,B),action(#[near],B,A),A\==B)) 
 *  rmode((not_cup(+-A),bowl(+-B),not_near(A,B),done,A\==B)) 
 *  rmode((not_cup(+-A),cup(+-B),action(#[near],A,B),A\==B)) 
 *  rmode((not_cup(+-A),cup(+-B),done,A\==B)) 
 *  rmode((not_cup(+-A),cup(+-B),near(A,B),not(A==B))) 
 *  rmode((not_cup(+-A),cup(+-B),near(A,B),action(#[near],A,B),A\==B)) 
 *  rmode((not_cup(+-A),cup(+-B),near(A,B),action(#[near],B,A),A\==B)) 
 *  rmode((not_cup(+-A),cup(+-B),near(A,B),done,A\==B)) 
 *  rmode((not_cup(+-A),cup(+-B),not_near(A,B),not(A==B))) 
 *  rmode((not_cup(+-A),cup(+-B),not_near(A,B),action(#[near],A,B),A\==B)) 
 *  rmode((not_cup(+-A),cup(+-B),not_near(A,B),action(#[near],B,A),A\==B)) 
 *  rmode((not_cup(+-A),cup(+-B),not_near(A,B),done,A\==B)) 
 *  rmode((not_cup(+-A),done)) 
 *  rmode((not_cup(+-A),fork(+-B),action(#[near],A,B),A\==B)) 
 *  rmode((not_cup(+-A),fork(+-B),done,A\==B)) 
 *  rmode((not_cup(+-A),fork(+-B),near(A,B),not(A==B))) 
 *  rmode((not_cup(+-A),fork(+-B),near(A,B),action(#[near],A,B),A\==B)) 
 *  rmode((not_cup(+-A),fork(+-B),near(A,B),action(#[near],B,A),A\==B)) 
 *  rmode((not_cup(+-A),fork(+-B),near(A,B),done,A\==B)) 
 *  rmode((not_cup(+-A),fork(+-B),not_near(A,B),not(A==B))) 
 *  rmode((not_cup(+-A),fork(+-B),not_near(A,B),action(#[near],A,B),A\==B)) 
 *  rmode((not_cup(+-A),fork(+-B),not_near(A,B),action(#[near],B,A),A\==B)) 
 *  rmode((not_cup(+-A),fork(+-B),not_near(A,B),done,A\==B)) 
 *  rmode((not_cup(+-A),near(A,+-B),not(A==B))) 
 *  rmode((not_cup(+-A),near(A,+-B),action(#[near],A,B),A\==B)) 
 *  rmode((not_cup(+-A),near(A,+-B),action(#[near],B,A),A\==B)) 
 *  rmode((not_cup(+-A),near(A,+-B),done,A\==B)) 
 *  rmode((not_cup(+-A),not_bowl(+-B),action(#[near],A,B),A\==B)) 
 *  rmode((not_cup(+-A),not_bowl(+-B),done,A\==B)) 
 *  rmode((not_cup(+-A),not_bowl(+-B),near(A,B),not(A==B))) 
 *  rmode((not_cup(+-A),not_bowl(+-B),near(A,B),action(#[near],A,B),A\==B)) 
 *  rmode((not_cup(+-A),not_bowl(+-B),near(A,B),action(#[near],B,A),A\==B)) 
 *  rmode((not_cup(+-A),not_bowl(+-B),near(A,B),done,A\==B)) 
 *  rmode((not_cup(+-A),not_bowl(+-B),not_near(A,B),not(A==B))) 
 *  rmode((not_cup(+-A),not_bowl(+-B),not_near(A,B),action(#[near],A,B),A\==B)) 
 *  rmode((not_cup(+-A),not_bowl(+-B),not_near(A,B),action(#[near],B,A),A\==B)) 
 *  rmode((not_cup(+-A),not_bowl(+-B),not_near(A,B),done,A\==B)) 
 *  rmode((not_cup(+-A),not_cup(+-B),action(#[near],A,B),A\==B)) 
 *  rmode((not_cup(+-A),not_cup(+-B),done,A\==B)) 
 *  rmode((not_cup(+-A),not_cup(+-B),near(A,B),not(A==B))) 
 *  rmode((not_cup(+-A),not_cup(+-B),near(A,B),action(#[near],A,B),A\==B)) 
 *  rmode((not_cup(+-A),not_cup(+-B),near(A,B),action(#[near],B,A),A\==B)) 
 *  rmode((not_cup(+-A),not_cup(+-B),near(A,B),done,A\==B)) 
 *  rmode((not_cup(+-A),not_cup(+-B),not_near(A,B),not(A==B))) 
 *  rmode((not_cup(+-A),not_cup(+-B),not_near(A,B),action(#[near],A,B),A\==B)) 
 *  rmode((not_cup(+-A),not_cup(+-B),not_near(A,B),action(#[near],B,A),A\==B)) 
 *  rmode((not_cup(+-A),not_cup(+-B),not_near(A,B),done,A\==B)) 
 *  rmode((not_cup(+-A),not_fork(+-B),action(#[near],A,B),A\==B)) 
 *  rmode((not_cup(+-A),not_fork(+-B),done,A\==B)) 
 *  rmode((not_cup(+-A),not_fork(+-B),near(A,B),not(A==B))) 
 *  rmode((not_cup(+-A),not_fork(+-B),near(A,B),action(#[near],A,B),A\==B)) 
 *  rmode((not_cup(+-A),not_fork(+-B),near(A,B),action(#[near],B,A),A\==B)) 
 *  rmode((not_cup(+-A),not_fork(+-B),near(A,B),done,A\==B)) 
 *  rmode((not_cup(+-A),not_fork(+-B),not_near(A,B),not(A==B))) 
 *  rmode((not_cup(+-A),not_fork(+-B),not_near(A,B),action(#[near],A,B),A\==B)) 
 *  rmode((not_cup(+-A),not_fork(+-B),not_near(A,B),action(#[near],B,A),A\==B)) 
 *  rmode((not_cup(+-A),not_fork(+-B),not_near(A,B),done,A\==B)) 
 *  rmode((not_cup(+-A),not_near(A,+-B),not(A==B))) 
 *  rmode((not_cup(+-A),not_near(A,+-B),action(#[near],A,B),A\==B)) 
 *  rmode((not_cup(+-A),not_near(A,+-B),action(#[near],B,A),A\==B)) 
 *  rmode((not_cup(+-A),not_near(A,+-B),done,A\==B)) 
 *  rmode((not_cup(+-A),not_plate(+-B),action(#[near],A,B),A\==B)) 
 *  rmode((not_cup(+-A),not_plate(+-B),done,A\==B)) 
 *  rmode((not_cup(+-A),not_plate(+-B),near(A,B),not(A==B))) 
 *  rmode((not_cup(+-A),not_plate(+-B),near(A,B),action(#[near],A,B),A\==B)) 
 *  rmode((not_cup(+-A),not_plate(+-B),near(A,B),action(#[near],B,A),A\==B)) 
 *  rmode((not_cup(+-A),not_plate(+-B),near(A,B),done,A\==B)) 
 *  rmode((not_cup(+-A),not_plate(+-B),not_near(A,B),not(A==B))) 
 *  rmode((not_cup(+-A),not_plate(+-B),not_near(A,B),action(#[near],A,B),A\==B)) 
 *  rmode((not_cup(+-A),not_plate(+-B),not_near(A,B),action(#[near],B,A),A\==B)) 
 *  rmode((not_cup(+-A),not_plate(+-B),not_near(A,B),done,A\==B)) 
 *  rmode((not_cup(+-A),plate(+-B),action(#[near],A,B),A\==B)) 
 *  rmode((not_cup(+-A),plate(+-B),done,A\==B)) 
 *  rmode((not_cup(+-A),plate(+-B),near(A,B),not(A==B))) 
 *  rmode((not_cup(+-A),plate(+-B),near(A,B),action(#[near],A,B),A\==B)) 
 *  rmode((not_cup(+-A),plate(+-B),near(A,B),action(#[near],B,A),A\==B)) 
 *  rmode((not_cup(+-A),plate(+-B),near(A,B),done,A\==B)) 
 *  rmode((not_cup(+-A),plate(+-B),not_near(A,B),not(A==B))) 
 *  rmode((not_cup(+-A),plate(+-B),not_near(A,B),action(#[near],A,B),A\==B)) 
 *  rmode((not_cup(+-A),plate(+-B),not_near(A,B),action(#[near],B,A),A\==B)) 
 *  rmode((not_cup(+-A),plate(+-B),not_near(A,B),done,A\==B)) 
 *  rmode((not_cup(+-A),action(#[near],+-B,A),B\==A)) 
 *  rmode((not_cup(+-A),near(+-B,A),not(B==A))) 
 *  rmode((not_cup(+-A),near(+-B,A),action(#[near],B,A),B\==A)) 
 *  rmode((not_cup(+-A),near(+-B,A),action(#[near],A,B),B\==A)) 
 *  rmode((not_cup(+-A),near(+-B,A),done,B\==A)) 
 *  rmode((not_cup(+-A),not_near(+-B,A),not(B==A))) 
 *  rmode((not_cup(+-A),not_near(+-B,A),action(#[near],B,A),B\==A)) 
 *  rmode((not_cup(+-A),not_near(+-B,A),action(#[near],A,B),B\==A)) 
 *  rmode((not_cup(+-A),not_near(+-B,A),done,B\==A)) 
 *  rmode(not_fork(+-A)) 
 *  rmode((not_fork(+-A),action(#[near],A,+-B),A\==B)) 
 *  rmode((not_fork(+-A),bowl(+-B),action(#[near],A,B),A\==B)) 
 *  rmode((not_fork(+-A),bowl(+-B),done,A\==B)) 
 *  rmode((not_fork(+-A),bowl(+-B),near(A,B),not(A==B))) 
 *  rmode((not_fork(+-A),bowl(+-B),near(A,B),action(#[near],A,B),A\==B)) 
 *  rmode((not_fork(+-A),bowl(+-B),near(A,B),action(#[near],B,A),A\==B)) 
 *  rmode((not_fork(+-A),bowl(+-B),near(A,B),done,A\==B)) 
 *  rmode((not_fork(+-A),bowl(+-B),not_near(A,B),not(A==B))) 
 *  rmode((not_fork(+-A),bowl(+-B),not_near(A,B),action(#[near],A,B),A\==B)) 
 *  rmode((not_fork(+-A),bowl(+-B),not_near(A,B),action(#[near],B,A),A\==B)) 
 *  rmode((not_fork(+-A),bowl(+-B),not_near(A,B),done,A\==B)) 
 *  rmode((not_fork(+-A),cup(+-B),action(#[near],A,B),A\==B)) 
 *  rmode((not_fork(+-A),cup(+-B),done,A\==B)) 
 *  rmode((not_fork(+-A),cup(+-B),near(A,B),not(A==B))) 
 *  rmode((not_fork(+-A),cup(+-B),near(A,B),action(#[near],A,B),A\==B)) 
 *  rmode((not_fork(+-A),cup(+-B),near(A,B),action(#[near],B,A),A\==B)) 
 *  rmode((not_fork(+-A),cup(+-B),near(A,B),done,A\==B)) 
 *  rmode((not_fork(+-A),cup(+-B),not_near(A,B),not(A==B))) 
 *  rmode((not_fork(+-A),cup(+-B),not_near(A,B),action(#[near],A,B),A\==B)) 
 *  rmode((not_fork(+-A),cup(+-B),not_near(A,B),action(#[near],B,A),A\==B)) 
 *  rmode((not_fork(+-A),cup(+-B),not_near(A,B),done,A\==B)) 
 *  rmode((not_fork(+-A),done)) 
 *  rmode((not_fork(+-A),fork(+-B),action(#[near],A,B),A\==B)) 
 *  rmode((not_fork(+-A),fork(+-B),done,A\==B)) 
 *  rmode((not_fork(+-A),fork(+-B),near(A,B),not(A==B))) 
 *  rmode((not_fork(+-A),fork(+-B),near(A,B),action(#[near],A,B),A\==B)) 
 *  rmode((not_fork(+-A),fork(+-B),near(A,B),action(#[near],B,A),A\==B)) 
 *  rmode((not_fork(+-A),fork(+-B),near(A,B),done,A\==B)) 
 *  rmode((not_fork(+-A),fork(+-B),not_near(A,B),not(A==B))) 
 *  rmode((not_fork(+-A),fork(+-B),not_near(A,B),action(#[near],A,B),A\==B)) 
 *  rmode((not_fork(+-A),fork(+-B),not_near(A,B),action(#[near],B,A),A\==B)) 
 *  rmode((not_fork(+-A),fork(+-B),not_near(A,B),done,A\==B)) 
 *  rmode((not_fork(+-A),near(A,+-B),not(A==B))) 
 *  rmode((not_fork(+-A),near(A,+-B),action(#[near],A,B),A\==B)) 
 *  rmode((not_fork(+-A),near(A,+-B),action(#[near],B,A),A\==B)) 
 *  rmode((not_fork(+-A),near(A,+-B),done,A\==B)) 
 *  rmode((not_fork(+-A),not_bowl(+-B),action(#[near],A,B),A\==B)) 
 *  rmode((not_fork(+-A),not_bowl(+-B),done,A\==B)) 
 *  rmode((not_fork(+-A),not_bowl(+-B),near(A,B),not(A==B))) 
 *  rmode((not_fork(+-A),not_bowl(+-B),near(A,B),action(#[near],A,B),A\==B)) 
 *  rmode((not_fork(+-A),not_bowl(+-B),near(A,B),action(#[near],B,A),A\==B)) 
 *  rmode((not_fork(+-A),not_bowl(+-B),near(A,B),done,A\==B)) 
 *  rmode((not_fork(+-A),not_bowl(+-B),not_near(A,B),not(A==B))) 
 *  rmode((not_fork(+-A),not_bowl(+-B),not_near(A,B),action(#[near],A,B),A\==B)) 
 *  rmode((not_fork(+-A),not_bowl(+-B),not_near(A,B),action(#[near],B,A),A\==B)) 
 *  rmode((not_fork(+-A),not_bowl(+-B),not_near(A,B),done,A\==B)) 
 *  rmode((not_fork(+-A),not_cup(+-B),action(#[near],A,B),A\==B)) 
 *  rmode((not_fork(+-A),not_cup(+-B),done,A\==B)) 
 *  rmode((not_fork(+-A),not_cup(+-B),near(A,B),not(A==B))) 
 *  rmode((not_fork(+-A),not_cup(+-B),near(A,B),action(#[near],A,B),A\==B)) 
 *  rmode((not_fork(+-A),not_cup(+-B),near(A,B),action(#[near],B,A),A\==B)) 
 *  rmode((not_fork(+-A),not_cup(+-B),near(A,B),done,A\==B)) 
 *  rmode((not_fork(+-A),not_cup(+-B),not_near(A,B),not(A==B))) 
 *  rmode((not_fork(+-A),not_cup(+-B),not_near(A,B),action(#[near],A,B),A\==B)) 
 *  rmode((not_fork(+-A),not_cup(+-B),not_near(A,B),action(#[near],B,A),A\==B)) 
 *  rmode((not_fork(+-A),not_cup(+-B),not_near(A,B),done,A\==B)) 
 *  rmode((not_fork(+-A),not_fork(+-B),action(#[near],A,B),A\==B)) 
 *  rmode((not_fork(+-A),not_fork(+-B),done,A\==B)) 
 *  rmode((not_fork(+-A),not_fork(+-B),near(A,B),not(A==B))) 
 *  rmode((not_fork(+-A),not_fork(+-B),near(A,B),action(#[near],A,B),A\==B)) 
 *  rmode((not_fork(+-A),not_fork(+-B),near(A,B),action(#[near],B,A),A\==B)) 
 *  rmode((not_fork(+-A),not_fork(+-B),near(A,B),done,A\==B)) 
 *  rmode((not_fork(+-A),not_fork(+-B),not_near(A,B),not(A==B))) 
 *  rmode((not_fork(+-A),not_fork(+-B),not_near(A,B),action(#[near],A,B),A\==B)) 
 *  rmode((not_fork(+-A),not_fork(+-B),not_near(A,B),action(#[near],B,A),A\==B)) 
 *  rmode((not_fork(+-A),not_fork(+-B),not_near(A,B),done,A\==B)) 
 *  rmode((not_fork(+-A),not_near(A,+-B),not(A==B))) 
 *  rmode((not_fork(+-A),not_near(A,+-B),action(#[near],A,B),A\==B)) 
 *  rmode((not_fork(+-A),not_near(A,+-B),action(#[near],B,A),A\==B)) 
 *  rmode((not_fork(+-A),not_near(A,+-B),done,A\==B)) 
 *  rmode((not_fork(+-A),not_plate(+-B),action(#[near],A,B),A\==B)) 
 *  rmode((not_fork(+-A),not_plate(+-B),done,A\==B)) 
 *  rmode((not_fork(+-A),not_plate(+-B),near(A,B),not(A==B))) 
 *  rmode((not_fork(+-A),not_plate(+-B),near(A,B),action(#[near],A,B),A\==B)) 
 *  rmode((not_fork(+-A),not_plate(+-B),near(A,B),action(#[near],B,A),A\==B)) 
 *  rmode((not_fork(+-A),not_plate(+-B),near(A,B),done,A\==B)) 
 *  rmode((not_fork(+-A),not_plate(+-B),not_near(A,B),not(A==B))) 
 *  rmode((not_fork(+-A),not_plate(+-B),not_near(A,B),action(#[near],A,B),A\==B)) 
 *  rmode((not_fork(+-A),not_plate(+-B),not_near(A,B),action(#[near],B,A),A\==B)) 
 *  rmode((not_fork(+-A),not_plate(+-B),not_near(A,B),done,A\==B)) 
 *  rmode((not_fork(+-A),plate(+-B),action(#[near],A,B),A\==B)) 
 *  rmode((not_fork(+-A),plate(+-B),done,A\==B)) 
 *  rmode((not_fork(+-A),plate(+-B),near(A,B),not(A==B))) 
 *  rmode((not_fork(+-A),plate(+-B),near(A,B),action(#[near],A,B),A\==B)) 
 *  rmode((not_fork(+-A),plate(+-B),near(A,B),action(#[near],B,A),A\==B)) 
 *  rmode((not_fork(+-A),plate(+-B),near(A,B),done,A\==B)) 
 *  rmode((not_fork(+-A),plate(+-B),not_near(A,B),not(A==B))) 
 *  rmode((not_fork(+-A),plate(+-B),not_near(A,B),action(#[near],A,B),A\==B)) 
 *  rmode((not_fork(+-A),plate(+-B),not_near(A,B),action(#[near],B,A),A\==B)) 
 *  rmode((not_fork(+-A),plate(+-B),not_near(A,B),done,A\==B)) 
 *  rmode((not_fork(+-A),action(#[near],+-B,A),B\==A)) 
 *  rmode((not_fork(+-A),near(+-B,A),not(B==A))) 
 *  rmode((not_fork(+-A),near(+-B,A),action(#[near],B,A),B\==A)) 
 *  rmode((not_fork(+-A),near(+-B,A),action(#[near],A,B),B\==A)) 
 *  rmode((not_fork(+-A),near(+-B,A),done,B\==A)) 
 *  rmode((not_fork(+-A),not_near(+-B,A),not(B==A))) 
 *  rmode((not_fork(+-A),not_near(+-B,A),action(#[near],B,A),B\==A)) 
 *  rmode((not_fork(+-A),not_near(+-B,A),action(#[near],A,B),B\==A)) 
 *  rmode((not_fork(+-A),not_near(+-B,A),done,B\==A)) 
 *  rmode((not_near(+-A,+-B),not(A==B))) 
 *  rmode(not_plate(+-A)) 
 *  rmode((not_plate(+-A),action(#[near],A,+-B),A\==B)) 
 *  rmode((not_plate(+-A),bowl(+-B),action(#[near],A,B),A\==B)) 
 *  rmode((not_plate(+-A),bowl(+-B),done,A\==B)) 
 *  rmode((not_plate(+-A),bowl(+-B),near(A,B),not(A==B))) 
 *  rmode((not_plate(+-A),bowl(+-B),near(A,B),action(#[near],A,B),A\==B)) 
 *  rmode((not_plate(+-A),bowl(+-B),near(A,B),action(#[near],B,A),A\==B)) 
 *  rmode((not_plate(+-A),bowl(+-B),near(A,B),done,A\==B)) 
 *  rmode((not_plate(+-A),bowl(+-B),not_near(A,B),not(A==B))) 
 *  rmode((not_plate(+-A),bowl(+-B),not_near(A,B),action(#[near],A,B),A\==B)) 
 *  rmode((not_plate(+-A),bowl(+-B),not_near(A,B),action(#[near],B,A),A\==B)) 
 *  rmode((not_plate(+-A),bowl(+-B),not_near(A,B),done,A\==B)) 
 *  rmode((not_plate(+-A),cup(+-B),action(#[near],A,B),A\==B)) 
 *  rmode((not_plate(+-A),cup(+-B),done,A\==B)) 
 *  rmode((not_plate(+-A),cup(+-B),near(A,B),not(A==B))) 
 *  rmode((not_plate(+-A),cup(+-B),near(A,B),action(#[near],A,B),A\==B)) 
 *  rmode((not_plate(+-A),cup(+-B),near(A,B),action(#[near],B,A),A\==B)) 
 *  rmode((not_plate(+-A),cup(+-B),near(A,B),done,A\==B)) 
 *  rmode((not_plate(+-A),cup(+-B),not_near(A,B),not(A==B))) 
 *  rmode((not_plate(+-A),cup(+-B),not_near(A,B),action(#[near],A,B),A\==B)) 
 *  rmode((not_plate(+-A),cup(+-B),not_near(A,B),action(#[near],B,A),A\==B)) 
 *  rmode((not_plate(+-A),cup(+-B),not_near(A,B),done,A\==B)) 
 *  rmode((not_plate(+-A),done)) 
 *  rmode((not_plate(+-A),fork(+-B),action(#[near],A,B),A\==B)) 
 *  rmode((not_plate(+-A),fork(+-B),done,A\==B)) 
 *  rmode((not_plate(+-A),fork(+-B),near(A,B),not(A==B))) 
 *  rmode((not_plate(+-A),fork(+-B),near(A,B),action(#[near],A,B),A\==B)) 
 *  rmode((not_plate(+-A),fork(+-B),near(A,B),action(#[near],B,A),A\==B)) 
 *  rmode((not_plate(+-A),fork(+-B),near(A,B),done,A\==B)) 
 *  rmode((not_plate(+-A),fork(+-B),not_near(A,B),not(A==B))) 
 *  rmode((not_plate(+-A),fork(+-B),not_near(A,B),action(#[near],A,B),A\==B)) 
 *  rmode((not_plate(+-A),fork(+-B),not_near(A,B),action(#[near],B,A),A\==B)) 
 *  rmode((not_plate(+-A),fork(+-B),not_near(A,B),done,A\==B)) 
 *  rmode((not_plate(+-A),near(A,+-B),not(A==B))) 
 *  rmode((not_plate(+-A),near(A,+-B),action(#[near],A,B),A\==B)) 
 *  rmode((not_plate(+-A),near(A,+-B),action(#[near],B,A),A\==B)) 
 *  rmode((not_plate(+-A),near(A,+-B),done,A\==B)) 
 *  rmode((not_plate(+-A),not_bowl(+-B),action(#[near],A,B),A\==B)) 
 *  rmode((not_plate(+-A),not_bowl(+-B),done,A\==B)) 
 *  rmode((not_plate(+-A),not_bowl(+-B),near(A,B),not(A==B))) 
 *  rmode((not_plate(+-A),not_bowl(+-B),near(A,B),action(#[near],A,B),A\==B)) 
 *  rmode((not_plate(+-A),not_bowl(+-B),near(A,B),action(#[near],B,A),A\==B)) 
 *  rmode((not_plate(+-A),not_bowl(+-B),near(A,B),done,A\==B)) 
 *  rmode((not_plate(+-A),not_bowl(+-B),not_near(A,B),not(A==B))) 
 *  rmode((not_plate(+-A),not_bowl(+-B),not_near(A,B),action(#[near],A,B),A\==B)) 
 *  rmode((not_plate(+-A),not_bowl(+-B),not_near(A,B),action(#[near],B,A),A\==B)) 
 *  rmode((not_plate(+-A),not_bowl(+-B),not_near(A,B),done,A\==B)) 
 *  rmode((not_plate(+-A),not_cup(+-B),action(#[near],A,B),A\==B)) 
 *  rmode((not_plate(+-A),not_cup(+-B),done,A\==B)) 
 *  rmode((not_plate(+-A),not_cup(+-B),near(A,B),not(A==B))) 
 *  rmode((not_plate(+-A),not_cup(+-B),near(A,B),action(#[near],A,B),A\==B)) 
 *  rmode((not_plate(+-A),not_cup(+-B),near(A,B),action(#[near],B,A),A\==B)) 
 *  rmode((not_plate(+-A),not_cup(+-B),near(A,B),done,A\==B)) 
 *  rmode((not_plate(+-A),not_cup(+-B),not_near(A,B),not(A==B))) 
 *  rmode((not_plate(+-A),not_cup(+-B),not_near(A,B),action(#[near],A,B),A\==B)) 
 *  rmode((not_plate(+-A),not_cup(+-B),not_near(A,B),action(#[near],B,A),A\==B)) 
 *  rmode((not_plate(+-A),not_cup(+-B),not_near(A,B),done,A\==B)) 
 *  rmode((not_plate(+-A),not_fork(+-B),action(#[near],A,B),A\==B)) 
 *  rmode((not_plate(+-A),not_fork(+-B),done,A\==B)) 
 *  rmode((not_plate(+-A),not_fork(+-B),near(A,B),not(A==B))) 
 *  rmode((not_plate(+-A),not_fork(+-B),near(A,B),action(#[near],A,B),A\==B)) 
 *  rmode((not_plate(+-A),not_fork(+-B),near(A,B),action(#[near],B,A),A\==B)) 
 *  rmode((not_plate(+-A),not_fork(+-B),near(A,B),done,A\==B)) 
 *  rmode((not_plate(+-A),not_fork(+-B),not_near(A,B),not(A==B))) 
 *  rmode((not_plate(+-A),not_fork(+-B),not_near(A,B),action(#[near],A,B),A\==B)) 
 *  rmode((not_plate(+-A),not_fork(+-B),not_near(A,B),action(#[near],B,A),A\==B)) 
 *  rmode((not_plate(+-A),not_fork(+-B),not_near(A,B),done,A\==B)) 
 *  rmode((not_plate(+-A),not_near(A,+-B),not(A==B))) 
 *  rmode((not_plate(+-A),not_near(A,+-B),action(#[near],A,B),A\==B)) 
 *  rmode((not_plate(+-A),not_near(A,+-B),action(#[near],B,A),A\==B)) 
 *  rmode((not_plate(+-A),not_near(A,+-B),done,A\==B)) 
 *  rmode((not_plate(+-A),not_plate(+-B),action(#[near],A,B),A\==B)) 
 *  rmode((not_plate(+-A),not_plate(+-B),done,A\==B)) 
 *  rmode((not_plate(+-A),not_plate(+-B),near(A,B),not(A==B))) 
 *  rmode((not_plate(+-A),not_plate(+-B),near(A,B),action(#[near],A,B),A\==B)) 
 *  rmode((not_plate(+-A),not_plate(+-B),near(A,B),action(#[near],B,A),A\==B)) 
 *  rmode((not_plate(+-A),not_plate(+-B),near(A,B),done,A\==B)) 
 *  rmode((not_plate(+-A),not_plate(+-B),not_near(A,B),not(A==B))) 
 *  rmode((not_plate(+-A),not_plate(+-B),not_near(A,B),action(#[near],A,B),A\==B)) 
 *  rmode((not_plate(+-A),not_plate(+-B),not_near(A,B),action(#[near],B,A),A\==B)) 
 *  rmode((not_plate(+-A),not_plate(+-B),not_near(A,B),done,A\==B)) 
 *  rmode((not_plate(+-A),plate(+-B),action(#[near],A,B),A\==B)) 
 *  rmode((not_plate(+-A),plate(+-B),done,A\==B)) 
 *  rmode((not_plate(+-A),plate(+-B),near(A,B),not(A==B))) 
 *  rmode((not_plate(+-A),plate(+-B),near(A,B),action(#[near],A,B),A\==B)) 
 *  rmode((not_plate(+-A),plate(+-B),near(A,B),action(#[near],B,A),A\==B)) 
 *  rmode((not_plate(+-A),plate(+-B),near(A,B),done,A\==B)) 
 *  rmode((not_plate(+-A),plate(+-B),not_near(A,B),not(A==B))) 
 *  rmode((not_plate(+-A),plate(+-B),not_near(A,B),action(#[near],A,B),A\==B)) 
 *  rmode((not_plate(+-A),plate(+-B),not_near(A,B),action(#[near],B,A),A\==B)) 
 *  rmode((not_plate(+-A),plate(+-B),not_near(A,B),done,A\==B)) 
 *  rmode((not_plate(+-A),action(#[near],+-B,A),B\==A)) 
 *  rmode((not_plate(+-A),near(+-B,A),not(B==A))) 
 *  rmode((not_plate(+-A),near(+-B,A),action(#[near],B,A),B\==A)) 
 *  rmode((not_plate(+-A),near(+-B,A),action(#[near],A,B),B\==A)) 
 *  rmode((not_plate(+-A),near(+-B,A),done,B\==A)) 
 *  rmode((not_plate(+-A),not_near(+-B,A),not(B==A))) 
 *  rmode((not_plate(+-A),not_near(+-B,A),action(#[near],B,A),B\==A)) 
 *  rmode((not_plate(+-A),not_near(+-B,A),action(#[near],A,B),B\==A)) 
 *  rmode((not_plate(+-A),not_near(+-B,A),done,B\==A)) 
 *  rmode(plate(+-A)) 
 *  rmode((plate(+-A),action(#[near],A,+-B),A\==B)) 
 *  rmode((plate(+-A),bowl(+-B),action(#[near],A,B),A\==B)) 
 *  rmode((plate(+-A),bowl(+-B),done,A\==B)) 
 *  rmode((plate(+-A),bowl(+-B),near(A,B),not(A==B))) 
 *  rmode((plate(+-A),bowl(+-B),near(A,B),action(#[near],A,B),A\==B)) 
 *  rmode((plate(+-A),bowl(+-B),near(A,B),action(#[near],B,A),A\==B)) 
 *  rmode((plate(+-A),bowl(+-B),near(A,B),done,A\==B)) 
 *  rmode((plate(+-A),bowl(+-B),not_near(A,B),not(A==B))) 
 *  rmode((plate(+-A),bowl(+-B),not_near(A,B),action(#[near],A,B),A\==B)) 
 *  rmode((plate(+-A),bowl(+-B),not_near(A,B),action(#[near],B,A),A\==B)) 
 *  rmode((plate(+-A),bowl(+-B),not_near(A,B),done,A\==B)) 
 *  rmode((plate(+-A),cup(+-B),action(#[near],A,B),A\==B)) 
 *  rmode((plate(+-A),cup(+-B),done,A\==B)) 
 *  rmode((plate(+-A),cup(+-B),near(A,B),not(A==B))) 
 *  rmode((plate(+-A),cup(+-B),near(A,B),action(#[near],A,B),A\==B)) 
 *  rmode((plate(+-A),cup(+-B),near(A,B),action(#[near],B,A),A\==B)) 
 *  rmode((plate(+-A),cup(+-B),near(A,B),done,A\==B)) 
 *  rmode((plate(+-A),cup(+-B),not_near(A,B),not(A==B))) 
 *  rmode((plate(+-A),cup(+-B),not_near(A,B),action(#[near],A,B),A\==B)) 
 *  rmode((plate(+-A),cup(+-B),not_near(A,B),action(#[near],B,A),A\==B)) 
 *  rmode((plate(+-A),cup(+-B),not_near(A,B),done,A\==B)) 
 *  rmode((plate(+-A),done)) 
 *  rmode((plate(+-A),fork(+-B),action(#[near],A,B),A\==B)) 
 *  rmode((plate(+-A),fork(+-B),done,A\==B)) 
 *  rmode((plate(+-A),fork(+-B),near(A,B),not(A==B))) 
 *  rmode((plate(+-A),fork(+-B),near(A,B),action(#[near],A,B),A\==B)) 
 *  rmode((plate(+-A),fork(+-B),near(A,B),action(#[near],B,A),A\==B)) 
 *  rmode((plate(+-A),fork(+-B),near(A,B),done,A\==B)) 
 *  rmode((plate(+-A),fork(+-B),not_near(A,B),not(A==B))) 
 *  rmode((plate(+-A),fork(+-B),not_near(A,B),action(#[near],A,B),A\==B)) 
 *  rmode((plate(+-A),fork(+-B),not_near(A,B),action(#[near],B,A),A\==B)) 
 *  rmode((plate(+-A),fork(+-B),not_near(A,B),done,A\==B)) 
 *  rmode((plate(+-A),near(A,+-B),not(A==B))) 
 *  rmode((plate(+-A),near(A,+-B),action(#[near],A,B),A\==B)) 
 *  rmode((plate(+-A),near(A,+-B),action(#[near],B,A),A\==B)) 
 *  rmode((plate(+-A),near(A,+-B),done,A\==B)) 
 *  rmode((plate(+-A),not_bowl(+-B),action(#[near],A,B),A\==B)) 
 *  rmode((plate(+-A),not_bowl(+-B),done,A\==B)) 
 *  rmode((plate(+-A),not_bowl(+-B),near(A,B),not(A==B))) 
 *  rmode((plate(+-A),not_bowl(+-B),near(A,B),action(#[near],A,B),A\==B)) 
 *  rmode((plate(+-A),not_bowl(+-B),near(A,B),action(#[near],B,A),A\==B)) 
 *  rmode((plate(+-A),not_bowl(+-B),near(A,B),done,A\==B)) 
 *  rmode((plate(+-A),not_bowl(+-B),not_near(A,B),not(A==B))) 
 *  rmode((plate(+-A),not_bowl(+-B),not_near(A,B),action(#[near],A,B),A\==B)) 
 *  rmode((plate(+-A),not_bowl(+-B),not_near(A,B),action(#[near],B,A),A\==B)) 
 *  rmode((plate(+-A),not_bowl(+-B),not_near(A,B),done,A\==B)) 
 *  rmode((plate(+-A),not_cup(+-B),action(#[near],A,B),A\==B)) 
 *  rmode((plate(+-A),not_cup(+-B),done,A\==B)) 
 *  rmode((plate(+-A),not_cup(+-B),near(A,B),not(A==B))) 
 *  rmode((plate(+-A),not_cup(+-B),near(A,B),action(#[near],A,B),A\==B)) 
 *  rmode((plate(+-A),not_cup(+-B),near(A,B),action(#[near],B,A),A\==B)) 
 *  rmode((plate(+-A),not_cup(+-B),near(A,B),done,A\==B)) 
 *  rmode((plate(+-A),not_cup(+-B),not_near(A,B),not(A==B))) 
 *  rmode((plate(+-A),not_cup(+-B),not_near(A,B),action(#[near],A,B),A\==B)) 
 *  rmode((plate(+-A),not_cup(+-B),not_near(A,B),action(#[near],B,A),A\==B)) 
 *  rmode((plate(+-A),not_cup(+-B),not_near(A,B),done,A\==B)) 
 *  rmode((plate(+-A),not_fork(+-B),action(#[near],A,B),A\==B)) 
 *  rmode((plate(+-A),not_fork(+-B),done,A\==B)) 
 *  rmode((plate(+-A),not_fork(+-B),near(A,B),not(A==B))) 
 *  rmode((plate(+-A),not_fork(+-B),near(A,B),action(#[near],A,B),A\==B)) 
 *  rmode((plate(+-A),not_fork(+-B),near(A,B),action(#[near],B,A),A\==B)) 
 *  rmode((plate(+-A),not_fork(+-B),near(A,B),done,A\==B)) 
 *  rmode((plate(+-A),not_fork(+-B),not_near(A,B),not(A==B))) 
 *  rmode((plate(+-A),not_fork(+-B),not_near(A,B),action(#[near],A,B),A\==B)) 
 *  rmode((plate(+-A),not_fork(+-B),not_near(A,B),action(#[near],B,A),A\==B)) 
 *  rmode((plate(+-A),not_fork(+-B),not_near(A,B),done,A\==B)) 
 *  rmode((plate(+-A),not_near(A,+-B),not(A==B))) 
 *  rmode((plate(+-A),not_near(A,+-B),action(#[near],A,B),A\==B)) 
 *  rmode((plate(+-A),not_near(A,+-B),action(#[near],B,A),A\==B)) 
 *  rmode((plate(+-A),not_near(A,+-B),done,A\==B)) 
 *  rmode((plate(+-A),not_plate(+-B),action(#[near],A,B),A\==B)) 
 *  rmode((plate(+-A),not_plate(+-B),done,A\==B)) 
 *  rmode((plate(+-A),not_plate(+-B),near(A,B),not(A==B))) 
 *  rmode((plate(+-A),not_plate(+-B),near(A,B),action(#[near],A,B),A\==B)) 
 *  rmode((plate(+-A),not_plate(+-B),near(A,B),action(#[near],B,A),A\==B)) 
 *  rmode((plate(+-A),not_plate(+-B),near(A,B),done,A\==B)) 
 *  rmode((plate(+-A),not_plate(+-B),not_near(A,B),not(A==B))) 
 *  rmode((plate(+-A),not_plate(+-B),not_near(A,B),action(#[near],A,B),A\==B)) 
 *  rmode((plate(+-A),not_plate(+-B),not_near(A,B),action(#[near],B,A),A\==B)) 
 *  rmode((plate(+-A),not_plate(+-B),not_near(A,B),done,A\==B)) 
 *  rmode((plate(+-A),plate(+-B),action(#[near],A,B),A\==B)) 
 *  rmode((plate(+-A),plate(+-B),done,A\==B)) 
 *  rmode((plate(+-A),plate(+-B),near(A,B),not(A==B))) 
 *  rmode((plate(+-A),plate(+-B),near(A,B),action(#[near],A,B),A\==B)) 
 *  rmode((plate(+-A),plate(+-B),near(A,B),action(#[near],B,A),A\==B)) 
 *  rmode((plate(+-A),plate(+-B),near(A,B),done,A\==B)) 
 *  rmode((plate(+-A),plate(+-B),not_near(A,B),not(A==B))) 
 *  rmode((plate(+-A),plate(+-B),not_near(A,B),action(#[near],A,B),A\==B)) 
 *  rmode((plate(+-A),plate(+-B),not_near(A,B),action(#[near],B,A),A\==B)) 
 *  rmode((plate(+-A),plate(+-B),not_near(A,B),done,A\==B)) 
 *  rmode((plate(+-A),action(#[near],+-B,A),B\==A)) 
 *  rmode((plate(+-A),near(+-B,A),not(B==A))) 
 *  rmode((plate(+-A),near(+-B,A),action(#[near],B,A),B\==A)) 
 *  rmode((plate(+-A),near(+-B,A),action(#[near],A,B),B\==A)) 
 *  rmode((plate(+-A),near(+-B,A),done,B\==A)) 
 *  rmode((plate(+-A),not_near(+-B,A),not(B==A))) 
 *  rmode((plate(+-A),not_near(+-B,A),action(#[near],B,A),B\==A)) 
 *  rmode((plate(+-A),not_near(+-B,A),action(#[near],A,B),B\==A)) 
 *  rmode((plate(+-A),not_near(+-B,A),done,B\==A)) 
 *  max_lookahead(1) 
 *  constraint(near(A,B),isValid(A,B)) 
 *  constraint(action(near,A,B),isValid(A,B)) 
 *  typed_language(yes) 
 *  type(fork(number)) 
 *  type(not_fork(number)) 
 *  type(plate(number)) 
 *  type(not_plate(number)) 
 *  type(bowl(number)) 
 *  type(not_bowl(number)) 
 *  type(cup(number)) 
 *  type(not_cup(number)) 
 *  type(near(number,number)) 
 *  type(not_near(number,number)) 
 *  type(action(string,number,number)) 
 *  type(object(number)) 
 *  type(isValid(number,number)) 
 *  type(action(string,number,number)) 
 *  type(number==number) 
 *  type(number\==number) 
 *  type(not(number==number)) 
 *  type(member(A,B)) 
 *  type(for_int(A,B,C)) 
 ******************** 
 **/

Average discretization time: 0.0
Average induction time: 268.74

Model:
    Complexity: 29.0 nodes, 85.0 literals
    C4.5 error estimate: 47.7195324959394, relative: 0.0671160794598304
Training:
    Number of examples: 607

    REAL\PRED | pos       neg       
    ----------------------------------------------
    pos       | 303       0         | 303
    neg       | 8         296       | 304
    ----------------------------------------------
              | 311       296       | 607

    Accuracy: 0.986820428336079 (stderr: 0.00462887409402975, default: 0.500823723228995)
    Cramer's coefficient: 0.97398032390228
    Class: pos: TP = 1.0, FP = 0.0263157894736842
     -------- Roc curve
    0.0	0.0
    0.0	0.363036303630363
    0.0	0.537953795379538
    0.00657894736842105	0.788778877887789
    0.0131578947368421	0.900990099009901
    0.0164473684210526	0.937293729372937
    0.0263157894736842	1.0
    1.0	1.0
    ------------------
    Total Area Under Curve = 0.996189421573736
    ------------------
    Chi-Square = 0.153465457041082
    P-Value (8 DF) = 0.999998636575582
Testing:
    Number of examples: 125

    REAL\PRED | pos       neg       
    ----------------------------------------------
    pos       | 66        0         | 66
    neg       | 5         54        | 59
    ----------------------------------------------
              | 71        54        | 125

    Accuracy: 0.96 (stderr: 0.0175271218401653, default: 0.528)
    Cramer's coefficient: 0.922388049323846
    Class: pos: TP = 1.0, FP = 0.0847457627118644
     -------- Roc curve
    0.0	0.0
    0.0338983050847458	0.454545454545455
    0.0338983050847458	0.727272727272727
    0.0677966101694915	0.878787878787879
    0.0677966101694915	0.909090909090909
    0.0847457627118644	0.939393939393939
    0.0847457627118644	1.0
    1.0	1.0
Warning: Hosmer Lemeshow statistic: Division by zero
    ------------------
    Total Area Under Curve = 0.965844889573703
    ------------------
    Chi-Square = 6.30157663198073
    P-Value (8 DF) = 0.613490466509265


Compact notation of tree:

plate(-A),action(near,A,-B),A\==B ? 
+--yes: [neg] 137.0 [[pos:0.0,neg:137.0]]
+--no:  fork(-C),action(near,-D,C),D\==C ? 
        +--yes: [neg] 72.0 [[pos:0.0,neg:72.0]]
        +--no:  cup(-E),action(near,-F,E),F\==E ? 
                +--yes: [neg] 31.0 [[pos:0.0,neg:31.0]]
                +--no:  plate(-G),near(G,-H),action(near,H,G),G\==H ? 
                        +--yes: [neg] 28.0 [[pos:0.0,neg:28.0]]
                        +--no:  bowl(-I),action(near,-J,I),J\==I ? 
                                +--yes: [neg] 20.0 [[pos:0.0,neg:20.0]]
                                +--no:  cup(-K),action(near,K,-L),K\==L ? 
                                        +--yes: [neg] 14.0 [[pos:0.0,neg:14.0]]
                                        +--no:  bowl(-M),action(near,M,-N),M\==N ? 
                                                +--yes: [neg] 8.0 [[pos:0.0,neg:8.0]]
                                                +--no:  bowl(-O),fork(-P),near(O,P),done,O\==P ? 
                                                        +--yes: [neg] 1.0 [[pos:0.0,neg:1.0]]
                                                        +--no:  cup(-Q),fork(-R),near(Q,R),done,Q\==R ? 
                                                                +--yes: [neg] 1.0 [[pos:0.0,neg:1.0]]
                                                                +--no:  fork(-S),fork(-T),near(S,T),done,S\==T ? 
                                                                        +--yes: [neg] 1.0 [[pos:0.0,neg:1.0]]
                                                                        +--no:  fork(-U),plate(-V),not_near(U,V),not(U==V) ? 
                                                                                +--yes: fork(-W),near(W,-X),done,W\==X ? 
                                                                                |       +--yes: bowl(-Y) ? 
                                                                                |       |       +--yes: not_near(Y,X),not(Y==X) ? 
                                                                                |       |       |       +--yes: [pos] 67.0 [[pos:66.0,neg:1.0]]
                                                                                |       |       |       +--no:  [neg] 2.0 [[pos:0.0,neg:2.0]]
                                                                                |       |       +--no:  [pos] 27.0 [[pos:27.0,neg:0.0]]
                                                                                |       +--no:  done ? 
                                                                                |               +--yes: [neg] 5.0 [[pos:0.0,neg:5.0]]
                                                                                |               +--no:  bowl(-Z),near(Z,U),not(Z==U) ? 
                                                                                |                       +--yes: [pos] 11.0 [[pos:11.0,neg:0.0]]
                                                                                |                       +--no:  cup(-A1),near(A1,V),not(A1==V) ? 
                                                                                |                               +--yes: plate(-B1),near(B1,U),not(B1==U) ? 
                                                                                |                               |       +--yes: [neg] 2.0 [[pos:0.0,neg:2.0]]
                                                                                |                               |       +--no:  near(U,-C1),not(U==C1) ? 
                                                                                |                               |               +--yes: action(near,U,V),not(U==V) ? 
                                                                                |                               |               |       +--yes: [pos] 32.0 [[pos:32.0,neg:0.0]]
                                                                                |                               |               |       +--no:  [neg] 3.0 [[pos:0.0,neg:3.0]]
                                                                                |                               |               +--no:  action(near,U,V),not(U==V) ? 
                                                                                |                               |                       +--yes: [neg] 1.0 [[pos:0.0,neg:1.0]]
                                                                                |                               |                       +--no:  [pos] 34.0 [[pos:34.0,neg:0.0]]
                                                                                |                               +--no:  fork(-D1),not_near(D1,U),not(D1==U) ? 
                                                                                |                                       +--yes: action(near,D1,V),not(D1==V) ? 
                                                                                |                                       |       +--yes: plate(-E1),near(E1,D1),not(E1==D1) ? 
                                                                                |                                       |       |       +--yes: [neg] 12.0 [[pos:0.0,neg:12.0]]
                                                                                |                                       |       |       +--no:  fork(-F1),near(F1,V),not(F1==V) ? 
                                                                                |                                       |       |               +--yes: [neg] 3.0 [[pos:0.0,neg:3.0]]
                                                                                |                                       |       |               +--no:  fork(-G1),near(G1,U),not(G1==U) ? 
                                                                                |                                       |       |                       +--yes: [neg] 3.0 [[pos:0.0,neg:3.0]]
                                                                                |                                       |       |                       +--no:  near(-H1,-I1),not(H1==I1) ? 
                                                                                |                                       |       |                               +--yes: bowl(I1),not_near(I1,V),not(I1==V) ? 
                                                                                |                                       |       |                               |       +--yes: near(D1,-J1),not(D1==J1) ? 
                                                                                |                                       |       |                               |       |       +--yes: [neg] 2.0 [[pos:0.0,neg:2.0]]
                                                                                |                                       |       |                               |       |       +--no:  [pos] 42.0 [[pos:40.0,neg:2.0]]
                                                                                |                                       |       |                               |       +--no:  [pos] 88.0 [[pos:86.0,neg:2.0]]
                                                                                |                                       |       |                               +--no:  [pos] 24.0 [[pos:20.0,neg:4.0]]
                                                                                |                                       |       +--no:  [neg] 3.0 [[pos:0.0,neg:3.0]]
                                                                                |                                       +--no:  [pos] 13.0 [[pos:12.0,neg:1.0]]
                                                                                +--no:  [pos] 24.0 [[pos:24.0,neg:0.0]]

Equivalent prolog program:

class([neg]) :- plate(A),action(near,A,B),A\==B, !.
% 137.0/137.0=1.0
class([neg]) :- fork(A),action(near,B,A),B\==A, !.
% 72.0/72.0=1.0
class([neg]) :- cup(A),action(near,B,A),B\==A, !.
% 31.0/31.0=1.0
class([neg]) :- plate(A),near(A,B),action(near,B,A),A\==B, !.
% 28.0/28.0=1.0
class([neg]) :- bowl(A),action(near,B,A),B\==A, !.
% 20.0/20.0=1.0
class([neg]) :- cup(A),action(near,A,B),A\==B, !.
% 14.0/14.0=1.0
class([neg]) :- bowl(A),action(near,A,B),A\==B, !.
% 8.0/8.0=1.0
class([neg]) :- bowl(A),fork(B),near(A,B),done,A\==B, !.
% 1.0/1.0=1.0
class([neg]) :- cup(A),fork(B),near(A,B),done,A\==B, !.
% 1.0/1.0=1.0
class([neg]) :- fork(A),fork(B),near(A,B),done,A\==B, !.
% 1.0/1.0=1.0
class([pos]) :- fork(A),plate(B),not_near(A,B),not(A==B),fork(C),near(C,D),done,C\==D,bowl(E),not_near(E,D),not(E==D), !.
% 66.0/67.0=0.985074626865672
class([neg]) :- fork(A),plate(B),not_near(A,B),not(A==B),fork(C),near(C,D),done,C\==D,bowl(E), !.
% 2.0/2.0=1.0
class([pos]) :- fork(A),plate(B),not_near(A,B),not(A==B),fork(C),near(C,D),done,C\==D, !.
% 27.0/27.0=1.0
class([neg]) :- fork(A),plate(B),not_near(A,B),not(A==B),done, !.
% 5.0/5.0=1.0
class([pos]) :- fork(A),plate(B),not_near(A,B),not(A==B),bowl(C),near(C,A),not(C==A), !.
% 11.0/11.0=1.0
class([neg]) :- fork(A),plate(B),not_near(A,B),not(A==B),cup(C),near(C,B),not(C==B),plate(D),near(D,A),not(D==A), !.
% 2.0/2.0=1.0
class([pos]) :- fork(A),plate(B),not_near(A,B),not(A==B),cup(C),near(C,B),not(C==B),near(A,D),not(A==D),action(near,A,B),not(A==B), !.
% 32.0/32.0=1.0
class([neg]) :- fork(A),plate(B),not_near(A,B),not(A==B),cup(C),near(C,B),not(C==B),near(A,D),not(A==D), !.
% 3.0/3.0=1.0
class([neg]) :- fork(A),plate(B),not_near(A,B),not(A==B),cup(C),near(C,B),not(C==B),action(near,A,B),not(A==B), !.
% 1.0/1.0=1.0
class([pos]) :- fork(A),plate(B),not_near(A,B),not(A==B),cup(C),near(C,B),not(C==B), !.
% 34.0/34.0=1.0
class([neg]) :- fork(A),plate(B),not_near(A,B),not(A==B),fork(C),not_near(C,A),not(C==A),action(near,C,B),not(C==B),plate(D),near(D,C),not(D==C), !.
% 12.0/12.0=1.0
class([neg]) :- fork(A),plate(B),not_near(A,B),not(A==B),fork(C),not_near(C,A),not(C==A),action(near,C,B),not(C==B),fork(D),near(D,B),not(D==B), !.
% 3.0/3.0=1.0
class([neg]) :- fork(A),plate(B),not_near(A,B),not(A==B),fork(C),not_near(C,A),not(C==A),action(near,C,B),not(C==B),fork(D),near(D,A),not(D==A), !.
% 3.0/3.0=1.0
class([neg]) :- fork(A),plate(B),not_near(A,B),not(A==B),fork(C),not_near(C,A),not(C==A),action(near,C,B),not(C==B),near(D,E),not(D==E),bowl(E),not_near(E,B),not(E==B),near(C,F),not(C==F), !.
% 2.0/2.0=1.0
class([pos]) :- fork(A),plate(B),not_near(A,B),not(A==B),fork(C),not_near(C,A),not(C==A),action(near,C,B),not(C==B),near(D,E),not(D==E),bowl(E),not_near(E,B),not(E==B), !.
% 40.0/42.0=0.952380952380952
class([pos]) :- fork(A),plate(B),not_near(A,B),not(A==B),fork(C),not_near(C,A),not(C==A),action(near,C,B),not(C==B),near(D,E),not(D==E), !.
% 86.0/88.0=0.977272727272727
class([pos]) :- fork(A),plate(B),not_near(A,B),not(A==B),fork(C),not_near(C,A),not(C==A),action(near,C,B),not(C==B), !.
% 20.0/24.0=0.833333333333333
class([neg]) :- fork(A),plate(B),not_near(A,B),not(A==B),fork(C),not_near(C,A),not(C==A), !.
% 3.0/3.0=1.0
class([pos]) :- fork(A),plate(B),not_near(A,B),not(A==B), !.
% 12.0/13.0=0.923076923076923
class([pos]).
% 24.0/24.0=1.0


